
Bookモデルのテスト
  バリデーションのテスト
    titleカラム
[32m      空欄でないこと[0m
    bodyカラム
[32m      空欄でないこと[0m
[32m      200文字以下であること: 200文字は〇[0m
[32m      200文字以下であること: 201文字は×[0m
  アソシエーションのテスト
    Userモデルとの関係
[32m      N:1となっている[0m

Userモデルのテスト
  バリデーションのテスト
    nameカラム
[32m      空欄でないこと[0m
[32m      2文字以上であること: 1文字は×[0m
[32m      2文字以上であること: 2文字は〇[0m
[32m      20文字以下であること: 20文字は〇[0m
[32m      20文字以下であること: 21文字は×[0m
[32m      一意性があること[0m
    introductionカラム
[32m      50文字以下であること: 50文字は〇[0m
[32m      50文字以下であること: 51文字は×[0m
  アソシエーションのテスト
    Bookモデルとの関係
[32m      1:Nとなっている[0m

[STEP1] ユーザログイン前のテスト
  トップ画面のテスト
    表示内容の確認
[31m      URLが正しい (FAILED - 1)[0m
[31m      Log inリンクが表示される: 左上から5番目のリンクが「Log in」である (FAILED - 2)[0m
[31m      Log inリンクの内容が正しい (FAILED - 3)[0m
[31m      Sign Upリンクが表示される: 左上から6番目のリンクが「Sign Up」である (FAILED - 4)[0m
[31m      Sign Upリンクの内容が正しい (FAILED - 5)[0m
  アバウト画面のテスト
    表示内容の確認
[32m      URLが正しい[0m
  ヘッダーのテスト: ログインしていない場合
    表示内容の確認
[31m      タイトルが表示される (FAILED - 6)[0m
[31m      Homeリンクが表示される: 左上から1番目のリンクが「Home」である (FAILED - 7)[0m
[31m      Aboutリンクが表示される: 左上から2番目のリンクが「About」である (FAILED - 8)[0m
[31m      sign upリンクが表示される: 左上から3番目のリンクが「sign up」である (FAILED - 9)[0m
[31m      loginリンクが表示される: 左上から4番目のリンクが「login」である (FAILED - 10)[0m
    リンクの内容を確認
[31m      Homeを押すと、トップ画面に遷移する (FAILED - 11)[0m
[31m      Aboutを押すと、アバウト画面に遷移する (FAILED - 12)[0m
[31m      sign upを押すと、新規登録画面に遷移する (FAILED - 13)[0m
[31m      loginを押すと、ログイン画面に遷移する (FAILED - 14)[0m
  ユーザ新規登録のテスト
    表示内容の確認
[32m      URLが正しい[0m
[32m      「Sign up」と表示される[0m
[32m      nameフォームが表示される[0m
[32m      emailフォームが表示される[0m
[32m      passwordフォームが表示される[0m
[32m      password_confirmationフォームが表示される[0m
[32m      Sign upボタンが表示される[0m
    新規登録成功のテスト
[32m      正しく新規登録される[0m
[32m      新規登録後のリダイレクト先が、新規登録できたユーザの詳細画面になっている[0m
  ユーザログイン
    表示内容の確認
[32m      URLが正しい[0m
[32m      「Log in」と表示される[0m
[32m      nameフォームが表示される[0m
[32m      passwordフォームが表示される[0m
[32m      Log inボタンが表示される[0m
[32m      emailフォームは表示されない[0m
    ログイン成功のテスト
[32m      ログイン後のリダイレクト先が、ログインしたユーザの詳細画面になっている[0m
    ログイン失敗のテスト
[32m      ログインに失敗し、ログイン画面にリダイレクトされる[0m
  ヘッダーのテスト: ログインしている場合
    ヘッダーの表示を確認
[32m      タイトルが表示される[0m
[32m      Homeリンクが表示される: 左上から1番目のリンクが「Home」である[0m
[32m      Usersリンクが表示される: 左上から2番目のリンクが「Users」である[0m
[32m      Booksリンクが表示される: 左上から3番目のリンクが「Books」である[0m
[32m      log outリンクが表示される: 左上から4番目のリンクが「logout」である[0m
  ユーザログアウトのテスト
    ログアウト機能のテスト
[31m      正しくログアウトできている: ログアウト後のリダイレクト先においてAbout画面へのリンクが存在する (FAILED - 15)[0m
[31m      ログアウト後のリダイレクト先が、トップになっている (FAILED - 16)[0m

[STEP2] ユーザログイン後のテスト
  ヘッダーのテスト: ログインしている場合
    リンクの内容を確認: ※logoutは『ユーザログアウトのテスト』でテスト済みになります。
[32m      Homeを押すと、自分のユーザ詳細画面に遷移する[0m
[32m      Usersを押すと、ユーザ一覧画面に遷移する[0m
[32m      Booksを押すと、投稿一覧画面に遷移する[0m
  投稿一覧画面のテスト
    表示内容の確認
[32m      URLが正しい[0m
[32m      自分と他人の画像のリンク先が正しい[0m
[32m      自分の投稿と他人の投稿のタイトルのリンク先がそれぞれ正しい[0m
[32m      自分の投稿と他人の投稿のオピニオンが表示される[0m
    サイドバーの確認
[32m      自分の名前と紹介文が表示される[0m
[32m      自分のユーザ編集画面へのリンクが存在する[0m
[32m      「New book」と表示される[0m
[32m      titleフォームが表示される[0m
[32m      titleフォームに値が入っていない[0m
[32m      opinionフォームが表示される[0m
[32m      opinionフォームに値が入っていない[0m
[32m      Create Bookボタンが表示される[0m
    投稿成功のテスト
[32m      自分の新しい投稿が正しく保存される[0m
[32m      リダイレクト先が、保存できた投稿の詳細画面になっている[0m
  自分の投稿詳細画面のテスト
    表示内容の確認
[32m      URLが正しい[0m
[32m      「Book detail」と表示される[0m
[32m      ユーザ画像・名前のリンク先が正しい[0m
[32m      投稿のtitleが表示される[0m
[32m      投稿のopinionが表示される[0m
[32m      投稿の編集リンクが表示される[0m
[32m      投稿の削除リンクが表示される[0m
    サイドバーの確認
[32m      自分の名前と紹介文が表示される[0m
[32m      自分のユーザ編集画面へのリンクが存在する[0m
[32m      「New book」と表示される[0m
[32m      titleフォームが表示される[0m
[32m      titleフォームに値が入っていない[0m
[32m      opinionフォームが表示される[0m
[32m      opinionフォームに値が入っていない[0m
[32m      Create Bookボタンが表示される[0m
    投稿成功のテスト
[32m      自分の新しい投稿が正しく保存される[0m
    編集リンクのテスト
[32m      編集画面に遷移する[0m
    削除リンクのテスト
[32m      正しく削除される[0m
[32m      リダイレクト先が、投稿一覧画面になっている[0m
  自分の投稿編集画面のテスト
    表示の確認
[32m      URLが正しい[0m
[32m      「Editing Book」と表示される[0m
[32m      title編集フォームが表示される[0m
[32m      opinion編集フォームが表示される[0m
[32m      Update Bookボタンが表示される[0m
[32m      Showリンクが表示される[0m
[32m      Backリンクが表示される[0m
    編集成功のテスト
[32m      titleが正しく更新される[0m
[32m      bodyが正しく更新される[0m
[32m      リダイレクト先が、更新した投稿の詳細画面になっている[0m
  ユーザ一覧画面のテスト
    表示内容の確認
[32m      URLが正しい[0m
[32m      自分と他人の画像が表示される: fallbackの画像がサイドバーの1つ＋一覧(2人)の2つの計3つ存在する[0m
[32m      自分と他人の名前がそれぞれ表示される[0m
[32m      自分と他人のshowリンクがそれぞれ表示される[0m
    サイドバーの確認
[32m      自分の名前と紹介文が表示される[0m
[32m      自分のユーザ編集画面へのリンクが存在する[0m
[32m      「New book」と表示される[0m
[32m      titleフォームが表示される[0m
[32m      titleフォームに値が入っていない[0m
[32m      opinionフォームが表示される[0m
[32m      opinionフォームに値が入っていない[0m
[32m      Create Bookボタンが表示される[0m
  自分のユーザ詳細画面のテスト
    表示の確認
[32m      URLが正しい[0m
[32m      投稿一覧のユーザ画像のリンク先が正しい[0m
[32m      投稿一覧に自分の投稿のtitleが表示され、リンクが正しい[0m
[32m      投稿一覧に自分の投稿のopinionが表示される[0m
[32m      他人の投稿は表示されない[0m
    サイドバーの確認
[32m      自分の名前と紹介文が表示される[0m
[32m      自分のユーザ編集画面へのリンクが存在する[0m
[32m      「New book」と表示される[0m
[32m      titleフォームが表示される[0m
[32m      titleフォームに値が入っていない[0m
[32m      opinionフォームが表示される[0m
[32m      opinionフォームに値が入っていない[0m
[32m      Create Bookボタンが表示される[0m
  自分のユーザ情報編集画面のテスト
    表示の確認
[32m      URLが正しい[0m
[32m      名前編集フォームに自分の名前が表示される[0m
[32m      画像編集フォームが表示される[0m
[32m      自己紹介編集フォームに自分の自己紹介文が表示される[0m
[32m      Update Userボタンが表示される[0m
    更新成功のテスト
[32m      nameが正しく更新される[0m
[32m      introductionが正しく更新される[0m
[32m      リダイレクト先が、自分のユーザ詳細画面になっている[0m

[STEP3] 仕上げのテスト
  サクセスメッセージのテスト
[32m    ユーザ新規登録成功時[0m
[32m    ユーザログイン成功時[0m
[31m    ユーザログアウト成功時 (FAILED - 17)[0m
[32m    ユーザのプロフィール情報更新成功時[0m
[32m    投稿データの新規投稿成功時: 投稿一覧画面から行います。[0m
[32m    投稿データの更新成功時[0m
  処理失敗時のテスト
    ユーザ新規登録失敗: nameを1文字にする
[32m      新規登録されない[0m
[32m      新規登録画面を表示しており、フォームの内容が正しい[0m
[32m      バリデーションエラーが表示される[0m
    ユーザのプロフィール情報編集失敗: nameを1文字にする
[32m      更新されない[0m
[32m      ユーザ編集画面を表示しており、フォームの内容が正しい[0m
[32m      バリデーションエラーが表示される[0m
    投稿データの新規投稿失敗: 投稿一覧画面から行い、titleを空にする
[32m      投稿が保存されない[0m
[32m      投稿一覧画面を表示している[0m
[32m      新規投稿フォームの内容が正しい[0m
[32m      バリデーションエラーが表示される[0m
    投稿データの更新失敗: titleを空にする
[32m      投稿が更新されない[0m
[32m      投稿編集画面を表示しており、フォームの内容が正しい[0m
[32m      エラーメッセージが表示される[0m
  ログインしていない場合のアクセス制限のテスト: アクセスできず、ログイン画面に遷移する
[32m    ユーザ一覧画面[0m
[32m    ユーザ詳細画面[0m
[32m    ユーザ情報編集画面[0m
[32m    投稿一覧画面[0m
[32m    投稿詳細画面[0m
[32m    投稿編集画面[0m
  他人の画面のテスト
    他人の投稿詳細画面のテスト
      表示内容の確認
[32m        URLが正しい[0m
[32m        「Book detail」と表示される[0m
[32m        ユーザ画像・名前のリンク先が正しい[0m
[32m        投稿のtitleが表示される[0m
[32m        投稿のopinionが表示される[0m
[32m        投稿の編集リンクが表示されない[0m
[32m        投稿の削除リンクが表示されない[0m
      サイドバーの確認
[32m        他人の名前と紹介文が表示される[0m
[32m        他人のユーザ編集画面へのリンクが存在する[0m
[32m        自分の名前と紹介文は表示されない[0m
[32m        自分のユーザ編集画面へのリンクは存在しない[0m
    他人の投稿編集画面
[32m      遷移できず、投稿一覧画面にリダイレクトされる[0m
    他人のユーザ詳細画面のテスト
      表示の確認
[32m        URLが正しい[0m
[32m        投稿一覧のユーザ画像のリンク先が正しい[0m
[32m        投稿一覧に他人の投稿のtitleが表示され、リンクが正しい[0m
[32m        投稿一覧に他人の投稿のopinionが表示される[0m
[32m        自分の投稿は表示されない[0m
      サイドバーの確認
[32m        他人の名前と紹介文が表示される[0m
[32m        他人のユーザ編集画面へのリンクが存在する[0m
[32m        自分の名前と紹介文は表示されない[0m
[32m        自分のユーザ編集画面へのリンクは存在しない[0m
    他人のユーザ情報編集画面
[32m      遷移できず、自分のユーザ詳細画面にリダイレクトされる[0m
  グリッドシステムのテスト: container, row, col-md-〇を正しく使えている
[32m    ユーザ一覧画面[0m
[32m    ユーザ詳細画面[0m
[32m    投稿一覧画面[0m
[32m    投稿詳細画面[0m
  アイコンのテスト
    トップ画面
[31m      本のアイコンが表示される (FAILED - 18)[0m
    アバウト画面
[32m      本のアイコンが表示される[0m
    ヘッダー: ログインしていない場合
[31m      Homeリンクのアイコンが表示される (FAILED - 19)[0m
[31m      Aboutリンクのアイコンが表示される (FAILED - 20)[0m
[31m      sign upリンクのアイコンが表示される (FAILED - 21)[0m
[31m      loginリンクのアイコンが表示される (FAILED - 22)[0m
    ヘッダー: ログインしている場合
[32m      Homeリンクのアイコンが表示される[0m
[32m      Usersリンクのアイコンが表示される[0m
[32m      Booksリンクのアイコンが表示される[0m
[32m      log outリンクのアイコンが表示される[0m
    サイドバー
[32m      ユーザ一覧画面でレンチアイコンが表示される[0m
[32m      ユーザ詳細画面でレンチアイコンが表示される[0m
[32m      投稿一覧画面でレンチアイコンが表示される[0m
[32m      投稿詳細画面でレンチアイコンが表示される[0m

Failures:

  1) [STEP1] ユーザログイン前のテスト トップ画面のテスト 表示内容の確認 URLが正しい
     [31mFailure/Error: <%= link_to 'Sign Up', new_user_registration_path', class: "btn btn-success btn-sm btn-block sign_up" %>[0m
     [31m[0m
     [31mActionView::SyntaxErrorInTemplate:[0m
     [31m  Encountered a syntax error while rendering template: check <div class="container">[0m
     [31m    <div class="row">[0m
     [31m      <div class='mx-auto col-11 col-sm-10 col-lg-8 col-xl-6'>[0m
     [31m        <h1>welcome to <i class="fas fa-book"></i><strong>Bookers</strong>  !!</h1>[0m
     [31m        <p>In  <i class="fas fa-book"></i><strong>Bookers</strong>, </p>[0m
     [31m        <p>you can share and exchange  your opinions , inpressions , and emotions</p>[0m
     [31m        <p> about various books!</p>[0m
     [31m        <div class="btn-wrapper col-10 mx-auto">[0m
     [31m          <div class="row">[0m
     [31m            <%= link_to 'Log in', new_user_session_path, class: "btn btn-info btn-sm btn-block mb-3 sign_in" %>[0m
     [31m          </div>[0m
     [31m          <div class="row">[0m
     [31m            <%= link_to 'Sign Up', new_user_registration_path', class: "btn btn-success btn-sm btn-block sign_up" %>[0m
     [31m          </div>[0m
     [31m        </div>[0m
     [31m      </div>[0m
     [31m    </div>[0m
     [31m  </div>[0m
     [36m# ./app/views/homes/top.html.erb:13: syntax error, unexpected tSTRING_BEG, expecting do or '{' or '('[0m
     [36m# ...p', new_user_registration_path', class: "btn btn-success btn...[0m
     [36m# ...                              ^[0m
     [36m# ./app/views/homes/top.html.erb:14: syntax error, unexpected '<', expecting ')'[0m
     [36m#         </div>[0m
     [36m#         ^[0m
     [36m# ./app/views/homes/top.html.erb:15: unknown regexp options - dv[0m
     [36m# ./app/views/homes/top.html.erb:16: syntax error, unexpected '<'[0m
     [36m#     </div>[0m
     [36m#     ^[0m
     [36m# ./app/views/homes/top.html.erb:17: unknown regexp options - dv[0m
     [36m# ./app/views/homes/top.html.erb:18: syntax error, unexpected '<'[0m
     [36m# </div>[0m
     [36m# ^[0m
     [36m# ./app/views/homes/top.html.erb:22: unterminated regexp meets end of file[0m
     [36m#           end[0m
     [36m#               ^[0m
     [36m# ./app/views/homes/top.html.erb:22: syntax error, unexpected end-of-input, expecting ')'[0m
     [36m# ./app/views/homes/top.html.erb:13: syntax error, unexpected tSTRING_BEG, expecting do or '{' or '('[0m
     [36m# ...p', new_user_registration_path', class: "btn btn-success btn...[0m
     [36m# ...                              ^[0m
     [36m# ./app/views/homes/top.html.erb:14: syntax error, unexpected '<', expecting ')'[0m
     [36m#         </div>[0m
     [36m#         ^[0m
     [36m# ./app/views/homes/top.html.erb:15: unknown regexp options - dv[0m
     [36m# ./app/views/homes/top.html.erb:16: syntax error, unexpected '<'[0m
     [36m#     </div>[0m
     [36m#     ^[0m
     [36m# ./app/views/homes/top.html.erb:17: unknown regexp options - dv[0m
     [36m# ./app/views/homes/top.html.erb:18: syntax error, unexpected '<'[0m
     [36m# </div>[0m
     [36m# ^[0m
     [36m# ./app/views/homes/top.html.erb:22: unterminated regexp meets end of file[0m
     [36m#           end[0m
     [36m#               ^[0m
     [36m# ./app/views/homes/top.html.erb:22: syntax error, unexpected end-of-input, expecting ')'[0m
     [36m# /home/ec2-user/.rvm/gems/ruby-2.6.3/gems/actiontext-6.1.4/lib/action_text/rendering.rb:20:in `with_renderer'[0m
     [36m# /home/ec2-user/.rvm/gems/ruby-2.6.3/gems/actiontext-6.1.4/lib/action_text/engine.rb:59:in `block (4 levels) in <class:Engine>'[0m
     [36m# /home/ec2-user/.rvm/gems/ruby-2.6.3/gems/warden-1.2.9/lib/warden/manager.rb:36:in `block in call'[0m
     [36m# /home/ec2-user/.rvm/gems/ruby-2.6.3/gems/warden-1.2.9/lib/warden/manager.rb:34:in `catch'[0m
     [36m# /home/ec2-user/.rvm/gems/ruby-2.6.3/gems/warden-1.2.9/lib/warden/manager.rb:34:in `call'[0m
     [36m# /home/ec2-user/.rvm/gems/ruby-2.6.3/gems/rack-2.2.3/lib/rack/tempfile_reaper.rb:15:in `call'[0m
     [36m# /home/ec2-user/.rvm/gems/ruby-2.6.3/gems/rack-2.2.3/lib/rack/etag.rb:27:in `call'[0m
     [36m# /home/ec2-user/.rvm/gems/ruby-2.6.3/gems/rack-2.2.3/lib/rack/conditional_get.rb:27:in `call'[0m
     [36m# /home/ec2-user/.rvm/gems/ruby-2.6.3/gems/rack-2.2.3/lib/rack/head.rb:12:in `call'[0m
     [36m# /home/ec2-user/.rvm/gems/ruby-2.6.3/gems/rack-2.2.3/lib/rack/session/abstract/id.rb:266:in `context'[0m
     [36m# /home/ec2-user/.rvm/gems/ruby-2.6.3/gems/rack-2.2.3/lib/rack/session/abstract/id.rb:260:in `call'[0m
     [36m# /home/ec2-user/.rvm/gems/ruby-2.6.3/gems/railties-6.1.4/lib/rails/rack/logger.rb:37:in `call_app'[0m
     [36m# /home/ec2-user/.rvm/gems/ruby-2.6.3/gems/railties-6.1.4/lib/rails/rack/logger.rb:26:in `block in call'[0m
     [36m# /home/ec2-user/.rvm/gems/ruby-2.6.3/gems/railties-6.1.4/lib/rails/rack/logger.rb:26:in `call'[0m
     [36m# /home/ec2-user/.rvm/gems/ruby-2.6.3/gems/rack-2.2.3/lib/rack/method_override.rb:24:in `call'[0m
     [36m# /home/ec2-user/.rvm/gems/ruby-2.6.3/gems/rack-2.2.3/lib/rack/runtime.rb:22:in `call'[0m
     [36m# /home/ec2-user/.rvm/gems/ruby-2.6.3/gems/rack-2.2.3/lib/rack/sendfile.rb:110:in `call'[0m
     [36m# /home/ec2-user/.rvm/gems/ruby-2.6.3/gems/railties-6.1.4/lib/rails/engine.rb:539:in `call'[0m
     [36m# /home/ec2-user/.rvm/gems/ruby-2.6.3/gems/rack-2.2.3/lib/rack/urlmap.rb:74:in `block in call'[0m
     [36m# /home/ec2-user/.rvm/gems/ruby-2.6.3/gems/rack-2.2.3/lib/rack/urlmap.rb:58:in `each'[0m
     [36m# /home/ec2-user/.rvm/gems/ruby-2.6.3/gems/rack-2.2.3/lib/rack/urlmap.rb:58:in `call'[0m
     [36m# /home/ec2-user/.rvm/gems/ruby-2.6.3/gems/rack-2.2.3/lib/rack/builder.rb:244:in `call'[0m
     [36m# /home/ec2-user/.rvm/gems/ruby-2.6.3/gems/rack-test-1.1.0/lib/rack/mock_session.rb:29:in `request'[0m
     [36m# /home/ec2-user/.rvm/gems/ruby-2.6.3/gems/rack-test-1.1.0/lib/rack/test.rb:266:in `process_request'[0m
     [36m# /home/ec2-user/.rvm/gems/ruby-2.6.3/gems/rack-test-1.1.0/lib/rack/test.rb:129:in `custom_request'[0m
     [36m# /home/ec2-user/.rvm/gems/ruby-2.6.3/gems/rack-test-1.1.0/lib/rack/test.rb:58:in `get'[0m
     [36m# /home/ec2-user/.rvm/gems/ruby-2.6.3/gems/capybara-3.35.3/lib/capybara/rack_test/browser.rb:72:in `process'[0m
     [36m# /home/ec2-user/.rvm/gems/ruby-2.6.3/gems/capybara-3.35.3/lib/capybara/rack_test/browser.rb:47:in `process_and_follow_redirects'[0m
     [36m# /home/ec2-user/.rvm/gems/ruby-2.6.3/gems/capybara-3.35.3/lib/capybara/rack_test/browser.rb:24:in `visit'[0m
     [36m# /home/ec2-user/.rvm/gems/ruby-2.6.3/gems/capybara-3.35.3/lib/capybara/rack_test/driver.rb:46:in `visit'[0m
     [36m# /home/ec2-user/.rvm/gems/ruby-2.6.3/gems/capybara-3.35.3/lib/capybara/session.rb:278:in `visit'[0m
     [36m# /home/ec2-user/.rvm/gems/ruby-2.6.3/gems/capybara-3.35.3/lib/capybara/dsl.rb:58:in `block (2 levels) in <module:DSL>'[0m
     [36m# ./spec/system/01_before_login_spec.rb:6:in `block (3 levels) in <main>'[0m
     [36m# ------------------[0m
     [36m# --- Caused by: ---[0m
     [36m# SyntaxError:[0m
     [36m#   /home/ec2-user/environment/bookers2-debug/app/views/homes/top.html.erb:13: syntax error, unexpected tSTRING_BEG, expecting do or '{' or '('[0m
     [36m#   ...p', new_user_registration_path', class: "btn btn-success btn...[0m
     [36m#   ...                              ^[0m
     [36m#   /home/ec2-user/environment/bookers2-debug/app/views/homes/top.html.erb:14: syntax error, unexpected '<', expecting ')'[0m
     [36m#           </div>[0m
     [36m#           ^[0m
     [36m#   /home/ec2-user/environment/bookers2-debug/app/views/homes/top.html.erb:15: unknown regexp options - dv[0m
     [36m#   /home/ec2-user/environment/bookers2-debug/app/views/homes/top.html.erb:16: syntax error, unexpected '<'[0m
     [36m#       </div>[0m
     [36m#       ^[0m
     [36m#   /home/ec2-user/environment/bookers2-debug/app/views/homes/top.html.erb:17: unknown regexp options - dv[0m
     [36m#   /home/ec2-user/environment/bookers2-debug/app/views/homes/top.html.erb:18: syntax error, unexpected '<'[0m
     [36m#   </div>[0m
     [36m#   ^[0m
     [36m#   /home/ec2-user/environment/bookers2-debug/app/views/homes/top.html.erb:22: unterminated regexp meets end of file[0m
     [36m#             end[0m
     [36m#                 ^[0m
     [36m#   /home/ec2-user/environment/bookers2-debug/app/views/homes/top.html.erb:22: syntax error, unexpected end-of-input, expecting ')'[0m
     [36m#   ./app/views/homes/top.html.erb:13: syntax error, unexpected tSTRING_BEG, expecting do or '{' or '('[0m

  2) [STEP1] ユーザログイン前のテスト トップ画面のテスト 表示内容の確認 Log inリンクが表示される: 左上から5番目のリンクが「Log in」である
     [31mFailure/Error: <%= link_to 'Sign Up', new_user_registration_path', class: "btn btn-success btn-sm btn-block sign_up" %>[0m
     [31m[0m
     [31mActionView::SyntaxErrorInTemplate:[0m
     [31m  Encountered a syntax error while rendering template: check <div class="container">[0m
     [31m    <div class="row">[0m
     [31m      <div class='mx-auto col-11 col-sm-10 col-lg-8 col-xl-6'>[0m
     [31m        <h1>welcome to <i class="fas fa-book"></i><strong>Bookers</strong>  !!</h1>[0m
     [31m        <p>In  <i class="fas fa-book"></i><strong>Bookers</strong>, </p>[0m
     [31m        <p>you can share and exchange  your opinions , inpressions , and emotions</p>[0m
     [31m        <p> about various books!</p>[0m
     [31m        <div class="btn-wrapper col-10 mx-auto">[0m
     [31m          <div class="row">[0m
     [31m            <%= link_to 'Log in', new_user_session_path, class: "btn btn-info btn-sm btn-block mb-3 sign_in" %>[0m
     [31m          </div>[0m
     [31m          <div class="row">[0m
     [31m            <%= link_to 'Sign Up', new_user_registration_path', class: "btn btn-success btn-sm btn-block sign_up" %>[0m
     [31m          </div>[0m
     [31m        </div>[0m
     [31m      </div>[0m
     [31m    </div>[0m
     [31m  </div>[0m
     [36m# ./app/views/homes/top.html.erb:13: syntax error, unexpected tSTRING_BEG, expecting do or '{' or '('[0m
     [36m# ...p', new_user_registration_path', class: "btn btn-success btn...[0m
     [36m# ...                              ^[0m
     [36m# ./app/views/homes/top.html.erb:14: syntax error, unexpected '<', expecting ')'[0m
     [36m#         </div>[0m
     [36m#         ^[0m
     [36m# ./app/views/homes/top.html.erb:15: unknown regexp options - dv[0m
     [36m# ./app/views/homes/top.html.erb:16: syntax error, unexpected '<'[0m
     [36m#     </div>[0m
     [36m#     ^[0m
     [36m# ./app/views/homes/top.html.erb:17: unknown regexp options - dv[0m
     [36m# ./app/views/homes/top.html.erb:18: syntax error, unexpected '<'[0m
     [36m# </div>[0m
     [36m# ^[0m
     [36m# ./app/views/homes/top.html.erb:22: unterminated regexp meets end of file[0m
     [36m#           end[0m
     [36m#               ^[0m
     [36m# ./app/views/homes/top.html.erb:22: syntax error, unexpected end-of-input, expecting ')'[0m
     [36m# ./app/views/homes/top.html.erb:13: syntax error, unexpected tSTRING_BEG, expecting do or '{' or '('[0m
     [36m# ...p', new_user_registration_path', class: "btn btn-success btn...[0m
     [36m# ...                              ^[0m
     [36m# ./app/views/homes/top.html.erb:14: syntax error, unexpected '<', expecting ')'[0m
     [36m#         </div>[0m
     [36m#         ^[0m
     [36m# ./app/views/homes/top.html.erb:15: unknown regexp options - dv[0m
     [36m# ./app/views/homes/top.html.erb:16: syntax error, unexpected '<'[0m
     [36m#     </div>[0m
     [36m#     ^[0m
     [36m# ./app/views/homes/top.html.erb:17: unknown regexp options - dv[0m
     [36m# ./app/views/homes/top.html.erb:18: syntax error, unexpected '<'[0m
     [36m# </div>[0m
     [36m# ^[0m
     [36m# ./app/views/homes/top.html.erb:22: unterminated regexp meets end of file[0m
     [36m#           end[0m
     [36m#               ^[0m
     [36m# ./app/views/homes/top.html.erb:22: syntax error, unexpected end-of-input, expecting ')'[0m
     [36m# /home/ec2-user/.rvm/gems/ruby-2.6.3/gems/actiontext-6.1.4/lib/action_text/rendering.rb:20:in `with_renderer'[0m
     [36m# /home/ec2-user/.rvm/gems/ruby-2.6.3/gems/actiontext-6.1.4/lib/action_text/engine.rb:59:in `block (4 levels) in <class:Engine>'[0m
     [36m# /home/ec2-user/.rvm/gems/ruby-2.6.3/gems/warden-1.2.9/lib/warden/manager.rb:36:in `block in call'[0m
     [36m# /home/ec2-user/.rvm/gems/ruby-2.6.3/gems/warden-1.2.9/lib/warden/manager.rb:34:in `catch'[0m
     [36m# /home/ec2-user/.rvm/gems/ruby-2.6.3/gems/warden-1.2.9/lib/warden/manager.rb:34:in `call'[0m
     [36m# /home/ec2-user/.rvm/gems/ruby-2.6.3/gems/rack-2.2.3/lib/rack/tempfile_reaper.rb:15:in `call'[0m
     [36m# /home/ec2-user/.rvm/gems/ruby-2.6.3/gems/rack-2.2.3/lib/rack/etag.rb:27:in `call'[0m
     [36m# /home/ec2-user/.rvm/gems/ruby-2.6.3/gems/rack-2.2.3/lib/rack/conditional_get.rb:27:in `call'[0m
     [36m# /home/ec2-user/.rvm/gems/ruby-2.6.3/gems/rack-2.2.3/lib/rack/head.rb:12:in `call'[0m
     [36m# /home/ec2-user/.rvm/gems/ruby-2.6.3/gems/rack-2.2.3/lib/rack/session/abstract/id.rb:266:in `context'[0m
     [36m# /home/ec2-user/.rvm/gems/ruby-2.6.3/gems/rack-2.2.3/lib/rack/session/abstract/id.rb:260:in `call'[0m
     [36m# /home/ec2-user/.rvm/gems/ruby-2.6.3/gems/railties-6.1.4/lib/rails/rack/logger.rb:37:in `call_app'[0m
     [36m# /home/ec2-user/.rvm/gems/ruby-2.6.3/gems/railties-6.1.4/lib/rails/rack/logger.rb:26:in `block in call'[0m
     [36m# /home/ec2-user/.rvm/gems/ruby-2.6.3/gems/railties-6.1.4/lib/rails/rack/logger.rb:26:in `call'[0m
     [36m# /home/ec2-user/.rvm/gems/ruby-2.6.3/gems/rack-2.2.3/lib/rack/method_override.rb:24:in `call'[0m
     [36m# /home/ec2-user/.rvm/gems/ruby-2.6.3/gems/rack-2.2.3/lib/rack/runtime.rb:22:in `call'[0m
     [36m# /home/ec2-user/.rvm/gems/ruby-2.6.3/gems/rack-2.2.3/lib/rack/sendfile.rb:110:in `call'[0m
     [36m# /home/ec2-user/.rvm/gems/ruby-2.6.3/gems/railties-6.1.4/lib/rails/engine.rb:539:in `call'[0m
     [36m# /home/ec2-user/.rvm/gems/ruby-2.6.3/gems/rack-2.2.3/lib/rack/urlmap.rb:74:in `block in call'[0m
     [36m# /home/ec2-user/.rvm/gems/ruby-2.6.3/gems/rack-2.2.3/lib/rack/urlmap.rb:58:in `each'[0m
     [36m# /home/ec2-user/.rvm/gems/ruby-2.6.3/gems/rack-2.2.3/lib/rack/urlmap.rb:58:in `call'[0m
     [36m# /home/ec2-user/.rvm/gems/ruby-2.6.3/gems/rack-2.2.3/lib/rack/builder.rb:244:in `call'[0m
     [36m# /home/ec2-user/.rvm/gems/ruby-2.6.3/gems/rack-test-1.1.0/lib/rack/mock_session.rb:29:in `request'[0m
     [36m# /home/ec2-user/.rvm/gems/ruby-2.6.3/gems/rack-test-1.1.0/lib/rack/test.rb:266:in `process_request'[0m
     [36m# /home/ec2-user/.rvm/gems/ruby-2.6.3/gems/rack-test-1.1.0/lib/rack/test.rb:129:in `custom_request'[0m
     [36m# /home/ec2-user/.rvm/gems/ruby-2.6.3/gems/rack-test-1.1.0/lib/rack/test.rb:58:in `get'[0m
     [36m# /home/ec2-user/.rvm/gems/ruby-2.6.3/gems/capybara-3.35.3/lib/capybara/rack_test/browser.rb:72:in `process'[0m
     [36m# /home/ec2-user/.rvm/gems/ruby-2.6.3/gems/capybara-3.35.3/lib/capybara/rack_test/browser.rb:47:in `process_and_follow_redirects'[0m
     [36m# /home/ec2-user/.rvm/gems/ruby-2.6.3/gems/capybara-3.35.3/lib/capybara/rack_test/browser.rb:24:in `visit'[0m
     [36m# /home/ec2-user/.rvm/gems/ruby-2.6.3/gems/capybara-3.35.3/lib/capybara/rack_test/driver.rb:46:in `visit'[0m
     [36m# /home/ec2-user/.rvm/gems/ruby-2.6.3/gems/capybara-3.35.3/lib/capybara/session.rb:278:in `visit'[0m
     [36m# /home/ec2-user/.rvm/gems/ruby-2.6.3/gems/capybara-3.35.3/lib/capybara/dsl.rb:58:in `block (2 levels) in <module:DSL>'[0m
     [36m# ./spec/system/01_before_login_spec.rb:6:in `block (3 levels) in <main>'[0m
     [36m# ------------------[0m
     [36m# --- Caused by: ---[0m
     [36m# SyntaxError:[0m
     [36m#   /home/ec2-user/environment/bookers2-debug/app/views/homes/top.html.erb:13: syntax error, unexpected tSTRING_BEG, expecting do or '{' or '('[0m
     [36m#   ...p', new_user_registration_path', class: "btn btn-success btn...[0m
     [36m#   ...                              ^[0m
     [36m#   /home/ec2-user/environment/bookers2-debug/app/views/homes/top.html.erb:14: syntax error, unexpected '<', expecting ')'[0m
     [36m#           </div>[0m
     [36m#           ^[0m
     [36m#   /home/ec2-user/environment/bookers2-debug/app/views/homes/top.html.erb:15: unknown regexp options - dv[0m
     [36m#   /home/ec2-user/environment/bookers2-debug/app/views/homes/top.html.erb:16: syntax error, unexpected '<'[0m
     [36m#       </div>[0m
     [36m#       ^[0m
     [36m#   /home/ec2-user/environment/bookers2-debug/app/views/homes/top.html.erb:17: unknown regexp options - dv[0m
     [36m#   /home/ec2-user/environment/bookers2-debug/app/views/homes/top.html.erb:18: syntax error, unexpected '<'[0m
     [36m#   </div>[0m
     [36m#   ^[0m
     [36m#   /home/ec2-user/environment/bookers2-debug/app/views/homes/top.html.erb:22: unterminated regexp meets end of file[0m
     [36m#             end[0m
     [36m#                 ^[0m
     [36m#   /home/ec2-user/environment/bookers2-debug/app/views/homes/top.html.erb:22: syntax error, unexpected end-of-input, expecting ')'[0m
     [36m#   ./app/views/homes/top.html.erb:13: syntax error, unexpected tSTRING_BEG, expecting do or '{' or '('[0m

  3) [STEP1] ユーザログイン前のテスト トップ画面のテスト 表示内容の確認 Log inリンクの内容が正しい
     [31mFailure/Error: <%= link_to 'Sign Up', new_user_registration_path', class: "btn btn-success btn-sm btn-block sign_up" %>[0m
     [31m[0m
     [31mActionView::SyntaxErrorInTemplate:[0m
     [31m  Encountered a syntax error while rendering template: check <div class="container">[0m
     [31m    <div class="row">[0m
     [31m      <div class='mx-auto col-11 col-sm-10 col-lg-8 col-xl-6'>[0m
     [31m        <h1>welcome to <i class="fas fa-book"></i><strong>Bookers</strong>  !!</h1>[0m
     [31m        <p>In  <i class="fas fa-book"></i><strong>Bookers</strong>, </p>[0m
     [31m        <p>you can share and exchange  your opinions , inpressions , and emotions</p>[0m
     [31m        <p> about various books!</p>[0m
     [31m        <div class="btn-wrapper col-10 mx-auto">[0m
     [31m          <div class="row">[0m
     [31m            <%= link_to 'Log in', new_user_session_path, class: "btn btn-info btn-sm btn-block mb-3 sign_in" %>[0m
     [31m          </div>[0m
     [31m          <div class="row">[0m
     [31m            <%= link_to 'Sign Up', new_user_registration_path', class: "btn btn-success btn-sm btn-block sign_up" %>[0m
     [31m          </div>[0m
     [31m        </div>[0m
     [31m      </div>[0m
     [31m    </div>[0m
     [31m  </div>[0m
     [36m# ./app/views/homes/top.html.erb:13: syntax error, unexpected tSTRING_BEG, expecting do or '{' or '('[0m
     [36m# ...p', new_user_registration_path', class: "btn btn-success btn...[0m
     [36m# ...                              ^[0m
     [36m# ./app/views/homes/top.html.erb:14: syntax error, unexpected '<', expecting ')'[0m
     [36m#         </div>[0m
     [36m#         ^[0m
     [36m# ./app/views/homes/top.html.erb:15: unknown regexp options - dv[0m
     [36m# ./app/views/homes/top.html.erb:16: syntax error, unexpected '<'[0m
     [36m#     </div>[0m
     [36m#     ^[0m
     [36m# ./app/views/homes/top.html.erb:17: unknown regexp options - dv[0m
     [36m# ./app/views/homes/top.html.erb:18: syntax error, unexpected '<'[0m
     [36m# </div>[0m
     [36m# ^[0m
     [36m# ./app/views/homes/top.html.erb:22: unterminated regexp meets end of file[0m
     [36m#           end[0m
     [36m#               ^[0m
     [36m# ./app/views/homes/top.html.erb:22: syntax error, unexpected end-of-input, expecting ')'[0m
     [36m# ./app/views/homes/top.html.erb:13: syntax error, unexpected tSTRING_BEG, expecting do or '{' or '('[0m
     [36m# ...p', new_user_registration_path', class: "btn btn-success btn...[0m
     [36m# ...                              ^[0m
     [36m# ./app/views/homes/top.html.erb:14: syntax error, unexpected '<', expecting ')'[0m
     [36m#         </div>[0m
     [36m#         ^[0m
     [36m# ./app/views/homes/top.html.erb:15: unknown regexp options - dv[0m
     [36m# ./app/views/homes/top.html.erb:16: syntax error, unexpected '<'[0m
     [36m#     </div>[0m
     [36m#     ^[0m
     [36m# ./app/views/homes/top.html.erb:17: unknown regexp options - dv[0m
     [36m# ./app/views/homes/top.html.erb:18: syntax error, unexpected '<'[0m
     [36m# </div>[0m
     [36m# ^[0m
     [36m# ./app/views/homes/top.html.erb:22: unterminated regexp meets end of file[0m
     [36m#           end[0m
     [36m#               ^[0m
     [36m# ./app/views/homes/top.html.erb:22: syntax error, unexpected end-of-input, expecting ')'[0m
     [36m# /home/ec2-user/.rvm/gems/ruby-2.6.3/gems/actiontext-6.1.4/lib/action_text/rendering.rb:20:in `with_renderer'[0m
     [36m# /home/ec2-user/.rvm/gems/ruby-2.6.3/gems/actiontext-6.1.4/lib/action_text/engine.rb:59:in `block (4 levels) in <class:Engine>'[0m
     [36m# /home/ec2-user/.rvm/gems/ruby-2.6.3/gems/warden-1.2.9/lib/warden/manager.rb:36:in `block in call'[0m
     [36m# /home/ec2-user/.rvm/gems/ruby-2.6.3/gems/warden-1.2.9/lib/warden/manager.rb:34:in `catch'[0m
     [36m# /home/ec2-user/.rvm/gems/ruby-2.6.3/gems/warden-1.2.9/lib/warden/manager.rb:34:in `call'[0m
     [36m# /home/ec2-user/.rvm/gems/ruby-2.6.3/gems/rack-2.2.3/lib/rack/tempfile_reaper.rb:15:in `call'[0m
     [36m# /home/ec2-user/.rvm/gems/ruby-2.6.3/gems/rack-2.2.3/lib/rack/etag.rb:27:in `call'[0m
     [36m# /home/ec2-user/.rvm/gems/ruby-2.6.3/gems/rack-2.2.3/lib/rack/conditional_get.rb:27:in `call'[0m
     [36m# /home/ec2-user/.rvm/gems/ruby-2.6.3/gems/rack-2.2.3/lib/rack/head.rb:12:in `call'[0m
     [36m# /home/ec2-user/.rvm/gems/ruby-2.6.3/gems/rack-2.2.3/lib/rack/session/abstract/id.rb:266:in `context'[0m
     [36m# /home/ec2-user/.rvm/gems/ruby-2.6.3/gems/rack-2.2.3/lib/rack/session/abstract/id.rb:260:in `call'[0m
     [36m# /home/ec2-user/.rvm/gems/ruby-2.6.3/gems/railties-6.1.4/lib/rails/rack/logger.rb:37:in `call_app'[0m
     [36m# /home/ec2-user/.rvm/gems/ruby-2.6.3/gems/railties-6.1.4/lib/rails/rack/logger.rb:26:in `block in call'[0m
     [36m# /home/ec2-user/.rvm/gems/ruby-2.6.3/gems/railties-6.1.4/lib/rails/rack/logger.rb:26:in `call'[0m
     [36m# /home/ec2-user/.rvm/gems/ruby-2.6.3/gems/rack-2.2.3/lib/rack/method_override.rb:24:in `call'[0m
     [36m# /home/ec2-user/.rvm/gems/ruby-2.6.3/gems/rack-2.2.3/lib/rack/runtime.rb:22:in `call'[0m
     [36m# /home/ec2-user/.rvm/gems/ruby-2.6.3/gems/rack-2.2.3/lib/rack/sendfile.rb:110:in `call'[0m
     [36m# /home/ec2-user/.rvm/gems/ruby-2.6.3/gems/railties-6.1.4/lib/rails/engine.rb:539:in `call'[0m
     [36m# /home/ec2-user/.rvm/gems/ruby-2.6.3/gems/rack-2.2.3/lib/rack/urlmap.rb:74:in `block in call'[0m
     [36m# /home/ec2-user/.rvm/gems/ruby-2.6.3/gems/rack-2.2.3/lib/rack/urlmap.rb:58:in `each'[0m
     [36m# /home/ec2-user/.rvm/gems/ruby-2.6.3/gems/rack-2.2.3/lib/rack/urlmap.rb:58:in `call'[0m
     [36m# /home/ec2-user/.rvm/gems/ruby-2.6.3/gems/rack-2.2.3/lib/rack/builder.rb:244:in `call'[0m
     [36m# /home/ec2-user/.rvm/gems/ruby-2.6.3/gems/rack-test-1.1.0/lib/rack/mock_session.rb:29:in `request'[0m
     [36m# /home/ec2-user/.rvm/gems/ruby-2.6.3/gems/rack-test-1.1.0/lib/rack/test.rb:266:in `process_request'[0m
     [36m# /home/ec2-user/.rvm/gems/ruby-2.6.3/gems/rack-test-1.1.0/lib/rack/test.rb:129:in `custom_request'[0m
     [36m# /home/ec2-user/.rvm/gems/ruby-2.6.3/gems/rack-test-1.1.0/lib/rack/test.rb:58:in `get'[0m
     [36m# /home/ec2-user/.rvm/gems/ruby-2.6.3/gems/capybara-3.35.3/lib/capybara/rack_test/browser.rb:72:in `process'[0m
     [36m# /home/ec2-user/.rvm/gems/ruby-2.6.3/gems/capybara-3.35.3/lib/capybara/rack_test/browser.rb:47:in `process_and_follow_redirects'[0m
     [36m# /home/ec2-user/.rvm/gems/ruby-2.6.3/gems/capybara-3.35.3/lib/capybara/rack_test/browser.rb:24:in `visit'[0m
     [36m# /home/ec2-user/.rvm/gems/ruby-2.6.3/gems/capybara-3.35.3/lib/capybara/rack_test/driver.rb:46:in `visit'[0m
     [36m# /home/ec2-user/.rvm/gems/ruby-2.6.3/gems/capybara-3.35.3/lib/capybara/session.rb:278:in `visit'[0m
     [36m# /home/ec2-user/.rvm/gems/ruby-2.6.3/gems/capybara-3.35.3/lib/capybara/dsl.rb:58:in `block (2 levels) in <module:DSL>'[0m
     [36m# ./spec/system/01_before_login_spec.rb:6:in `block (3 levels) in <main>'[0m
     [36m# ------------------[0m
     [36m# --- Caused by: ---[0m
     [36m# SyntaxError:[0m
     [36m#   /home/ec2-user/environment/bookers2-debug/app/views/homes/top.html.erb:13: syntax error, unexpected tSTRING_BEG, expecting do or '{' or '('[0m
     [36m#   ...p', new_user_registration_path', class: "btn btn-success btn...[0m
     [36m#   ...                              ^[0m
     [36m#   /home/ec2-user/environment/bookers2-debug/app/views/homes/top.html.erb:14: syntax error, unexpected '<', expecting ')'[0m
     [36m#           </div>[0m
     [36m#           ^[0m
     [36m#   /home/ec2-user/environment/bookers2-debug/app/views/homes/top.html.erb:15: unknown regexp options - dv[0m
     [36m#   /home/ec2-user/environment/bookers2-debug/app/views/homes/top.html.erb:16: syntax error, unexpected '<'[0m
     [36m#       </div>[0m
     [36m#       ^[0m
     [36m#   /home/ec2-user/environment/bookers2-debug/app/views/homes/top.html.erb:17: unknown regexp options - dv[0m
     [36m#   /home/ec2-user/environment/bookers2-debug/app/views/homes/top.html.erb:18: syntax error, unexpected '<'[0m
     [36m#   </div>[0m
     [36m#   ^[0m
     [36m#   /home/ec2-user/environment/bookers2-debug/app/views/homes/top.html.erb:22: unterminated regexp meets end of file[0m
     [36m#             end[0m
     [36m#                 ^[0m
     [36m#   /home/ec2-user/environment/bookers2-debug/app/views/homes/top.html.erb:22: syntax error, unexpected end-of-input, expecting ')'[0m
     [36m#   ./app/views/homes/top.html.erb:13: syntax error, unexpected tSTRING_BEG, expecting do or '{' or '('[0m

  4) [STEP1] ユーザログイン前のテスト トップ画面のテスト 表示内容の確認 Sign Upリンクが表示される: 左上から6番目のリンクが「Sign Up」である
     [31mFailure/Error: <%= link_to 'Sign Up', new_user_registration_path', class: "btn btn-success btn-sm btn-block sign_up" %>[0m
     [31m[0m
     [31mActionView::SyntaxErrorInTemplate:[0m
     [31m  Encountered a syntax error while rendering template: check <div class="container">[0m
     [31m    <div class="row">[0m
     [31m      <div class='mx-auto col-11 col-sm-10 col-lg-8 col-xl-6'>[0m
     [31m        <h1>welcome to <i class="fas fa-book"></i><strong>Bookers</strong>  !!</h1>[0m
     [31m        <p>In  <i class="fas fa-book"></i><strong>Bookers</strong>, </p>[0m
     [31m        <p>you can share and exchange  your opinions , inpressions , and emotions</p>[0m
     [31m        <p> about various books!</p>[0m
     [31m        <div class="btn-wrapper col-10 mx-auto">[0m
     [31m          <div class="row">[0m
     [31m            <%= link_to 'Log in', new_user_session_path, class: "btn btn-info btn-sm btn-block mb-3 sign_in" %>[0m
     [31m          </div>[0m
     [31m          <div class="row">[0m
     [31m            <%= link_to 'Sign Up', new_user_registration_path', class: "btn btn-success btn-sm btn-block sign_up" %>[0m
     [31m          </div>[0m
     [31m        </div>[0m
     [31m      </div>[0m
     [31m    </div>[0m
     [31m  </div>[0m
     [36m# ./app/views/homes/top.html.erb:13: syntax error, unexpected tSTRING_BEG, expecting do or '{' or '('[0m
     [36m# ...p', new_user_registration_path', class: "btn btn-success btn...[0m
     [36m# ...                              ^[0m
     [36m# ./app/views/homes/top.html.erb:14: syntax error, unexpected '<', expecting ')'[0m
     [36m#         </div>[0m
     [36m#         ^[0m
     [36m# ./app/views/homes/top.html.erb:15: unknown regexp options - dv[0m
     [36m# ./app/views/homes/top.html.erb:16: syntax error, unexpected '<'[0m
     [36m#     </div>[0m
     [36m#     ^[0m
     [36m# ./app/views/homes/top.html.erb:17: unknown regexp options - dv[0m
     [36m# ./app/views/homes/top.html.erb:18: syntax error, unexpected '<'[0m
     [36m# </div>[0m
     [36m# ^[0m
     [36m# ./app/views/homes/top.html.erb:22: unterminated regexp meets end of file[0m
     [36m#           end[0m
     [36m#               ^[0m
     [36m# ./app/views/homes/top.html.erb:22: syntax error, unexpected end-of-input, expecting ')'[0m
     [36m# ./app/views/homes/top.html.erb:13: syntax error, unexpected tSTRING_BEG, expecting do or '{' or '('[0m
     [36m# ...p', new_user_registration_path', class: "btn btn-success btn...[0m
     [36m# ...                              ^[0m
     [36m# ./app/views/homes/top.html.erb:14: syntax error, unexpected '<', expecting ')'[0m
     [36m#         </div>[0m
     [36m#         ^[0m
     [36m# ./app/views/homes/top.html.erb:15: unknown regexp options - dv[0m
     [36m# ./app/views/homes/top.html.erb:16: syntax error, unexpected '<'[0m
     [36m#     </div>[0m
     [36m#     ^[0m
     [36m# ./app/views/homes/top.html.erb:17: unknown regexp options - dv[0m
     [36m# ./app/views/homes/top.html.erb:18: syntax error, unexpected '<'[0m
     [36m# </div>[0m
     [36m# ^[0m
     [36m# ./app/views/homes/top.html.erb:22: unterminated regexp meets end of file[0m
     [36m#           end[0m
     [36m#               ^[0m
     [36m# ./app/views/homes/top.html.erb:22: syntax error, unexpected end-of-input, expecting ')'[0m
     [36m# /home/ec2-user/.rvm/gems/ruby-2.6.3/gems/actiontext-6.1.4/lib/action_text/rendering.rb:20:in `with_renderer'[0m
     [36m# /home/ec2-user/.rvm/gems/ruby-2.6.3/gems/actiontext-6.1.4/lib/action_text/engine.rb:59:in `block (4 levels) in <class:Engine>'[0m
     [36m# /home/ec2-user/.rvm/gems/ruby-2.6.3/gems/warden-1.2.9/lib/warden/manager.rb:36:in `block in call'[0m
     [36m# /home/ec2-user/.rvm/gems/ruby-2.6.3/gems/warden-1.2.9/lib/warden/manager.rb:34:in `catch'[0m
     [36m# /home/ec2-user/.rvm/gems/ruby-2.6.3/gems/warden-1.2.9/lib/warden/manager.rb:34:in `call'[0m
     [36m# /home/ec2-user/.rvm/gems/ruby-2.6.3/gems/rack-2.2.3/lib/rack/tempfile_reaper.rb:15:in `call'[0m
     [36m# /home/ec2-user/.rvm/gems/ruby-2.6.3/gems/rack-2.2.3/lib/rack/etag.rb:27:in `call'[0m
     [36m# /home/ec2-user/.rvm/gems/ruby-2.6.3/gems/rack-2.2.3/lib/rack/conditional_get.rb:27:in `call'[0m
     [36m# /home/ec2-user/.rvm/gems/ruby-2.6.3/gems/rack-2.2.3/lib/rack/head.rb:12:in `call'[0m
     [36m# /home/ec2-user/.rvm/gems/ruby-2.6.3/gems/rack-2.2.3/lib/rack/session/abstract/id.rb:266:in `context'[0m
     [36m# /home/ec2-user/.rvm/gems/ruby-2.6.3/gems/rack-2.2.3/lib/rack/session/abstract/id.rb:260:in `call'[0m
     [36m# /home/ec2-user/.rvm/gems/ruby-2.6.3/gems/railties-6.1.4/lib/rails/rack/logger.rb:37:in `call_app'[0m
     [36m# /home/ec2-user/.rvm/gems/ruby-2.6.3/gems/railties-6.1.4/lib/rails/rack/logger.rb:26:in `block in call'[0m
     [36m# /home/ec2-user/.rvm/gems/ruby-2.6.3/gems/railties-6.1.4/lib/rails/rack/logger.rb:26:in `call'[0m
     [36m# /home/ec2-user/.rvm/gems/ruby-2.6.3/gems/rack-2.2.3/lib/rack/method_override.rb:24:in `call'[0m
     [36m# /home/ec2-user/.rvm/gems/ruby-2.6.3/gems/rack-2.2.3/lib/rack/runtime.rb:22:in `call'[0m
     [36m# /home/ec2-user/.rvm/gems/ruby-2.6.3/gems/rack-2.2.3/lib/rack/sendfile.rb:110:in `call'[0m
     [36m# /home/ec2-user/.rvm/gems/ruby-2.6.3/gems/railties-6.1.4/lib/rails/engine.rb:539:in `call'[0m
     [36m# /home/ec2-user/.rvm/gems/ruby-2.6.3/gems/rack-2.2.3/lib/rack/urlmap.rb:74:in `block in call'[0m
     [36m# /home/ec2-user/.rvm/gems/ruby-2.6.3/gems/rack-2.2.3/lib/rack/urlmap.rb:58:in `each'[0m
     [36m# /home/ec2-user/.rvm/gems/ruby-2.6.3/gems/rack-2.2.3/lib/rack/urlmap.rb:58:in `call'[0m
     [36m# /home/ec2-user/.rvm/gems/ruby-2.6.3/gems/rack-2.2.3/lib/rack/builder.rb:244:in `call'[0m
     [36m# /home/ec2-user/.rvm/gems/ruby-2.6.3/gems/rack-test-1.1.0/lib/rack/mock_session.rb:29:in `request'[0m
     [36m# /home/ec2-user/.rvm/gems/ruby-2.6.3/gems/rack-test-1.1.0/lib/rack/test.rb:266:in `process_request'[0m
     [36m# /home/ec2-user/.rvm/gems/ruby-2.6.3/gems/rack-test-1.1.0/lib/rack/test.rb:129:in `custom_request'[0m
     [36m# /home/ec2-user/.rvm/gems/ruby-2.6.3/gems/rack-test-1.1.0/lib/rack/test.rb:58:in `get'[0m
     [36m# /home/ec2-user/.rvm/gems/ruby-2.6.3/gems/capybara-3.35.3/lib/capybara/rack_test/browser.rb:72:in `process'[0m
     [36m# /home/ec2-user/.rvm/gems/ruby-2.6.3/gems/capybara-3.35.3/lib/capybara/rack_test/browser.rb:47:in `process_and_follow_redirects'[0m
     [36m# /home/ec2-user/.rvm/gems/ruby-2.6.3/gems/capybara-3.35.3/lib/capybara/rack_test/browser.rb:24:in `visit'[0m
     [36m# /home/ec2-user/.rvm/gems/ruby-2.6.3/gems/capybara-3.35.3/lib/capybara/rack_test/driver.rb:46:in `visit'[0m
     [36m# /home/ec2-user/.rvm/gems/ruby-2.6.3/gems/capybara-3.35.3/lib/capybara/session.rb:278:in `visit'[0m
     [36m# /home/ec2-user/.rvm/gems/ruby-2.6.3/gems/capybara-3.35.3/lib/capybara/dsl.rb:58:in `block (2 levels) in <module:DSL>'[0m
     [36m# ./spec/system/01_before_login_spec.rb:6:in `block (3 levels) in <main>'[0m
     [36m# ------------------[0m
     [36m# --- Caused by: ---[0m
     [36m# SyntaxError:[0m
     [36m#   /home/ec2-user/environment/bookers2-debug/app/views/homes/top.html.erb:13: syntax error, unexpected tSTRING_BEG, expecting do or '{' or '('[0m
     [36m#   ...p', new_user_registration_path', class: "btn btn-success btn...[0m
     [36m#   ...                              ^[0m
     [36m#   /home/ec2-user/environment/bookers2-debug/app/views/homes/top.html.erb:14: syntax error, unexpected '<', expecting ')'[0m
     [36m#           </div>[0m
     [36m#           ^[0m
     [36m#   /home/ec2-user/environment/bookers2-debug/app/views/homes/top.html.erb:15: unknown regexp options - dv[0m
     [36m#   /home/ec2-user/environment/bookers2-debug/app/views/homes/top.html.erb:16: syntax error, unexpected '<'[0m
     [36m#       </div>[0m
     [36m#       ^[0m
     [36m#   /home/ec2-user/environment/bookers2-debug/app/views/homes/top.html.erb:17: unknown regexp options - dv[0m
     [36m#   /home/ec2-user/environment/bookers2-debug/app/views/homes/top.html.erb:18: syntax error, unexpected '<'[0m
     [36m#   </div>[0m
     [36m#   ^[0m
     [36m#   /home/ec2-user/environment/bookers2-debug/app/views/homes/top.html.erb:22: unterminated regexp meets end of file[0m
     [36m#             end[0m
     [36m#                 ^[0m
     [36m#   /home/ec2-user/environment/bookers2-debug/app/views/homes/top.html.erb:22: syntax error, unexpected end-of-input, expecting ')'[0m
     [36m#   ./app/views/homes/top.html.erb:13: syntax error, unexpected tSTRING_BEG, expecting do or '{' or '('[0m

  5) [STEP1] ユーザログイン前のテスト トップ画面のテスト 表示内容の確認 Sign Upリンクの内容が正しい
     [31mFailure/Error: <%= link_to 'Sign Up', new_user_registration_path', class: "btn btn-success btn-sm btn-block sign_up" %>[0m
     [31m[0m
     [31mActionView::SyntaxErrorInTemplate:[0m
     [31m  Encountered a syntax error while rendering template: check <div class="container">[0m
     [31m    <div class="row">[0m
     [31m      <div class='mx-auto col-11 col-sm-10 col-lg-8 col-xl-6'>[0m
     [31m        <h1>welcome to <i class="fas fa-book"></i><strong>Bookers</strong>  !!</h1>[0m
     [31m        <p>In  <i class="fas fa-book"></i><strong>Bookers</strong>, </p>[0m
     [31m        <p>you can share and exchange  your opinions , inpressions , and emotions</p>[0m
     [31m        <p> about various books!</p>[0m
     [31m        <div class="btn-wrapper col-10 mx-auto">[0m
     [31m          <div class="row">[0m
     [31m            <%= link_to 'Log in', new_user_session_path, class: "btn btn-info btn-sm btn-block mb-3 sign_in" %>[0m
     [31m          </div>[0m
     [31m          <div class="row">[0m
     [31m            <%= link_to 'Sign Up', new_user_registration_path', class: "btn btn-success btn-sm btn-block sign_up" %>[0m
     [31m          </div>[0m
     [31m        </div>[0m
     [31m      </div>[0m
     [31m    </div>[0m
     [31m  </div>[0m
     [36m# ./app/views/homes/top.html.erb:13: syntax error, unexpected tSTRING_BEG, expecting do or '{' or '('[0m
     [36m# ...p', new_user_registration_path', class: "btn btn-success btn...[0m
     [36m# ...                              ^[0m
     [36m# ./app/views/homes/top.html.erb:14: syntax error, unexpected '<', expecting ')'[0m
     [36m#         </div>[0m
     [36m#         ^[0m
     [36m# ./app/views/homes/top.html.erb:15: unknown regexp options - dv[0m
     [36m# ./app/views/homes/top.html.erb:16: syntax error, unexpected '<'[0m
     [36m#     </div>[0m
     [36m#     ^[0m
     [36m# ./app/views/homes/top.html.erb:17: unknown regexp options - dv[0m
     [36m# ./app/views/homes/top.html.erb:18: syntax error, unexpected '<'[0m
     [36m# </div>[0m
     [36m# ^[0m
     [36m# ./app/views/homes/top.html.erb:22: unterminated regexp meets end of file[0m
     [36m#           end[0m
     [36m#               ^[0m
     [36m# ./app/views/homes/top.html.erb:22: syntax error, unexpected end-of-input, expecting ')'[0m
     [36m# ./app/views/homes/top.html.erb:13: syntax error, unexpected tSTRING_BEG, expecting do or '{' or '('[0m
     [36m# ...p', new_user_registration_path', class: "btn btn-success btn...[0m
     [36m# ...                              ^[0m
     [36m# ./app/views/homes/top.html.erb:14: syntax error, unexpected '<', expecting ')'[0m
     [36m#         </div>[0m
     [36m#         ^[0m
     [36m# ./app/views/homes/top.html.erb:15: unknown regexp options - dv[0m
     [36m# ./app/views/homes/top.html.erb:16: syntax error, unexpected '<'[0m
     [36m#     </div>[0m
     [36m#     ^[0m
     [36m# ./app/views/homes/top.html.erb:17: unknown regexp options - dv[0m
     [36m# ./app/views/homes/top.html.erb:18: syntax error, unexpected '<'[0m
     [36m# </div>[0m
     [36m# ^[0m
     [36m# ./app/views/homes/top.html.erb:22: unterminated regexp meets end of file[0m
     [36m#           end[0m
     [36m#               ^[0m
     [36m# ./app/views/homes/top.html.erb:22: syntax error, unexpected end-of-input, expecting ')'[0m
     [36m# /home/ec2-user/.rvm/gems/ruby-2.6.3/gems/actiontext-6.1.4/lib/action_text/rendering.rb:20:in `with_renderer'[0m
     [36m# /home/ec2-user/.rvm/gems/ruby-2.6.3/gems/actiontext-6.1.4/lib/action_text/engine.rb:59:in `block (4 levels) in <class:Engine>'[0m
     [36m# /home/ec2-user/.rvm/gems/ruby-2.6.3/gems/warden-1.2.9/lib/warden/manager.rb:36:in `block in call'[0m
     [36m# /home/ec2-user/.rvm/gems/ruby-2.6.3/gems/warden-1.2.9/lib/warden/manager.rb:34:in `catch'[0m
     [36m# /home/ec2-user/.rvm/gems/ruby-2.6.3/gems/warden-1.2.9/lib/warden/manager.rb:34:in `call'[0m
     [36m# /home/ec2-user/.rvm/gems/ruby-2.6.3/gems/rack-2.2.3/lib/rack/tempfile_reaper.rb:15:in `call'[0m
     [36m# /home/ec2-user/.rvm/gems/ruby-2.6.3/gems/rack-2.2.3/lib/rack/etag.rb:27:in `call'[0m
     [36m# /home/ec2-user/.rvm/gems/ruby-2.6.3/gems/rack-2.2.3/lib/rack/conditional_get.rb:27:in `call'[0m
     [36m# /home/ec2-user/.rvm/gems/ruby-2.6.3/gems/rack-2.2.3/lib/rack/head.rb:12:in `call'[0m
     [36m# /home/ec2-user/.rvm/gems/ruby-2.6.3/gems/rack-2.2.3/lib/rack/session/abstract/id.rb:266:in `context'[0m
     [36m# /home/ec2-user/.rvm/gems/ruby-2.6.3/gems/rack-2.2.3/lib/rack/session/abstract/id.rb:260:in `call'[0m
     [36m# /home/ec2-user/.rvm/gems/ruby-2.6.3/gems/railties-6.1.4/lib/rails/rack/logger.rb:37:in `call_app'[0m
     [36m# /home/ec2-user/.rvm/gems/ruby-2.6.3/gems/railties-6.1.4/lib/rails/rack/logger.rb:26:in `block in call'[0m
     [36m# /home/ec2-user/.rvm/gems/ruby-2.6.3/gems/railties-6.1.4/lib/rails/rack/logger.rb:26:in `call'[0m
     [36m# /home/ec2-user/.rvm/gems/ruby-2.6.3/gems/rack-2.2.3/lib/rack/method_override.rb:24:in `call'[0m
     [36m# /home/ec2-user/.rvm/gems/ruby-2.6.3/gems/rack-2.2.3/lib/rack/runtime.rb:22:in `call'[0m
     [36m# /home/ec2-user/.rvm/gems/ruby-2.6.3/gems/rack-2.2.3/lib/rack/sendfile.rb:110:in `call'[0m
     [36m# /home/ec2-user/.rvm/gems/ruby-2.6.3/gems/railties-6.1.4/lib/rails/engine.rb:539:in `call'[0m
     [36m# /home/ec2-user/.rvm/gems/ruby-2.6.3/gems/rack-2.2.3/lib/rack/urlmap.rb:74:in `block in call'[0m
     [36m# /home/ec2-user/.rvm/gems/ruby-2.6.3/gems/rack-2.2.3/lib/rack/urlmap.rb:58:in `each'[0m
     [36m# /home/ec2-user/.rvm/gems/ruby-2.6.3/gems/rack-2.2.3/lib/rack/urlmap.rb:58:in `call'[0m
     [36m# /home/ec2-user/.rvm/gems/ruby-2.6.3/gems/rack-2.2.3/lib/rack/builder.rb:244:in `call'[0m
     [36m# /home/ec2-user/.rvm/gems/ruby-2.6.3/gems/rack-test-1.1.0/lib/rack/mock_session.rb:29:in `request'[0m
     [36m# /home/ec2-user/.rvm/gems/ruby-2.6.3/gems/rack-test-1.1.0/lib/rack/test.rb:266:in `process_request'[0m
     [36m# /home/ec2-user/.rvm/gems/ruby-2.6.3/gems/rack-test-1.1.0/lib/rack/test.rb:129:in `custom_request'[0m
     [36m# /home/ec2-user/.rvm/gems/ruby-2.6.3/gems/rack-test-1.1.0/lib/rack/test.rb:58:in `get'[0m
     [36m# /home/ec2-user/.rvm/gems/ruby-2.6.3/gems/capybara-3.35.3/lib/capybara/rack_test/browser.rb:72:in `process'[0m
     [36m# /home/ec2-user/.rvm/gems/ruby-2.6.3/gems/capybara-3.35.3/lib/capybara/rack_test/browser.rb:47:in `process_and_follow_redirects'[0m
     [36m# /home/ec2-user/.rvm/gems/ruby-2.6.3/gems/capybara-3.35.3/lib/capybara/rack_test/browser.rb:24:in `visit'[0m
     [36m# /home/ec2-user/.rvm/gems/ruby-2.6.3/gems/capybara-3.35.3/lib/capybara/rack_test/driver.rb:46:in `visit'[0m
     [36m# /home/ec2-user/.rvm/gems/ruby-2.6.3/gems/capybara-3.35.3/lib/capybara/session.rb:278:in `visit'[0m
     [36m# /home/ec2-user/.rvm/gems/ruby-2.6.3/gems/capybara-3.35.3/lib/capybara/dsl.rb:58:in `block (2 levels) in <module:DSL>'[0m
     [36m# ./spec/system/01_before_login_spec.rb:6:in `block (3 levels) in <main>'[0m
     [36m# ------------------[0m
     [36m# --- Caused by: ---[0m
     [36m# SyntaxError:[0m
     [36m#   /home/ec2-user/environment/bookers2-debug/app/views/homes/top.html.erb:13: syntax error, unexpected tSTRING_BEG, expecting do or '{' or '('[0m
     [36m#   ...p', new_user_registration_path', class: "btn btn-success btn...[0m
     [36m#   ...                              ^[0m
     [36m#   /home/ec2-user/environment/bookers2-debug/app/views/homes/top.html.erb:14: syntax error, unexpected '<', expecting ')'[0m
     [36m#           </div>[0m
     [36m#           ^[0m
     [36m#   /home/ec2-user/environment/bookers2-debug/app/views/homes/top.html.erb:15: unknown regexp options - dv[0m
     [36m#   /home/ec2-user/environment/bookers2-debug/app/views/homes/top.html.erb:16: syntax error, unexpected '<'[0m
     [36m#       </div>[0m
     [36m#       ^[0m
     [36m#   /home/ec2-user/environment/bookers2-debug/app/views/homes/top.html.erb:17: unknown regexp options - dv[0m
     [36m#   /home/ec2-user/environment/bookers2-debug/app/views/homes/top.html.erb:18: syntax error, unexpected '<'[0m
     [36m#   </div>[0m
     [36m#   ^[0m
     [36m#   /home/ec2-user/environment/bookers2-debug/app/views/homes/top.html.erb:22: unterminated regexp meets end of file[0m
     [36m#             end[0m
     [36m#                 ^[0m
     [36m#   /home/ec2-user/environment/bookers2-debug/app/views/homes/top.html.erb:22: syntax error, unexpected end-of-input, expecting ')'[0m
     [36m#   ./app/views/homes/top.html.erb:13: syntax error, unexpected tSTRING_BEG, expecting do or '{' or '('[0m

  6) [STEP1] ユーザログイン前のテスト ヘッダーのテスト: ログインしていない場合 表示内容の確認 タイトルが表示される
     [31mFailure/Error: <%= link_to 'Sign Up', new_user_registration_path', class: "btn btn-success btn-sm btn-block sign_up" %>[0m
     [31m[0m
     [31mActionView::SyntaxErrorInTemplate:[0m
     [31m  Encountered a syntax error while rendering template: check <div class="container">[0m
     [31m    <div class="row">[0m
     [31m      <div class='mx-auto col-11 col-sm-10 col-lg-8 col-xl-6'>[0m
     [31m        <h1>welcome to <i class="fas fa-book"></i><strong>Bookers</strong>  !!</h1>[0m
     [31m        <p>In  <i class="fas fa-book"></i><strong>Bookers</strong>, </p>[0m
     [31m        <p>you can share and exchange  your opinions , inpressions , and emotions</p>[0m
     [31m        <p> about various books!</p>[0m
     [31m        <div class="btn-wrapper col-10 mx-auto">[0m
     [31m          <div class="row">[0m
     [31m            <%= link_to 'Log in', new_user_session_path, class: "btn btn-info btn-sm btn-block mb-3 sign_in" %>[0m
     [31m          </div>[0m
     [31m          <div class="row">[0m
     [31m            <%= link_to 'Sign Up', new_user_registration_path', class: "btn btn-success btn-sm btn-block sign_up" %>[0m
     [31m          </div>[0m
     [31m        </div>[0m
     [31m      </div>[0m
     [31m    </div>[0m
     [31m  </div>[0m
     [36m# ./app/views/homes/top.html.erb:13: syntax error, unexpected tSTRING_BEG, expecting do or '{' or '('[0m
     [36m# ...p', new_user_registration_path', class: "btn btn-success btn...[0m
     [36m# ...                              ^[0m
     [36m# ./app/views/homes/top.html.erb:14: syntax error, unexpected '<', expecting ')'[0m
     [36m#         </div>[0m
     [36m#         ^[0m
     [36m# ./app/views/homes/top.html.erb:15: unknown regexp options - dv[0m
     [36m# ./app/views/homes/top.html.erb:16: syntax error, unexpected '<'[0m
     [36m#     </div>[0m
     [36m#     ^[0m
     [36m# ./app/views/homes/top.html.erb:17: unknown regexp options - dv[0m
     [36m# ./app/views/homes/top.html.erb:18: syntax error, unexpected '<'[0m
     [36m# </div>[0m
     [36m# ^[0m
     [36m# ./app/views/homes/top.html.erb:22: unterminated regexp meets end of file[0m
     [36m#           end[0m
     [36m#               ^[0m
     [36m# ./app/views/homes/top.html.erb:22: syntax error, unexpected end-of-input, expecting ')'[0m
     [36m# ./app/views/homes/top.html.erb:13: syntax error, unexpected tSTRING_BEG, expecting do or '{' or '('[0m
     [36m# ...p', new_user_registration_path', class: "btn btn-success btn...[0m
     [36m# ...                              ^[0m
     [36m# ./app/views/homes/top.html.erb:14: syntax error, unexpected '<', expecting ')'[0m
     [36m#         </div>[0m
     [36m#         ^[0m
     [36m# ./app/views/homes/top.html.erb:15: unknown regexp options - dv[0m
     [36m# ./app/views/homes/top.html.erb:16: syntax error, unexpected '<'[0m
     [36m#     </div>[0m
     [36m#     ^[0m
     [36m# ./app/views/homes/top.html.erb:17: unknown regexp options - dv[0m
     [36m# ./app/views/homes/top.html.erb:18: syntax error, unexpected '<'[0m
     [36m# </div>[0m
     [36m# ^[0m
     [36m# ./app/views/homes/top.html.erb:22: unterminated regexp meets end of file[0m
     [36m#           end[0m
     [36m#               ^[0m
     [36m# ./app/views/homes/top.html.erb:22: syntax error, unexpected end-of-input, expecting ')'[0m
     [36m# /home/ec2-user/.rvm/gems/ruby-2.6.3/gems/actiontext-6.1.4/lib/action_text/rendering.rb:20:in `with_renderer'[0m
     [36m# /home/ec2-user/.rvm/gems/ruby-2.6.3/gems/actiontext-6.1.4/lib/action_text/engine.rb:59:in `block (4 levels) in <class:Engine>'[0m
     [36m# /home/ec2-user/.rvm/gems/ruby-2.6.3/gems/warden-1.2.9/lib/warden/manager.rb:36:in `block in call'[0m
     [36m# /home/ec2-user/.rvm/gems/ruby-2.6.3/gems/warden-1.2.9/lib/warden/manager.rb:34:in `catch'[0m
     [36m# /home/ec2-user/.rvm/gems/ruby-2.6.3/gems/warden-1.2.9/lib/warden/manager.rb:34:in `call'[0m
     [36m# /home/ec2-user/.rvm/gems/ruby-2.6.3/gems/rack-2.2.3/lib/rack/tempfile_reaper.rb:15:in `call'[0m
     [36m# /home/ec2-user/.rvm/gems/ruby-2.6.3/gems/rack-2.2.3/lib/rack/etag.rb:27:in `call'[0m
     [36m# /home/ec2-user/.rvm/gems/ruby-2.6.3/gems/rack-2.2.3/lib/rack/conditional_get.rb:27:in `call'[0m
     [36m# /home/ec2-user/.rvm/gems/ruby-2.6.3/gems/rack-2.2.3/lib/rack/head.rb:12:in `call'[0m
     [36m# /home/ec2-user/.rvm/gems/ruby-2.6.3/gems/rack-2.2.3/lib/rack/session/abstract/id.rb:266:in `context'[0m
     [36m# /home/ec2-user/.rvm/gems/ruby-2.6.3/gems/rack-2.2.3/lib/rack/session/abstract/id.rb:260:in `call'[0m
     [36m# /home/ec2-user/.rvm/gems/ruby-2.6.3/gems/railties-6.1.4/lib/rails/rack/logger.rb:37:in `call_app'[0m
     [36m# /home/ec2-user/.rvm/gems/ruby-2.6.3/gems/railties-6.1.4/lib/rails/rack/logger.rb:26:in `block in call'[0m
     [36m# /home/ec2-user/.rvm/gems/ruby-2.6.3/gems/railties-6.1.4/lib/rails/rack/logger.rb:26:in `call'[0m
     [36m# /home/ec2-user/.rvm/gems/ruby-2.6.3/gems/rack-2.2.3/lib/rack/method_override.rb:24:in `call'[0m
     [36m# /home/ec2-user/.rvm/gems/ruby-2.6.3/gems/rack-2.2.3/lib/rack/runtime.rb:22:in `call'[0m
     [36m# /home/ec2-user/.rvm/gems/ruby-2.6.3/gems/rack-2.2.3/lib/rack/sendfile.rb:110:in `call'[0m
     [36m# /home/ec2-user/.rvm/gems/ruby-2.6.3/gems/railties-6.1.4/lib/rails/engine.rb:539:in `call'[0m
     [36m# /home/ec2-user/.rvm/gems/ruby-2.6.3/gems/rack-2.2.3/lib/rack/urlmap.rb:74:in `block in call'[0m
     [36m# /home/ec2-user/.rvm/gems/ruby-2.6.3/gems/rack-2.2.3/lib/rack/urlmap.rb:58:in `each'[0m
     [36m# /home/ec2-user/.rvm/gems/ruby-2.6.3/gems/rack-2.2.3/lib/rack/urlmap.rb:58:in `call'[0m
     [36m# /home/ec2-user/.rvm/gems/ruby-2.6.3/gems/rack-2.2.3/lib/rack/builder.rb:244:in `call'[0m
     [36m# /home/ec2-user/.rvm/gems/ruby-2.6.3/gems/rack-test-1.1.0/lib/rack/mock_session.rb:29:in `request'[0m
     [36m# /home/ec2-user/.rvm/gems/ruby-2.6.3/gems/rack-test-1.1.0/lib/rack/test.rb:266:in `process_request'[0m
     [36m# /home/ec2-user/.rvm/gems/ruby-2.6.3/gems/rack-test-1.1.0/lib/rack/test.rb:129:in `custom_request'[0m
     [36m# /home/ec2-user/.rvm/gems/ruby-2.6.3/gems/rack-test-1.1.0/lib/rack/test.rb:58:in `get'[0m
     [36m# /home/ec2-user/.rvm/gems/ruby-2.6.3/gems/capybara-3.35.3/lib/capybara/rack_test/browser.rb:72:in `process'[0m
     [36m# /home/ec2-user/.rvm/gems/ruby-2.6.3/gems/capybara-3.35.3/lib/capybara/rack_test/browser.rb:47:in `process_and_follow_redirects'[0m
     [36m# /home/ec2-user/.rvm/gems/ruby-2.6.3/gems/capybara-3.35.3/lib/capybara/rack_test/browser.rb:24:in `visit'[0m
     [36m# /home/ec2-user/.rvm/gems/ruby-2.6.3/gems/capybara-3.35.3/lib/capybara/rack_test/driver.rb:46:in `visit'[0m
     [36m# /home/ec2-user/.rvm/gems/ruby-2.6.3/gems/capybara-3.35.3/lib/capybara/session.rb:278:in `visit'[0m
     [36m# /home/ec2-user/.rvm/gems/ruby-2.6.3/gems/capybara-3.35.3/lib/capybara/dsl.rb:58:in `block (2 levels) in <module:DSL>'[0m
     [36m# ./spec/system/01_before_login_spec.rb:46:in `block (3 levels) in <main>'[0m
     [36m# ------------------[0m
     [36m# --- Caused by: ---[0m
     [36m# SyntaxError:[0m
     [36m#   /home/ec2-user/environment/bookers2-debug/app/views/homes/top.html.erb:13: syntax error, unexpected tSTRING_BEG, expecting do or '{' or '('[0m
     [36m#   ...p', new_user_registration_path', class: "btn btn-success btn...[0m
     [36m#   ...                              ^[0m
     [36m#   /home/ec2-user/environment/bookers2-debug/app/views/homes/top.html.erb:14: syntax error, unexpected '<', expecting ')'[0m
     [36m#           </div>[0m
     [36m#           ^[0m
     [36m#   /home/ec2-user/environment/bookers2-debug/app/views/homes/top.html.erb:15: unknown regexp options - dv[0m
     [36m#   /home/ec2-user/environment/bookers2-debug/app/views/homes/top.html.erb:16: syntax error, unexpected '<'[0m
     [36m#       </div>[0m
     [36m#       ^[0m
     [36m#   /home/ec2-user/environment/bookers2-debug/app/views/homes/top.html.erb:17: unknown regexp options - dv[0m
     [36m#   /home/ec2-user/environment/bookers2-debug/app/views/homes/top.html.erb:18: syntax error, unexpected '<'[0m
     [36m#   </div>[0m
     [36m#   ^[0m
     [36m#   /home/ec2-user/environment/bookers2-debug/app/views/homes/top.html.erb:22: unterminated regexp meets end of file[0m
     [36m#             end[0m
     [36m#                 ^[0m
     [36m#   /home/ec2-user/environment/bookers2-debug/app/views/homes/top.html.erb:22: syntax error, unexpected end-of-input, expecting ')'[0m
     [36m#   ./app/views/homes/top.html.erb:13: syntax error, unexpected tSTRING_BEG, expecting do or '{' or '('[0m

  7) [STEP1] ユーザログイン前のテスト ヘッダーのテスト: ログインしていない場合 表示内容の確認 Homeリンクが表示される: 左上から1番目のリンクが「Home」である
     [31mFailure/Error: <%= link_to 'Sign Up', new_user_registration_path', class: "btn btn-success btn-sm btn-block sign_up" %>[0m
     [31m[0m
     [31mActionView::SyntaxErrorInTemplate:[0m
     [31m  Encountered a syntax error while rendering template: check <div class="container">[0m
     [31m    <div class="row">[0m
     [31m      <div class='mx-auto col-11 col-sm-10 col-lg-8 col-xl-6'>[0m
     [31m        <h1>welcome to <i class="fas fa-book"></i><strong>Bookers</strong>  !!</h1>[0m
     [31m        <p>In  <i class="fas fa-book"></i><strong>Bookers</strong>, </p>[0m
     [31m        <p>you can share and exchange  your opinions , inpressions , and emotions</p>[0m
     [31m        <p> about various books!</p>[0m
     [31m        <div class="btn-wrapper col-10 mx-auto">[0m
     [31m          <div class="row">[0m
     [31m            <%= link_to 'Log in', new_user_session_path, class: "btn btn-info btn-sm btn-block mb-3 sign_in" %>[0m
     [31m          </div>[0m
     [31m          <div class="row">[0m
     [31m            <%= link_to 'Sign Up', new_user_registration_path', class: "btn btn-success btn-sm btn-block sign_up" %>[0m
     [31m          </div>[0m
     [31m        </div>[0m
     [31m      </div>[0m
     [31m    </div>[0m
     [31m  </div>[0m
     [36m# ./app/views/homes/top.html.erb:13: syntax error, unexpected tSTRING_BEG, expecting do or '{' or '('[0m
     [36m# ...p', new_user_registration_path', class: "btn btn-success btn...[0m
     [36m# ...                              ^[0m
     [36m# ./app/views/homes/top.html.erb:14: syntax error, unexpected '<', expecting ')'[0m
     [36m#         </div>[0m
     [36m#         ^[0m
     [36m# ./app/views/homes/top.html.erb:15: unknown regexp options - dv[0m
     [36m# ./app/views/homes/top.html.erb:16: syntax error, unexpected '<'[0m
     [36m#     </div>[0m
     [36m#     ^[0m
     [36m# ./app/views/homes/top.html.erb:17: unknown regexp options - dv[0m
     [36m# ./app/views/homes/top.html.erb:18: syntax error, unexpected '<'[0m
     [36m# </div>[0m
     [36m# ^[0m
     [36m# ./app/views/homes/top.html.erb:22: unterminated regexp meets end of file[0m
     [36m#           end[0m
     [36m#               ^[0m
     [36m# ./app/views/homes/top.html.erb:22: syntax error, unexpected end-of-input, expecting ')'[0m
     [36m# ./app/views/homes/top.html.erb:13: syntax error, unexpected tSTRING_BEG, expecting do or '{' or '('[0m
     [36m# ...p', new_user_registration_path', class: "btn btn-success btn...[0m
     [36m# ...                              ^[0m
     [36m# ./app/views/homes/top.html.erb:14: syntax error, unexpected '<', expecting ')'[0m
     [36m#         </div>[0m
     [36m#         ^[0m
     [36m# ./app/views/homes/top.html.erb:15: unknown regexp options - dv[0m
     [36m# ./app/views/homes/top.html.erb:16: syntax error, unexpected '<'[0m
     [36m#     </div>[0m
     [36m#     ^[0m
     [36m# ./app/views/homes/top.html.erb:17: unknown regexp options - dv[0m
     [36m# ./app/views/homes/top.html.erb:18: syntax error, unexpected '<'[0m
     [36m# </div>[0m
     [36m# ^[0m
     [36m# ./app/views/homes/top.html.erb:22: unterminated regexp meets end of file[0m
     [36m#           end[0m
     [36m#               ^[0m
     [36m# ./app/views/homes/top.html.erb:22: syntax error, unexpected end-of-input, expecting ')'[0m
     [36m# /home/ec2-user/.rvm/gems/ruby-2.6.3/gems/actiontext-6.1.4/lib/action_text/rendering.rb:20:in `with_renderer'[0m
     [36m# /home/ec2-user/.rvm/gems/ruby-2.6.3/gems/actiontext-6.1.4/lib/action_text/engine.rb:59:in `block (4 levels) in <class:Engine>'[0m
     [36m# /home/ec2-user/.rvm/gems/ruby-2.6.3/gems/warden-1.2.9/lib/warden/manager.rb:36:in `block in call'[0m
     [36m# /home/ec2-user/.rvm/gems/ruby-2.6.3/gems/warden-1.2.9/lib/warden/manager.rb:34:in `catch'[0m
     [36m# /home/ec2-user/.rvm/gems/ruby-2.6.3/gems/warden-1.2.9/lib/warden/manager.rb:34:in `call'[0m
     [36m# /home/ec2-user/.rvm/gems/ruby-2.6.3/gems/rack-2.2.3/lib/rack/tempfile_reaper.rb:15:in `call'[0m
     [36m# /home/ec2-user/.rvm/gems/ruby-2.6.3/gems/rack-2.2.3/lib/rack/etag.rb:27:in `call'[0m
     [36m# /home/ec2-user/.rvm/gems/ruby-2.6.3/gems/rack-2.2.3/lib/rack/conditional_get.rb:27:in `call'[0m
     [36m# /home/ec2-user/.rvm/gems/ruby-2.6.3/gems/rack-2.2.3/lib/rack/head.rb:12:in `call'[0m
     [36m# /home/ec2-user/.rvm/gems/ruby-2.6.3/gems/rack-2.2.3/lib/rack/session/abstract/id.rb:266:in `context'[0m
     [36m# /home/ec2-user/.rvm/gems/ruby-2.6.3/gems/rack-2.2.3/lib/rack/session/abstract/id.rb:260:in `call'[0m
     [36m# /home/ec2-user/.rvm/gems/ruby-2.6.3/gems/railties-6.1.4/lib/rails/rack/logger.rb:37:in `call_app'[0m
     [36m# /home/ec2-user/.rvm/gems/ruby-2.6.3/gems/railties-6.1.4/lib/rails/rack/logger.rb:26:in `block in call'[0m
     [36m# /home/ec2-user/.rvm/gems/ruby-2.6.3/gems/railties-6.1.4/lib/rails/rack/logger.rb:26:in `call'[0m
     [36m# /home/ec2-user/.rvm/gems/ruby-2.6.3/gems/rack-2.2.3/lib/rack/method_override.rb:24:in `call'[0m
     [36m# /home/ec2-user/.rvm/gems/ruby-2.6.3/gems/rack-2.2.3/lib/rack/runtime.rb:22:in `call'[0m
     [36m# /home/ec2-user/.rvm/gems/ruby-2.6.3/gems/rack-2.2.3/lib/rack/sendfile.rb:110:in `call'[0m
     [36m# /home/ec2-user/.rvm/gems/ruby-2.6.3/gems/railties-6.1.4/lib/rails/engine.rb:539:in `call'[0m
     [36m# /home/ec2-user/.rvm/gems/ruby-2.6.3/gems/rack-2.2.3/lib/rack/urlmap.rb:74:in `block in call'[0m
     [36m# /home/ec2-user/.rvm/gems/ruby-2.6.3/gems/rack-2.2.3/lib/rack/urlmap.rb:58:in `each'[0m
     [36m# /home/ec2-user/.rvm/gems/ruby-2.6.3/gems/rack-2.2.3/lib/rack/urlmap.rb:58:in `call'[0m
     [36m# /home/ec2-user/.rvm/gems/ruby-2.6.3/gems/rack-2.2.3/lib/rack/builder.rb:244:in `call'[0m
     [36m# /home/ec2-user/.rvm/gems/ruby-2.6.3/gems/rack-test-1.1.0/lib/rack/mock_session.rb:29:in `request'[0m
     [36m# /home/ec2-user/.rvm/gems/ruby-2.6.3/gems/rack-test-1.1.0/lib/rack/test.rb:266:in `process_request'[0m
     [36m# /home/ec2-user/.rvm/gems/ruby-2.6.3/gems/rack-test-1.1.0/lib/rack/test.rb:129:in `custom_request'[0m
     [36m# /home/ec2-user/.rvm/gems/ruby-2.6.3/gems/rack-test-1.1.0/lib/rack/test.rb:58:in `get'[0m
     [36m# /home/ec2-user/.rvm/gems/ruby-2.6.3/gems/capybara-3.35.3/lib/capybara/rack_test/browser.rb:72:in `process'[0m
     [36m# /home/ec2-user/.rvm/gems/ruby-2.6.3/gems/capybara-3.35.3/lib/capybara/rack_test/browser.rb:47:in `process_and_follow_redirects'[0m
     [36m# /home/ec2-user/.rvm/gems/ruby-2.6.3/gems/capybara-3.35.3/lib/capybara/rack_test/browser.rb:24:in `visit'[0m
     [36m# /home/ec2-user/.rvm/gems/ruby-2.6.3/gems/capybara-3.35.3/lib/capybara/rack_test/driver.rb:46:in `visit'[0m
     [36m# /home/ec2-user/.rvm/gems/ruby-2.6.3/gems/capybara-3.35.3/lib/capybara/session.rb:278:in `visit'[0m
     [36m# /home/ec2-user/.rvm/gems/ruby-2.6.3/gems/capybara-3.35.3/lib/capybara/dsl.rb:58:in `block (2 levels) in <module:DSL>'[0m
     [36m# ./spec/system/01_before_login_spec.rb:46:in `block (3 levels) in <main>'[0m
     [36m# ------------------[0m
     [36m# --- Caused by: ---[0m
     [36m# SyntaxError:[0m
     [36m#   /home/ec2-user/environment/bookers2-debug/app/views/homes/top.html.erb:13: syntax error, unexpected tSTRING_BEG, expecting do or '{' or '('[0m
     [36m#   ...p', new_user_registration_path', class: "btn btn-success btn...[0m
     [36m#   ...                              ^[0m
     [36m#   /home/ec2-user/environment/bookers2-debug/app/views/homes/top.html.erb:14: syntax error, unexpected '<', expecting ')'[0m
     [36m#           </div>[0m
     [36m#           ^[0m
     [36m#   /home/ec2-user/environment/bookers2-debug/app/views/homes/top.html.erb:15: unknown regexp options - dv[0m
     [36m#   /home/ec2-user/environment/bookers2-debug/app/views/homes/top.html.erb:16: syntax error, unexpected '<'[0m
     [36m#       </div>[0m
     [36m#       ^[0m
     [36m#   /home/ec2-user/environment/bookers2-debug/app/views/homes/top.html.erb:17: unknown regexp options - dv[0m
     [36m#   /home/ec2-user/environment/bookers2-debug/app/views/homes/top.html.erb:18: syntax error, unexpected '<'[0m
     [36m#   </div>[0m
     [36m#   ^[0m
     [36m#   /home/ec2-user/environment/bookers2-debug/app/views/homes/top.html.erb:22: unterminated regexp meets end of file[0m
     [36m#             end[0m
     [36m#                 ^[0m
     [36m#   /home/ec2-user/environment/bookers2-debug/app/views/homes/top.html.erb:22: syntax error, unexpected end-of-input, expecting ')'[0m
     [36m#   ./app/views/homes/top.html.erb:13: syntax error, unexpected tSTRING_BEG, expecting do or '{' or '('[0m

  8) [STEP1] ユーザログイン前のテスト ヘッダーのテスト: ログインしていない場合 表示内容の確認 Aboutリンクが表示される: 左上から2番目のリンクが「About」である
     [31mFailure/Error: <%= link_to 'Sign Up', new_user_registration_path', class: "btn btn-success btn-sm btn-block sign_up" %>[0m
     [31m[0m
     [31mActionView::SyntaxErrorInTemplate:[0m
     [31m  Encountered a syntax error while rendering template: check <div class="container">[0m
     [31m    <div class="row">[0m
     [31m      <div class='mx-auto col-11 col-sm-10 col-lg-8 col-xl-6'>[0m
     [31m        <h1>welcome to <i class="fas fa-book"></i><strong>Bookers</strong>  !!</h1>[0m
     [31m        <p>In  <i class="fas fa-book"></i><strong>Bookers</strong>, </p>[0m
     [31m        <p>you can share and exchange  your opinions , inpressions , and emotions</p>[0m
     [31m        <p> about various books!</p>[0m
     [31m        <div class="btn-wrapper col-10 mx-auto">[0m
     [31m          <div class="row">[0m
     [31m            <%= link_to 'Log in', new_user_session_path, class: "btn btn-info btn-sm btn-block mb-3 sign_in" %>[0m
     [31m          </div>[0m
     [31m          <div class="row">[0m
     [31m            <%= link_to 'Sign Up', new_user_registration_path', class: "btn btn-success btn-sm btn-block sign_up" %>[0m
     [31m          </div>[0m
     [31m        </div>[0m
     [31m      </div>[0m
     [31m    </div>[0m
     [31m  </div>[0m
     [36m# ./app/views/homes/top.html.erb:13: syntax error, unexpected tSTRING_BEG, expecting do or '{' or '('[0m
     [36m# ...p', new_user_registration_path', class: "btn btn-success btn...[0m
     [36m# ...                              ^[0m
     [36m# ./app/views/homes/top.html.erb:14: syntax error, unexpected '<', expecting ')'[0m
     [36m#         </div>[0m
     [36m#         ^[0m
     [36m# ./app/views/homes/top.html.erb:15: unknown regexp options - dv[0m
     [36m# ./app/views/homes/top.html.erb:16: syntax error, unexpected '<'[0m
     [36m#     </div>[0m
     [36m#     ^[0m
     [36m# ./app/views/homes/top.html.erb:17: unknown regexp options - dv[0m
     [36m# ./app/views/homes/top.html.erb:18: syntax error, unexpected '<'[0m
     [36m# </div>[0m
     [36m# ^[0m
     [36m# ./app/views/homes/top.html.erb:22: unterminated regexp meets end of file[0m
     [36m#           end[0m
     [36m#               ^[0m
     [36m# ./app/views/homes/top.html.erb:22: syntax error, unexpected end-of-input, expecting ')'[0m
     [36m# ./app/views/homes/top.html.erb:13: syntax error, unexpected tSTRING_BEG, expecting do or '{' or '('[0m
     [36m# ...p', new_user_registration_path', class: "btn btn-success btn...[0m
     [36m# ...                              ^[0m
     [36m# ./app/views/homes/top.html.erb:14: syntax error, unexpected '<', expecting ')'[0m
     [36m#         </div>[0m
     [36m#         ^[0m
     [36m# ./app/views/homes/top.html.erb:15: unknown regexp options - dv[0m
     [36m# ./app/views/homes/top.html.erb:16: syntax error, unexpected '<'[0m
     [36m#     </div>[0m
     [36m#     ^[0m
     [36m# ./app/views/homes/top.html.erb:17: unknown regexp options - dv[0m
     [36m# ./app/views/homes/top.html.erb:18: syntax error, unexpected '<'[0m
     [36m# </div>[0m
     [36m# ^[0m
     [36m# ./app/views/homes/top.html.erb:22: unterminated regexp meets end of file[0m
     [36m#           end[0m
     [36m#               ^[0m
     [36m# ./app/views/homes/top.html.erb:22: syntax error, unexpected end-of-input, expecting ')'[0m
     [36m# /home/ec2-user/.rvm/gems/ruby-2.6.3/gems/actiontext-6.1.4/lib/action_text/rendering.rb:20:in `with_renderer'[0m
     [36m# /home/ec2-user/.rvm/gems/ruby-2.6.3/gems/actiontext-6.1.4/lib/action_text/engine.rb:59:in `block (4 levels) in <class:Engine>'[0m
     [36m# /home/ec2-user/.rvm/gems/ruby-2.6.3/gems/warden-1.2.9/lib/warden/manager.rb:36:in `block in call'[0m
     [36m# /home/ec2-user/.rvm/gems/ruby-2.6.3/gems/warden-1.2.9/lib/warden/manager.rb:34:in `catch'[0m
     [36m# /home/ec2-user/.rvm/gems/ruby-2.6.3/gems/warden-1.2.9/lib/warden/manager.rb:34:in `call'[0m
     [36m# /home/ec2-user/.rvm/gems/ruby-2.6.3/gems/rack-2.2.3/lib/rack/tempfile_reaper.rb:15:in `call'[0m
     [36m# /home/ec2-user/.rvm/gems/ruby-2.6.3/gems/rack-2.2.3/lib/rack/etag.rb:27:in `call'[0m
     [36m# /home/ec2-user/.rvm/gems/ruby-2.6.3/gems/rack-2.2.3/lib/rack/conditional_get.rb:27:in `call'[0m
     [36m# /home/ec2-user/.rvm/gems/ruby-2.6.3/gems/rack-2.2.3/lib/rack/head.rb:12:in `call'[0m
     [36m# /home/ec2-user/.rvm/gems/ruby-2.6.3/gems/rack-2.2.3/lib/rack/session/abstract/id.rb:266:in `context'[0m
     [36m# /home/ec2-user/.rvm/gems/ruby-2.6.3/gems/rack-2.2.3/lib/rack/session/abstract/id.rb:260:in `call'[0m
     [36m# /home/ec2-user/.rvm/gems/ruby-2.6.3/gems/railties-6.1.4/lib/rails/rack/logger.rb:37:in `call_app'[0m
     [36m# /home/ec2-user/.rvm/gems/ruby-2.6.3/gems/railties-6.1.4/lib/rails/rack/logger.rb:26:in `block in call'[0m
     [36m# /home/ec2-user/.rvm/gems/ruby-2.6.3/gems/railties-6.1.4/lib/rails/rack/logger.rb:26:in `call'[0m
     [36m# /home/ec2-user/.rvm/gems/ruby-2.6.3/gems/rack-2.2.3/lib/rack/method_override.rb:24:in `call'[0m
     [36m# /home/ec2-user/.rvm/gems/ruby-2.6.3/gems/rack-2.2.3/lib/rack/runtime.rb:22:in `call'[0m
     [36m# /home/ec2-user/.rvm/gems/ruby-2.6.3/gems/rack-2.2.3/lib/rack/sendfile.rb:110:in `call'[0m
     [36m# /home/ec2-user/.rvm/gems/ruby-2.6.3/gems/railties-6.1.4/lib/rails/engine.rb:539:in `call'[0m
     [36m# /home/ec2-user/.rvm/gems/ruby-2.6.3/gems/rack-2.2.3/lib/rack/urlmap.rb:74:in `block in call'[0m
     [36m# /home/ec2-user/.rvm/gems/ruby-2.6.3/gems/rack-2.2.3/lib/rack/urlmap.rb:58:in `each'[0m
     [36m# /home/ec2-user/.rvm/gems/ruby-2.6.3/gems/rack-2.2.3/lib/rack/urlmap.rb:58:in `call'[0m
     [36m# /home/ec2-user/.rvm/gems/ruby-2.6.3/gems/rack-2.2.3/lib/rack/builder.rb:244:in `call'[0m
     [36m# /home/ec2-user/.rvm/gems/ruby-2.6.3/gems/rack-test-1.1.0/lib/rack/mock_session.rb:29:in `request'[0m
     [36m# /home/ec2-user/.rvm/gems/ruby-2.6.3/gems/rack-test-1.1.0/lib/rack/test.rb:266:in `process_request'[0m
     [36m# /home/ec2-user/.rvm/gems/ruby-2.6.3/gems/rack-test-1.1.0/lib/rack/test.rb:129:in `custom_request'[0m
     [36m# /home/ec2-user/.rvm/gems/ruby-2.6.3/gems/rack-test-1.1.0/lib/rack/test.rb:58:in `get'[0m
     [36m# /home/ec2-user/.rvm/gems/ruby-2.6.3/gems/capybara-3.35.3/lib/capybara/rack_test/browser.rb:72:in `process'[0m
     [36m# /home/ec2-user/.rvm/gems/ruby-2.6.3/gems/capybara-3.35.3/lib/capybara/rack_test/browser.rb:47:in `process_and_follow_redirects'[0m
     [36m# /home/ec2-user/.rvm/gems/ruby-2.6.3/gems/capybara-3.35.3/lib/capybara/rack_test/browser.rb:24:in `visit'[0m
     [36m# /home/ec2-user/.rvm/gems/ruby-2.6.3/gems/capybara-3.35.3/lib/capybara/rack_test/driver.rb:46:in `visit'[0m
     [36m# /home/ec2-user/.rvm/gems/ruby-2.6.3/gems/capybara-3.35.3/lib/capybara/session.rb:278:in `visit'[0m
     [36m# /home/ec2-user/.rvm/gems/ruby-2.6.3/gems/capybara-3.35.3/lib/capybara/dsl.rb:58:in `block (2 levels) in <module:DSL>'[0m
     [36m# ./spec/system/01_before_login_spec.rb:46:in `block (3 levels) in <main>'[0m
     [36m# ------------------[0m
     [36m# --- Caused by: ---[0m
     [36m# SyntaxError:[0m
     [36m#   /home/ec2-user/environment/bookers2-debug/app/views/homes/top.html.erb:13: syntax error, unexpected tSTRING_BEG, expecting do or '{' or '('[0m
     [36m#   ...p', new_user_registration_path', class: "btn btn-success btn...[0m
     [36m#   ...                              ^[0m
     [36m#   /home/ec2-user/environment/bookers2-debug/app/views/homes/top.html.erb:14: syntax error, unexpected '<', expecting ')'[0m
     [36m#           </div>[0m
     [36m#           ^[0m
     [36m#   /home/ec2-user/environment/bookers2-debug/app/views/homes/top.html.erb:15: unknown regexp options - dv[0m
     [36m#   /home/ec2-user/environment/bookers2-debug/app/views/homes/top.html.erb:16: syntax error, unexpected '<'[0m
     [36m#       </div>[0m
     [36m#       ^[0m
     [36m#   /home/ec2-user/environment/bookers2-debug/app/views/homes/top.html.erb:17: unknown regexp options - dv[0m
     [36m#   /home/ec2-user/environment/bookers2-debug/app/views/homes/top.html.erb:18: syntax error, unexpected '<'[0m
     [36m#   </div>[0m
     [36m#   ^[0m
     [36m#   /home/ec2-user/environment/bookers2-debug/app/views/homes/top.html.erb:22: unterminated regexp meets end of file[0m
     [36m#             end[0m
     [36m#                 ^[0m
     [36m#   /home/ec2-user/environment/bookers2-debug/app/views/homes/top.html.erb:22: syntax error, unexpected end-of-input, expecting ')'[0m
     [36m#   ./app/views/homes/top.html.erb:13: syntax error, unexpected tSTRING_BEG, expecting do or '{' or '('[0m

  9) [STEP1] ユーザログイン前のテスト ヘッダーのテスト: ログインしていない場合 表示内容の確認 sign upリンクが表示される: 左上から3番目のリンクが「sign up」である
     [31mFailure/Error: <%= link_to 'Sign Up', new_user_registration_path', class: "btn btn-success btn-sm btn-block sign_up" %>[0m
     [31m[0m
     [31mActionView::SyntaxErrorInTemplate:[0m
     [31m  Encountered a syntax error while rendering template: check <div class="container">[0m
     [31m    <div class="row">[0m
     [31m      <div class='mx-auto col-11 col-sm-10 col-lg-8 col-xl-6'>[0m
     [31m        <h1>welcome to <i class="fas fa-book"></i><strong>Bookers</strong>  !!</h1>[0m
     [31m        <p>In  <i class="fas fa-book"></i><strong>Bookers</strong>, </p>[0m
     [31m        <p>you can share and exchange  your opinions , inpressions , and emotions</p>[0m
     [31m        <p> about various books!</p>[0m
     [31m        <div class="btn-wrapper col-10 mx-auto">[0m
     [31m          <div class="row">[0m
     [31m            <%= link_to 'Log in', new_user_session_path, class: "btn btn-info btn-sm btn-block mb-3 sign_in" %>[0m
     [31m          </div>[0m
     [31m          <div class="row">[0m
     [31m            <%= link_to 'Sign Up', new_user_registration_path', class: "btn btn-success btn-sm btn-block sign_up" %>[0m
     [31m          </div>[0m
     [31m        </div>[0m
     [31m      </div>[0m
     [31m    </div>[0m
     [31m  </div>[0m
     [36m# ./app/views/homes/top.html.erb:13: syntax error, unexpected tSTRING_BEG, expecting do or '{' or '('[0m
     [36m# ...p', new_user_registration_path', class: "btn btn-success btn...[0m
     [36m# ...                              ^[0m
     [36m# ./app/views/homes/top.html.erb:14: syntax error, unexpected '<', expecting ')'[0m
     [36m#         </div>[0m
     [36m#         ^[0m
     [36m# ./app/views/homes/top.html.erb:15: unknown regexp options - dv[0m
     [36m# ./app/views/homes/top.html.erb:16: syntax error, unexpected '<'[0m
     [36m#     </div>[0m
     [36m#     ^[0m
     [36m# ./app/views/homes/top.html.erb:17: unknown regexp options - dv[0m
     [36m# ./app/views/homes/top.html.erb:18: syntax error, unexpected '<'[0m
     [36m# </div>[0m
     [36m# ^[0m
     [36m# ./app/views/homes/top.html.erb:22: unterminated regexp meets end of file[0m
     [36m#           end[0m
     [36m#               ^[0m
     [36m# ./app/views/homes/top.html.erb:22: syntax error, unexpected end-of-input, expecting ')'[0m
     [36m# ./app/views/homes/top.html.erb:13: syntax error, unexpected tSTRING_BEG, expecting do or '{' or '('[0m
     [36m# ...p', new_user_registration_path', class: "btn btn-success btn...[0m
     [36m# ...                              ^[0m
     [36m# ./app/views/homes/top.html.erb:14: syntax error, unexpected '<', expecting ')'[0m
     [36m#         </div>[0m
     [36m#         ^[0m
     [36m# ./app/views/homes/top.html.erb:15: unknown regexp options - dv[0m
     [36m# ./app/views/homes/top.html.erb:16: syntax error, unexpected '<'[0m
     [36m#     </div>[0m
     [36m#     ^[0m
     [36m# ./app/views/homes/top.html.erb:17: unknown regexp options - dv[0m
     [36m# ./app/views/homes/top.html.erb:18: syntax error, unexpected '<'[0m
     [36m# </div>[0m
     [36m# ^[0m
     [36m# ./app/views/homes/top.html.erb:22: unterminated regexp meets end of file[0m
     [36m#           end[0m
     [36m#               ^[0m
     [36m# ./app/views/homes/top.html.erb:22: syntax error, unexpected end-of-input, expecting ')'[0m
     [36m# /home/ec2-user/.rvm/gems/ruby-2.6.3/gems/actiontext-6.1.4/lib/action_text/rendering.rb:20:in `with_renderer'[0m
     [36m# /home/ec2-user/.rvm/gems/ruby-2.6.3/gems/actiontext-6.1.4/lib/action_text/engine.rb:59:in `block (4 levels) in <class:Engine>'[0m
     [36m# /home/ec2-user/.rvm/gems/ruby-2.6.3/gems/warden-1.2.9/lib/warden/manager.rb:36:in `block in call'[0m
     [36m# /home/ec2-user/.rvm/gems/ruby-2.6.3/gems/warden-1.2.9/lib/warden/manager.rb:34:in `catch'[0m
     [36m# /home/ec2-user/.rvm/gems/ruby-2.6.3/gems/warden-1.2.9/lib/warden/manager.rb:34:in `call'[0m
     [36m# /home/ec2-user/.rvm/gems/ruby-2.6.3/gems/rack-2.2.3/lib/rack/tempfile_reaper.rb:15:in `call'[0m
     [36m# /home/ec2-user/.rvm/gems/ruby-2.6.3/gems/rack-2.2.3/lib/rack/etag.rb:27:in `call'[0m
     [36m# /home/ec2-user/.rvm/gems/ruby-2.6.3/gems/rack-2.2.3/lib/rack/conditional_get.rb:27:in `call'[0m
     [36m# /home/ec2-user/.rvm/gems/ruby-2.6.3/gems/rack-2.2.3/lib/rack/head.rb:12:in `call'[0m
     [36m# /home/ec2-user/.rvm/gems/ruby-2.6.3/gems/rack-2.2.3/lib/rack/session/abstract/id.rb:266:in `context'[0m
     [36m# /home/ec2-user/.rvm/gems/ruby-2.6.3/gems/rack-2.2.3/lib/rack/session/abstract/id.rb:260:in `call'[0m
     [36m# /home/ec2-user/.rvm/gems/ruby-2.6.3/gems/railties-6.1.4/lib/rails/rack/logger.rb:37:in `call_app'[0m
     [36m# /home/ec2-user/.rvm/gems/ruby-2.6.3/gems/railties-6.1.4/lib/rails/rack/logger.rb:26:in `block in call'[0m
     [36m# /home/ec2-user/.rvm/gems/ruby-2.6.3/gems/railties-6.1.4/lib/rails/rack/logger.rb:26:in `call'[0m
     [36m# /home/ec2-user/.rvm/gems/ruby-2.6.3/gems/rack-2.2.3/lib/rack/method_override.rb:24:in `call'[0m
     [36m# /home/ec2-user/.rvm/gems/ruby-2.6.3/gems/rack-2.2.3/lib/rack/runtime.rb:22:in `call'[0m
     [36m# /home/ec2-user/.rvm/gems/ruby-2.6.3/gems/rack-2.2.3/lib/rack/sendfile.rb:110:in `call'[0m
     [36m# /home/ec2-user/.rvm/gems/ruby-2.6.3/gems/railties-6.1.4/lib/rails/engine.rb:539:in `call'[0m
     [36m# /home/ec2-user/.rvm/gems/ruby-2.6.3/gems/rack-2.2.3/lib/rack/urlmap.rb:74:in `block in call'[0m
     [36m# /home/ec2-user/.rvm/gems/ruby-2.6.3/gems/rack-2.2.3/lib/rack/urlmap.rb:58:in `each'[0m
     [36m# /home/ec2-user/.rvm/gems/ruby-2.6.3/gems/rack-2.2.3/lib/rack/urlmap.rb:58:in `call'[0m
     [36m# /home/ec2-user/.rvm/gems/ruby-2.6.3/gems/rack-2.2.3/lib/rack/builder.rb:244:in `call'[0m
     [36m# /home/ec2-user/.rvm/gems/ruby-2.6.3/gems/rack-test-1.1.0/lib/rack/mock_session.rb:29:in `request'[0m
     [36m# /home/ec2-user/.rvm/gems/ruby-2.6.3/gems/rack-test-1.1.0/lib/rack/test.rb:266:in `process_request'[0m
     [36m# /home/ec2-user/.rvm/gems/ruby-2.6.3/gems/rack-test-1.1.0/lib/rack/test.rb:129:in `custom_request'[0m
     [36m# /home/ec2-user/.rvm/gems/ruby-2.6.3/gems/rack-test-1.1.0/lib/rack/test.rb:58:in `get'[0m
     [36m# /home/ec2-user/.rvm/gems/ruby-2.6.3/gems/capybara-3.35.3/lib/capybara/rack_test/browser.rb:72:in `process'[0m
     [36m# /home/ec2-user/.rvm/gems/ruby-2.6.3/gems/capybara-3.35.3/lib/capybara/rack_test/browser.rb:47:in `process_and_follow_redirects'[0m
     [36m# /home/ec2-user/.rvm/gems/ruby-2.6.3/gems/capybara-3.35.3/lib/capybara/rack_test/browser.rb:24:in `visit'[0m
     [36m# /home/ec2-user/.rvm/gems/ruby-2.6.3/gems/capybara-3.35.3/lib/capybara/rack_test/driver.rb:46:in `visit'[0m
     [36m# /home/ec2-user/.rvm/gems/ruby-2.6.3/gems/capybara-3.35.3/lib/capybara/session.rb:278:in `visit'[0m
     [36m# /home/ec2-user/.rvm/gems/ruby-2.6.3/gems/capybara-3.35.3/lib/capybara/dsl.rb:58:in `block (2 levels) in <module:DSL>'[0m
     [36m# ./spec/system/01_before_login_spec.rb:46:in `block (3 levels) in <main>'[0m
     [36m# ------------------[0m
     [36m# --- Caused by: ---[0m
     [36m# SyntaxError:[0m
     [36m#   /home/ec2-user/environment/bookers2-debug/app/views/homes/top.html.erb:13: syntax error, unexpected tSTRING_BEG, expecting do or '{' or '('[0m
     [36m#   ...p', new_user_registration_path', class: "btn btn-success btn...[0m
     [36m#   ...                              ^[0m
     [36m#   /home/ec2-user/environment/bookers2-debug/app/views/homes/top.html.erb:14: syntax error, unexpected '<', expecting ')'[0m
     [36m#           </div>[0m
     [36m#           ^[0m
     [36m#   /home/ec2-user/environment/bookers2-debug/app/views/homes/top.html.erb:15: unknown regexp options - dv[0m
     [36m#   /home/ec2-user/environment/bookers2-debug/app/views/homes/top.html.erb:16: syntax error, unexpected '<'[0m
     [36m#       </div>[0m
     [36m#       ^[0m
     [36m#   /home/ec2-user/environment/bookers2-debug/app/views/homes/top.html.erb:17: unknown regexp options - dv[0m
     [36m#   /home/ec2-user/environment/bookers2-debug/app/views/homes/top.html.erb:18: syntax error, unexpected '<'[0m
     [36m#   </div>[0m
     [36m#   ^[0m
     [36m#   /home/ec2-user/environment/bookers2-debug/app/views/homes/top.html.erb:22: unterminated regexp meets end of file[0m
     [36m#             end[0m
     [36m#                 ^[0m
     [36m#   /home/ec2-user/environment/bookers2-debug/app/views/homes/top.html.erb:22: syntax error, unexpected end-of-input, expecting ')'[0m
     [36m#   ./app/views/homes/top.html.erb:13: syntax error, unexpected tSTRING_BEG, expecting do or '{' or '('[0m

  10) [STEP1] ユーザログイン前のテスト ヘッダーのテスト: ログインしていない場合 表示内容の確認 loginリンクが表示される: 左上から4番目のリンクが「login」である
      [31mFailure/Error: <%= link_to 'Sign Up', new_user_registration_path', class: "btn btn-success btn-sm btn-block sign_up" %>[0m
      [31m[0m
      [31mActionView::SyntaxErrorInTemplate:[0m
      [31m  Encountered a syntax error while rendering template: check <div class="container">[0m
      [31m    <div class="row">[0m
      [31m      <div class='mx-auto col-11 col-sm-10 col-lg-8 col-xl-6'>[0m
      [31m        <h1>welcome to <i class="fas fa-book"></i><strong>Bookers</strong>  !!</h1>[0m
      [31m        <p>In  <i class="fas fa-book"></i><strong>Bookers</strong>, </p>[0m
      [31m        <p>you can share and exchange  your opinions , inpressions , and emotions</p>[0m
      [31m        <p> about various books!</p>[0m
      [31m        <div class="btn-wrapper col-10 mx-auto">[0m
      [31m          <div class="row">[0m
      [31m            <%= link_to 'Log in', new_user_session_path, class: "btn btn-info btn-sm btn-block mb-3 sign_in" %>[0m
      [31m          </div>[0m
      [31m          <div class="row">[0m
      [31m            <%= link_to 'Sign Up', new_user_registration_path', class: "btn btn-success btn-sm btn-block sign_up" %>[0m
      [31m          </div>[0m
      [31m        </div>[0m
      [31m      </div>[0m
      [31m    </div>[0m
      [31m  </div>[0m
      [36m# ./app/views/homes/top.html.erb:13: syntax error, unexpected tSTRING_BEG, expecting do or '{' or '('[0m
      [36m# ...p', new_user_registration_path', class: "btn btn-success btn...[0m
      [36m# ...                              ^[0m
      [36m# ./app/views/homes/top.html.erb:14: syntax error, unexpected '<', expecting ')'[0m
      [36m#         </div>[0m
      [36m#         ^[0m
      [36m# ./app/views/homes/top.html.erb:15: unknown regexp options - dv[0m
      [36m# ./app/views/homes/top.html.erb:16: syntax error, unexpected '<'[0m
      [36m#     </div>[0m
      [36m#     ^[0m
      [36m# ./app/views/homes/top.html.erb:17: unknown regexp options - dv[0m
      [36m# ./app/views/homes/top.html.erb:18: syntax error, unexpected '<'[0m
      [36m# </div>[0m
      [36m# ^[0m
      [36m# ./app/views/homes/top.html.erb:22: unterminated regexp meets end of file[0m
      [36m#           end[0m
      [36m#               ^[0m
      [36m# ./app/views/homes/top.html.erb:22: syntax error, unexpected end-of-input, expecting ')'[0m
      [36m# ./app/views/homes/top.html.erb:13: syntax error, unexpected tSTRING_BEG, expecting do or '{' or '('[0m
      [36m# ...p', new_user_registration_path', class: "btn btn-success btn...[0m
      [36m# ...                              ^[0m
      [36m# ./app/views/homes/top.html.erb:14: syntax error, unexpected '<', expecting ')'[0m
      [36m#         </div>[0m
      [36m#         ^[0m
      [36m# ./app/views/homes/top.html.erb:15: unknown regexp options - dv[0m
      [36m# ./app/views/homes/top.html.erb:16: syntax error, unexpected '<'[0m
      [36m#     </div>[0m
      [36m#     ^[0m
      [36m# ./app/views/homes/top.html.erb:17: unknown regexp options - dv[0m
      [36m# ./app/views/homes/top.html.erb:18: syntax error, unexpected '<'[0m
      [36m# </div>[0m
      [36m# ^[0m
      [36m# ./app/views/homes/top.html.erb:22: unterminated regexp meets end of file[0m
      [36m#           end[0m
      [36m#               ^[0m
      [36m# ./app/views/homes/top.html.erb:22: syntax error, unexpected end-of-input, expecting ')'[0m
      [36m# /home/ec2-user/.rvm/gems/ruby-2.6.3/gems/actiontext-6.1.4/lib/action_text/rendering.rb:20:in `with_renderer'[0m
      [36m# /home/ec2-user/.rvm/gems/ruby-2.6.3/gems/actiontext-6.1.4/lib/action_text/engine.rb:59:in `block (4 levels) in <class:Engine>'[0m
      [36m# /home/ec2-user/.rvm/gems/ruby-2.6.3/gems/warden-1.2.9/lib/warden/manager.rb:36:in `block in call'[0m
      [36m# /home/ec2-user/.rvm/gems/ruby-2.6.3/gems/warden-1.2.9/lib/warden/manager.rb:34:in `catch'[0m
      [36m# /home/ec2-user/.rvm/gems/ruby-2.6.3/gems/warden-1.2.9/lib/warden/manager.rb:34:in `call'[0m
      [36m# /home/ec2-user/.rvm/gems/ruby-2.6.3/gems/rack-2.2.3/lib/rack/tempfile_reaper.rb:15:in `call'[0m
      [36m# /home/ec2-user/.rvm/gems/ruby-2.6.3/gems/rack-2.2.3/lib/rack/etag.rb:27:in `call'[0m
      [36m# /home/ec2-user/.rvm/gems/ruby-2.6.3/gems/rack-2.2.3/lib/rack/conditional_get.rb:27:in `call'[0m
      [36m# /home/ec2-user/.rvm/gems/ruby-2.6.3/gems/rack-2.2.3/lib/rack/head.rb:12:in `call'[0m
      [36m# /home/ec2-user/.rvm/gems/ruby-2.6.3/gems/rack-2.2.3/lib/rack/session/abstract/id.rb:266:in `context'[0m
      [36m# /home/ec2-user/.rvm/gems/ruby-2.6.3/gems/rack-2.2.3/lib/rack/session/abstract/id.rb:260:in `call'[0m
      [36m# /home/ec2-user/.rvm/gems/ruby-2.6.3/gems/railties-6.1.4/lib/rails/rack/logger.rb:37:in `call_app'[0m
      [36m# /home/ec2-user/.rvm/gems/ruby-2.6.3/gems/railties-6.1.4/lib/rails/rack/logger.rb:26:in `block in call'[0m
      [36m# /home/ec2-user/.rvm/gems/ruby-2.6.3/gems/railties-6.1.4/lib/rails/rack/logger.rb:26:in `call'[0m
      [36m# /home/ec2-user/.rvm/gems/ruby-2.6.3/gems/rack-2.2.3/lib/rack/method_override.rb:24:in `call'[0m
      [36m# /home/ec2-user/.rvm/gems/ruby-2.6.3/gems/rack-2.2.3/lib/rack/runtime.rb:22:in `call'[0m
      [36m# /home/ec2-user/.rvm/gems/ruby-2.6.3/gems/rack-2.2.3/lib/rack/sendfile.rb:110:in `call'[0m
      [36m# /home/ec2-user/.rvm/gems/ruby-2.6.3/gems/railties-6.1.4/lib/rails/engine.rb:539:in `call'[0m
      [36m# /home/ec2-user/.rvm/gems/ruby-2.6.3/gems/rack-2.2.3/lib/rack/urlmap.rb:74:in `block in call'[0m
      [36m# /home/ec2-user/.rvm/gems/ruby-2.6.3/gems/rack-2.2.3/lib/rack/urlmap.rb:58:in `each'[0m
      [36m# /home/ec2-user/.rvm/gems/ruby-2.6.3/gems/rack-2.2.3/lib/rack/urlmap.rb:58:in `call'[0m
      [36m# /home/ec2-user/.rvm/gems/ruby-2.6.3/gems/rack-2.2.3/lib/rack/builder.rb:244:in `call'[0m
      [36m# /home/ec2-user/.rvm/gems/ruby-2.6.3/gems/rack-test-1.1.0/lib/rack/mock_session.rb:29:in `request'[0m
      [36m# /home/ec2-user/.rvm/gems/ruby-2.6.3/gems/rack-test-1.1.0/lib/rack/test.rb:266:in `process_request'[0m
      [36m# /home/ec2-user/.rvm/gems/ruby-2.6.3/gems/rack-test-1.1.0/lib/rack/test.rb:129:in `custom_request'[0m
      [36m# /home/ec2-user/.rvm/gems/ruby-2.6.3/gems/rack-test-1.1.0/lib/rack/test.rb:58:in `get'[0m
      [36m# /home/ec2-user/.rvm/gems/ruby-2.6.3/gems/capybara-3.35.3/lib/capybara/rack_test/browser.rb:72:in `process'[0m
      [36m# /home/ec2-user/.rvm/gems/ruby-2.6.3/gems/capybara-3.35.3/lib/capybara/rack_test/browser.rb:47:in `process_and_follow_redirects'[0m
      [36m# /home/ec2-user/.rvm/gems/ruby-2.6.3/gems/capybara-3.35.3/lib/capybara/rack_test/browser.rb:24:in `visit'[0m
      [36m# /home/ec2-user/.rvm/gems/ruby-2.6.3/gems/capybara-3.35.3/lib/capybara/rack_test/driver.rb:46:in `visit'[0m
      [36m# /home/ec2-user/.rvm/gems/ruby-2.6.3/gems/capybara-3.35.3/lib/capybara/session.rb:278:in `visit'[0m
      [36m# /home/ec2-user/.rvm/gems/ruby-2.6.3/gems/capybara-3.35.3/lib/capybara/dsl.rb:58:in `block (2 levels) in <module:DSL>'[0m
      [36m# ./spec/system/01_before_login_spec.rb:46:in `block (3 levels) in <main>'[0m
      [36m# ------------------[0m
      [36m# --- Caused by: ---[0m
      [36m# SyntaxError:[0m
      [36m#   /home/ec2-user/environment/bookers2-debug/app/views/homes/top.html.erb:13: syntax error, unexpected tSTRING_BEG, expecting do or '{' or '('[0m
      [36m#   ...p', new_user_registration_path', class: "btn btn-success btn...[0m
      [36m#   ...                              ^[0m
      [36m#   /home/ec2-user/environment/bookers2-debug/app/views/homes/top.html.erb:14: syntax error, unexpected '<', expecting ')'[0m
      [36m#           </div>[0m
      [36m#           ^[0m
      [36m#   /home/ec2-user/environment/bookers2-debug/app/views/homes/top.html.erb:15: unknown regexp options - dv[0m
      [36m#   /home/ec2-user/environment/bookers2-debug/app/views/homes/top.html.erb:16: syntax error, unexpected '<'[0m
      [36m#       </div>[0m
      [36m#       ^[0m
      [36m#   /home/ec2-user/environment/bookers2-debug/app/views/homes/top.html.erb:17: unknown regexp options - dv[0m
      [36m#   /home/ec2-user/environment/bookers2-debug/app/views/homes/top.html.erb:18: syntax error, unexpected '<'[0m
      [36m#   </div>[0m
      [36m#   ^[0m
      [36m#   /home/ec2-user/environment/bookers2-debug/app/views/homes/top.html.erb:22: unterminated regexp meets end of file[0m
      [36m#             end[0m
      [36m#                 ^[0m
      [36m#   /home/ec2-user/environment/bookers2-debug/app/views/homes/top.html.erb:22: syntax error, unexpected end-of-input, expecting ')'[0m
      [36m#   ./app/views/homes/top.html.erb:13: syntax error, unexpected tSTRING_BEG, expecting do or '{' or '('[0m

  11) [STEP1] ユーザログイン前のテスト ヘッダーのテスト: ログインしていない場合 リンクの内容を確認 Homeを押すと、トップ画面に遷移する
      [31mFailure/Error: <%= link_to 'Sign Up', new_user_registration_path', class: "btn btn-success btn-sm btn-block sign_up" %>[0m
      [31m[0m
      [31mActionView::SyntaxErrorInTemplate:[0m
      [31m  Encountered a syntax error while rendering template: check <div class="container">[0m
      [31m    <div class="row">[0m
      [31m      <div class='mx-auto col-11 col-sm-10 col-lg-8 col-xl-6'>[0m
      [31m        <h1>welcome to <i class="fas fa-book"></i><strong>Bookers</strong>  !!</h1>[0m
      [31m        <p>In  <i class="fas fa-book"></i><strong>Bookers</strong>, </p>[0m
      [31m        <p>you can share and exchange  your opinions , inpressions , and emotions</p>[0m
      [31m        <p> about various books!</p>[0m
      [31m        <div class="btn-wrapper col-10 mx-auto">[0m
      [31m          <div class="row">[0m
      [31m            <%= link_to 'Log in', new_user_session_path, class: "btn btn-info btn-sm btn-block mb-3 sign_in" %>[0m
      [31m          </div>[0m
      [31m          <div class="row">[0m
      [31m            <%= link_to 'Sign Up', new_user_registration_path', class: "btn btn-success btn-sm btn-block sign_up" %>[0m
      [31m          </div>[0m
      [31m        </div>[0m
      [31m      </div>[0m
      [31m    </div>[0m
      [31m  </div>[0m
      [36m# ./app/views/homes/top.html.erb:13: syntax error, unexpected tSTRING_BEG, expecting do or '{' or '('[0m
      [36m# ...p', new_user_registration_path', class: "btn btn-success btn...[0m
      [36m# ...                              ^[0m
      [36m# ./app/views/homes/top.html.erb:14: syntax error, unexpected '<', expecting ')'[0m
      [36m#         </div>[0m
      [36m#         ^[0m
      [36m# ./app/views/homes/top.html.erb:15: unknown regexp options - dv[0m
      [36m# ./app/views/homes/top.html.erb:16: syntax error, unexpected '<'[0m
      [36m#     </div>[0m
      [36m#     ^[0m
      [36m# ./app/views/homes/top.html.erb:17: unknown regexp options - dv[0m
      [36m# ./app/views/homes/top.html.erb:18: syntax error, unexpected '<'[0m
      [36m# </div>[0m
      [36m# ^[0m
      [36m# ./app/views/homes/top.html.erb:22: unterminated regexp meets end of file[0m
      [36m#           end[0m
      [36m#               ^[0m
      [36m# ./app/views/homes/top.html.erb:22: syntax error, unexpected end-of-input, expecting ')'[0m
      [36m# ./app/views/homes/top.html.erb:13: syntax error, unexpected tSTRING_BEG, expecting do or '{' or '('[0m
      [36m# ...p', new_user_registration_path', class: "btn btn-success btn...[0m
      [36m# ...                              ^[0m
      [36m# ./app/views/homes/top.html.erb:14: syntax error, unexpected '<', expecting ')'[0m
      [36m#         </div>[0m
      [36m#         ^[0m
      [36m# ./app/views/homes/top.html.erb:15: unknown regexp options - dv[0m
      [36m# ./app/views/homes/top.html.erb:16: syntax error, unexpected '<'[0m
      [36m#     </div>[0m
      [36m#     ^[0m
      [36m# ./app/views/homes/top.html.erb:17: unknown regexp options - dv[0m
      [36m# ./app/views/homes/top.html.erb:18: syntax error, unexpected '<'[0m
      [36m# </div>[0m
      [36m# ^[0m
      [36m# ./app/views/homes/top.html.erb:22: unterminated regexp meets end of file[0m
      [36m#           end[0m
      [36m#               ^[0m
      [36m# ./app/views/homes/top.html.erb:22: syntax error, unexpected end-of-input, expecting ')'[0m
      [36m# /home/ec2-user/.rvm/gems/ruby-2.6.3/gems/actiontext-6.1.4/lib/action_text/rendering.rb:20:in `with_renderer'[0m
      [36m# /home/ec2-user/.rvm/gems/ruby-2.6.3/gems/actiontext-6.1.4/lib/action_text/engine.rb:59:in `block (4 levels) in <class:Engine>'[0m
      [36m# /home/ec2-user/.rvm/gems/ruby-2.6.3/gems/warden-1.2.9/lib/warden/manager.rb:36:in `block in call'[0m
      [36m# /home/ec2-user/.rvm/gems/ruby-2.6.3/gems/warden-1.2.9/lib/warden/manager.rb:34:in `catch'[0m
      [36m# /home/ec2-user/.rvm/gems/ruby-2.6.3/gems/warden-1.2.9/lib/warden/manager.rb:34:in `call'[0m
      [36m# /home/ec2-user/.rvm/gems/ruby-2.6.3/gems/rack-2.2.3/lib/rack/tempfile_reaper.rb:15:in `call'[0m
      [36m# /home/ec2-user/.rvm/gems/ruby-2.6.3/gems/rack-2.2.3/lib/rack/etag.rb:27:in `call'[0m
      [36m# /home/ec2-user/.rvm/gems/ruby-2.6.3/gems/rack-2.2.3/lib/rack/conditional_get.rb:27:in `call'[0m
      [36m# /home/ec2-user/.rvm/gems/ruby-2.6.3/gems/rack-2.2.3/lib/rack/head.rb:12:in `call'[0m
      [36m# /home/ec2-user/.rvm/gems/ruby-2.6.3/gems/rack-2.2.3/lib/rack/session/abstract/id.rb:266:in `context'[0m
      [36m# /home/ec2-user/.rvm/gems/ruby-2.6.3/gems/rack-2.2.3/lib/rack/session/abstract/id.rb:260:in `call'[0m
      [36m# /home/ec2-user/.rvm/gems/ruby-2.6.3/gems/railties-6.1.4/lib/rails/rack/logger.rb:37:in `call_app'[0m
      [36m# /home/ec2-user/.rvm/gems/ruby-2.6.3/gems/railties-6.1.4/lib/rails/rack/logger.rb:26:in `block in call'[0m
      [36m# /home/ec2-user/.rvm/gems/ruby-2.6.3/gems/railties-6.1.4/lib/rails/rack/logger.rb:26:in `call'[0m
      [36m# /home/ec2-user/.rvm/gems/ruby-2.6.3/gems/rack-2.2.3/lib/rack/method_override.rb:24:in `call'[0m
      [36m# /home/ec2-user/.rvm/gems/ruby-2.6.3/gems/rack-2.2.3/lib/rack/runtime.rb:22:in `call'[0m
      [36m# /home/ec2-user/.rvm/gems/ruby-2.6.3/gems/rack-2.2.3/lib/rack/sendfile.rb:110:in `call'[0m
      [36m# /home/ec2-user/.rvm/gems/ruby-2.6.3/gems/railties-6.1.4/lib/rails/engine.rb:539:in `call'[0m
      [36m# /home/ec2-user/.rvm/gems/ruby-2.6.3/gems/rack-2.2.3/lib/rack/urlmap.rb:74:in `block in call'[0m
      [36m# /home/ec2-user/.rvm/gems/ruby-2.6.3/gems/rack-2.2.3/lib/rack/urlmap.rb:58:in `each'[0m
      [36m# /home/ec2-user/.rvm/gems/ruby-2.6.3/gems/rack-2.2.3/lib/rack/urlmap.rb:58:in `call'[0m
      [36m# /home/ec2-user/.rvm/gems/ruby-2.6.3/gems/rack-2.2.3/lib/rack/builder.rb:244:in `call'[0m
      [36m# /home/ec2-user/.rvm/gems/ruby-2.6.3/gems/rack-test-1.1.0/lib/rack/mock_session.rb:29:in `request'[0m
      [36m# /home/ec2-user/.rvm/gems/ruby-2.6.3/gems/rack-test-1.1.0/lib/rack/test.rb:266:in `process_request'[0m
      [36m# /home/ec2-user/.rvm/gems/ruby-2.6.3/gems/rack-test-1.1.0/lib/rack/test.rb:129:in `custom_request'[0m
      [36m# /home/ec2-user/.rvm/gems/ruby-2.6.3/gems/rack-test-1.1.0/lib/rack/test.rb:58:in `get'[0m
      [36m# /home/ec2-user/.rvm/gems/ruby-2.6.3/gems/capybara-3.35.3/lib/capybara/rack_test/browser.rb:72:in `process'[0m
      [36m# /home/ec2-user/.rvm/gems/ruby-2.6.3/gems/capybara-3.35.3/lib/capybara/rack_test/browser.rb:47:in `process_and_follow_redirects'[0m
      [36m# /home/ec2-user/.rvm/gems/ruby-2.6.3/gems/capybara-3.35.3/lib/capybara/rack_test/browser.rb:24:in `visit'[0m
      [36m# /home/ec2-user/.rvm/gems/ruby-2.6.3/gems/capybara-3.35.3/lib/capybara/rack_test/driver.rb:46:in `visit'[0m
      [36m# /home/ec2-user/.rvm/gems/ruby-2.6.3/gems/capybara-3.35.3/lib/capybara/session.rb:278:in `visit'[0m
      [36m# /home/ec2-user/.rvm/gems/ruby-2.6.3/gems/capybara-3.35.3/lib/capybara/dsl.rb:58:in `block (2 levels) in <module:DSL>'[0m
      [36m# ./spec/system/01_before_login_spec.rb:46:in `block (3 levels) in <main>'[0m
      [36m# ------------------[0m
      [36m# --- Caused by: ---[0m
      [36m# SyntaxError:[0m
      [36m#   /home/ec2-user/environment/bookers2-debug/app/views/homes/top.html.erb:13: syntax error, unexpected tSTRING_BEG, expecting do or '{' or '('[0m
      [36m#   ...p', new_user_registration_path', class: "btn btn-success btn...[0m
      [36m#   ...                              ^[0m
      [36m#   /home/ec2-user/environment/bookers2-debug/app/views/homes/top.html.erb:14: syntax error, unexpected '<', expecting ')'[0m
      [36m#           </div>[0m
      [36m#           ^[0m
      [36m#   /home/ec2-user/environment/bookers2-debug/app/views/homes/top.html.erb:15: unknown regexp options - dv[0m
      [36m#   /home/ec2-user/environment/bookers2-debug/app/views/homes/top.html.erb:16: syntax error, unexpected '<'[0m
      [36m#       </div>[0m
      [36m#       ^[0m
      [36m#   /home/ec2-user/environment/bookers2-debug/app/views/homes/top.html.erb:17: unknown regexp options - dv[0m
      [36m#   /home/ec2-user/environment/bookers2-debug/app/views/homes/top.html.erb:18: syntax error, unexpected '<'[0m
      [36m#   </div>[0m
      [36m#   ^[0m
      [36m#   /home/ec2-user/environment/bookers2-debug/app/views/homes/top.html.erb:22: unterminated regexp meets end of file[0m
      [36m#             end[0m
      [36m#                 ^[0m
      [36m#   /home/ec2-user/environment/bookers2-debug/app/views/homes/top.html.erb:22: syntax error, unexpected end-of-input, expecting ')'[0m
      [36m#   ./app/views/homes/top.html.erb:13: syntax error, unexpected tSTRING_BEG, expecting do or '{' or '('[0m

  12) [STEP1] ユーザログイン前のテスト ヘッダーのテスト: ログインしていない場合 リンクの内容を確認 Aboutを押すと、アバウト画面に遷移する
      [31mFailure/Error: <%= link_to 'Sign Up', new_user_registration_path', class: "btn btn-success btn-sm btn-block sign_up" %>[0m
      [31m[0m
      [31mActionView::SyntaxErrorInTemplate:[0m
      [31m  Encountered a syntax error while rendering template: check <div class="container">[0m
      [31m    <div class="row">[0m
      [31m      <div class='mx-auto col-11 col-sm-10 col-lg-8 col-xl-6'>[0m
      [31m        <h1>welcome to <i class="fas fa-book"></i><strong>Bookers</strong>  !!</h1>[0m
      [31m        <p>In  <i class="fas fa-book"></i><strong>Bookers</strong>, </p>[0m
      [31m        <p>you can share and exchange  your opinions , inpressions , and emotions</p>[0m
      [31m        <p> about various books!</p>[0m
      [31m        <div class="btn-wrapper col-10 mx-auto">[0m
      [31m          <div class="row">[0m
      [31m            <%= link_to 'Log in', new_user_session_path, class: "btn btn-info btn-sm btn-block mb-3 sign_in" %>[0m
      [31m          </div>[0m
      [31m          <div class="row">[0m
      [31m            <%= link_to 'Sign Up', new_user_registration_path', class: "btn btn-success btn-sm btn-block sign_up" %>[0m
      [31m          </div>[0m
      [31m        </div>[0m
      [31m      </div>[0m
      [31m    </div>[0m
      [31m  </div>[0m
      [36m# ./app/views/homes/top.html.erb:13: syntax error, unexpected tSTRING_BEG, expecting do or '{' or '('[0m
      [36m# ...p', new_user_registration_path', class: "btn btn-success btn...[0m
      [36m# ...                              ^[0m
      [36m# ./app/views/homes/top.html.erb:14: syntax error, unexpected '<', expecting ')'[0m
      [36m#         </div>[0m
      [36m#         ^[0m
      [36m# ./app/views/homes/top.html.erb:15: unknown regexp options - dv[0m
      [36m# ./app/views/homes/top.html.erb:16: syntax error, unexpected '<'[0m
      [36m#     </div>[0m
      [36m#     ^[0m
      [36m# ./app/views/homes/top.html.erb:17: unknown regexp options - dv[0m
      [36m# ./app/views/homes/top.html.erb:18: syntax error, unexpected '<'[0m
      [36m# </div>[0m
      [36m# ^[0m
      [36m# ./app/views/homes/top.html.erb:22: unterminated regexp meets end of file[0m
      [36m#           end[0m
      [36m#               ^[0m
      [36m# ./app/views/homes/top.html.erb:22: syntax error, unexpected end-of-input, expecting ')'[0m
      [36m# ./app/views/homes/top.html.erb:13: syntax error, unexpected tSTRING_BEG, expecting do or '{' or '('[0m
      [36m# ...p', new_user_registration_path', class: "btn btn-success btn...[0m
      [36m# ...                              ^[0m
      [36m# ./app/views/homes/top.html.erb:14: syntax error, unexpected '<', expecting ')'[0m
      [36m#         </div>[0m
      [36m#         ^[0m
      [36m# ./app/views/homes/top.html.erb:15: unknown regexp options - dv[0m
      [36m# ./app/views/homes/top.html.erb:16: syntax error, unexpected '<'[0m
      [36m#     </div>[0m
      [36m#     ^[0m
      [36m# ./app/views/homes/top.html.erb:17: unknown regexp options - dv[0m
      [36m# ./app/views/homes/top.html.erb:18: syntax error, unexpected '<'[0m
      [36m# </div>[0m
      [36m# ^[0m
      [36m# ./app/views/homes/top.html.erb:22: unterminated regexp meets end of file[0m
      [36m#           end[0m
      [36m#               ^[0m
      [36m# ./app/views/homes/top.html.erb:22: syntax error, unexpected end-of-input, expecting ')'[0m
      [36m# /home/ec2-user/.rvm/gems/ruby-2.6.3/gems/actiontext-6.1.4/lib/action_text/rendering.rb:20:in `with_renderer'[0m
      [36m# /home/ec2-user/.rvm/gems/ruby-2.6.3/gems/actiontext-6.1.4/lib/action_text/engine.rb:59:in `block (4 levels) in <class:Engine>'[0m
      [36m# /home/ec2-user/.rvm/gems/ruby-2.6.3/gems/warden-1.2.9/lib/warden/manager.rb:36:in `block in call'[0m
      [36m# /home/ec2-user/.rvm/gems/ruby-2.6.3/gems/warden-1.2.9/lib/warden/manager.rb:34:in `catch'[0m
      [36m# /home/ec2-user/.rvm/gems/ruby-2.6.3/gems/warden-1.2.9/lib/warden/manager.rb:34:in `call'[0m
      [36m# /home/ec2-user/.rvm/gems/ruby-2.6.3/gems/rack-2.2.3/lib/rack/tempfile_reaper.rb:15:in `call'[0m
      [36m# /home/ec2-user/.rvm/gems/ruby-2.6.3/gems/rack-2.2.3/lib/rack/etag.rb:27:in `call'[0m
      [36m# /home/ec2-user/.rvm/gems/ruby-2.6.3/gems/rack-2.2.3/lib/rack/conditional_get.rb:27:in `call'[0m
      [36m# /home/ec2-user/.rvm/gems/ruby-2.6.3/gems/rack-2.2.3/lib/rack/head.rb:12:in `call'[0m
      [36m# /home/ec2-user/.rvm/gems/ruby-2.6.3/gems/rack-2.2.3/lib/rack/session/abstract/id.rb:266:in `context'[0m
      [36m# /home/ec2-user/.rvm/gems/ruby-2.6.3/gems/rack-2.2.3/lib/rack/session/abstract/id.rb:260:in `call'[0m
      [36m# /home/ec2-user/.rvm/gems/ruby-2.6.3/gems/railties-6.1.4/lib/rails/rack/logger.rb:37:in `call_app'[0m
      [36m# /home/ec2-user/.rvm/gems/ruby-2.6.3/gems/railties-6.1.4/lib/rails/rack/logger.rb:26:in `block in call'[0m
      [36m# /home/ec2-user/.rvm/gems/ruby-2.6.3/gems/railties-6.1.4/lib/rails/rack/logger.rb:26:in `call'[0m
      [36m# /home/ec2-user/.rvm/gems/ruby-2.6.3/gems/rack-2.2.3/lib/rack/method_override.rb:24:in `call'[0m
      [36m# /home/ec2-user/.rvm/gems/ruby-2.6.3/gems/rack-2.2.3/lib/rack/runtime.rb:22:in `call'[0m
      [36m# /home/ec2-user/.rvm/gems/ruby-2.6.3/gems/rack-2.2.3/lib/rack/sendfile.rb:110:in `call'[0m
      [36m# /home/ec2-user/.rvm/gems/ruby-2.6.3/gems/railties-6.1.4/lib/rails/engine.rb:539:in `call'[0m
      [36m# /home/ec2-user/.rvm/gems/ruby-2.6.3/gems/rack-2.2.3/lib/rack/urlmap.rb:74:in `block in call'[0m
      [36m# /home/ec2-user/.rvm/gems/ruby-2.6.3/gems/rack-2.2.3/lib/rack/urlmap.rb:58:in `each'[0m
      [36m# /home/ec2-user/.rvm/gems/ruby-2.6.3/gems/rack-2.2.3/lib/rack/urlmap.rb:58:in `call'[0m
      [36m# /home/ec2-user/.rvm/gems/ruby-2.6.3/gems/rack-2.2.3/lib/rack/builder.rb:244:in `call'[0m
      [36m# /home/ec2-user/.rvm/gems/ruby-2.6.3/gems/rack-test-1.1.0/lib/rack/mock_session.rb:29:in `request'[0m
      [36m# /home/ec2-user/.rvm/gems/ruby-2.6.3/gems/rack-test-1.1.0/lib/rack/test.rb:266:in `process_request'[0m
      [36m# /home/ec2-user/.rvm/gems/ruby-2.6.3/gems/rack-test-1.1.0/lib/rack/test.rb:129:in `custom_request'[0m
      [36m# /home/ec2-user/.rvm/gems/ruby-2.6.3/gems/rack-test-1.1.0/lib/rack/test.rb:58:in `get'[0m
      [36m# /home/ec2-user/.rvm/gems/ruby-2.6.3/gems/capybara-3.35.3/lib/capybara/rack_test/browser.rb:72:in `process'[0m
      [36m# /home/ec2-user/.rvm/gems/ruby-2.6.3/gems/capybara-3.35.3/lib/capybara/rack_test/browser.rb:47:in `process_and_follow_redirects'[0m
      [36m# /home/ec2-user/.rvm/gems/ruby-2.6.3/gems/capybara-3.35.3/lib/capybara/rack_test/browser.rb:24:in `visit'[0m
      [36m# /home/ec2-user/.rvm/gems/ruby-2.6.3/gems/capybara-3.35.3/lib/capybara/rack_test/driver.rb:46:in `visit'[0m
      [36m# /home/ec2-user/.rvm/gems/ruby-2.6.3/gems/capybara-3.35.3/lib/capybara/session.rb:278:in `visit'[0m
      [36m# /home/ec2-user/.rvm/gems/ruby-2.6.3/gems/capybara-3.35.3/lib/capybara/dsl.rb:58:in `block (2 levels) in <module:DSL>'[0m
      [36m# ./spec/system/01_before_login_spec.rb:46:in `block (3 levels) in <main>'[0m
      [36m# ------------------[0m
      [36m# --- Caused by: ---[0m
      [36m# SyntaxError:[0m
      [36m#   /home/ec2-user/environment/bookers2-debug/app/views/homes/top.html.erb:13: syntax error, unexpected tSTRING_BEG, expecting do or '{' or '('[0m
      [36m#   ...p', new_user_registration_path', class: "btn btn-success btn...[0m
      [36m#   ...                              ^[0m
      [36m#   /home/ec2-user/environment/bookers2-debug/app/views/homes/top.html.erb:14: syntax error, unexpected '<', expecting ')'[0m
      [36m#           </div>[0m
      [36m#           ^[0m
      [36m#   /home/ec2-user/environment/bookers2-debug/app/views/homes/top.html.erb:15: unknown regexp options - dv[0m
      [36m#   /home/ec2-user/environment/bookers2-debug/app/views/homes/top.html.erb:16: syntax error, unexpected '<'[0m
      [36m#       </div>[0m
      [36m#       ^[0m
      [36m#   /home/ec2-user/environment/bookers2-debug/app/views/homes/top.html.erb:17: unknown regexp options - dv[0m
      [36m#   /home/ec2-user/environment/bookers2-debug/app/views/homes/top.html.erb:18: syntax error, unexpected '<'[0m
      [36m#   </div>[0m
      [36m#   ^[0m
      [36m#   /home/ec2-user/environment/bookers2-debug/app/views/homes/top.html.erb:22: unterminated regexp meets end of file[0m
      [36m#             end[0m
      [36m#                 ^[0m
      [36m#   /home/ec2-user/environment/bookers2-debug/app/views/homes/top.html.erb:22: syntax error, unexpected end-of-input, expecting ')'[0m
      [36m#   ./app/views/homes/top.html.erb:13: syntax error, unexpected tSTRING_BEG, expecting do or '{' or '('[0m

  13) [STEP1] ユーザログイン前のテスト ヘッダーのテスト: ログインしていない場合 リンクの内容を確認 sign upを押すと、新規登録画面に遷移する
      [31mFailure/Error: <%= link_to 'Sign Up', new_user_registration_path', class: "btn btn-success btn-sm btn-block sign_up" %>[0m
      [31m[0m
      [31mActionView::SyntaxErrorInTemplate:[0m
      [31m  Encountered a syntax error while rendering template: check <div class="container">[0m
      [31m    <div class="row">[0m
      [31m      <div class='mx-auto col-11 col-sm-10 col-lg-8 col-xl-6'>[0m
      [31m        <h1>welcome to <i class="fas fa-book"></i><strong>Bookers</strong>  !!</h1>[0m
      [31m        <p>In  <i class="fas fa-book"></i><strong>Bookers</strong>, </p>[0m
      [31m        <p>you can share and exchange  your opinions , inpressions , and emotions</p>[0m
      [31m        <p> about various books!</p>[0m
      [31m        <div class="btn-wrapper col-10 mx-auto">[0m
      [31m          <div class="row">[0m
      [31m            <%= link_to 'Log in', new_user_session_path, class: "btn btn-info btn-sm btn-block mb-3 sign_in" %>[0m
      [31m          </div>[0m
      [31m          <div class="row">[0m
      [31m            <%= link_to 'Sign Up', new_user_registration_path', class: "btn btn-success btn-sm btn-block sign_up" %>[0m
      [31m          </div>[0m
      [31m        </div>[0m
      [31m      </div>[0m
      [31m    </div>[0m
      [31m  </div>[0m
      [36m# ./app/views/homes/top.html.erb:13: syntax error, unexpected tSTRING_BEG, expecting do or '{' or '('[0m
      [36m# ...p', new_user_registration_path', class: "btn btn-success btn...[0m
      [36m# ...                              ^[0m
      [36m# ./app/views/homes/top.html.erb:14: syntax error, unexpected '<', expecting ')'[0m
      [36m#         </div>[0m
      [36m#         ^[0m
      [36m# ./app/views/homes/top.html.erb:15: unknown regexp options - dv[0m
      [36m# ./app/views/homes/top.html.erb:16: syntax error, unexpected '<'[0m
      [36m#     </div>[0m
      [36m#     ^[0m
      [36m# ./app/views/homes/top.html.erb:17: unknown regexp options - dv[0m
      [36m# ./app/views/homes/top.html.erb:18: syntax error, unexpected '<'[0m
      [36m# </div>[0m
      [36m# ^[0m
      [36m# ./app/views/homes/top.html.erb:22: unterminated regexp meets end of file[0m
      [36m#           end[0m
      [36m#               ^[0m
      [36m# ./app/views/homes/top.html.erb:22: syntax error, unexpected end-of-input, expecting ')'[0m
      [36m# ./app/views/homes/top.html.erb:13: syntax error, unexpected tSTRING_BEG, expecting do or '{' or '('[0m
      [36m# ...p', new_user_registration_path', class: "btn btn-success btn...[0m
      [36m# ...                              ^[0m
      [36m# ./app/views/homes/top.html.erb:14: syntax error, unexpected '<', expecting ')'[0m
      [36m#         </div>[0m
      [36m#         ^[0m
      [36m# ./app/views/homes/top.html.erb:15: unknown regexp options - dv[0m
      [36m# ./app/views/homes/top.html.erb:16: syntax error, unexpected '<'[0m
      [36m#     </div>[0m
      [36m#     ^[0m
      [36m# ./app/views/homes/top.html.erb:17: unknown regexp options - dv[0m
      [36m# ./app/views/homes/top.html.erb:18: syntax error, unexpected '<'[0m
      [36m# </div>[0m
      [36m# ^[0m
      [36m# ./app/views/homes/top.html.erb:22: unterminated regexp meets end of file[0m
      [36m#           end[0m
      [36m#               ^[0m
      [36m# ./app/views/homes/top.html.erb:22: syntax error, unexpected end-of-input, expecting ')'[0m
      [36m# /home/ec2-user/.rvm/gems/ruby-2.6.3/gems/actiontext-6.1.4/lib/action_text/rendering.rb:20:in `with_renderer'[0m
      [36m# /home/ec2-user/.rvm/gems/ruby-2.6.3/gems/actiontext-6.1.4/lib/action_text/engine.rb:59:in `block (4 levels) in <class:Engine>'[0m
      [36m# /home/ec2-user/.rvm/gems/ruby-2.6.3/gems/warden-1.2.9/lib/warden/manager.rb:36:in `block in call'[0m
      [36m# /home/ec2-user/.rvm/gems/ruby-2.6.3/gems/warden-1.2.9/lib/warden/manager.rb:34:in `catch'[0m
      [36m# /home/ec2-user/.rvm/gems/ruby-2.6.3/gems/warden-1.2.9/lib/warden/manager.rb:34:in `call'[0m
      [36m# /home/ec2-user/.rvm/gems/ruby-2.6.3/gems/rack-2.2.3/lib/rack/tempfile_reaper.rb:15:in `call'[0m
      [36m# /home/ec2-user/.rvm/gems/ruby-2.6.3/gems/rack-2.2.3/lib/rack/etag.rb:27:in `call'[0m
      [36m# /home/ec2-user/.rvm/gems/ruby-2.6.3/gems/rack-2.2.3/lib/rack/conditional_get.rb:27:in `call'[0m
      [36m# /home/ec2-user/.rvm/gems/ruby-2.6.3/gems/rack-2.2.3/lib/rack/head.rb:12:in `call'[0m
      [36m# /home/ec2-user/.rvm/gems/ruby-2.6.3/gems/rack-2.2.3/lib/rack/session/abstract/id.rb:266:in `context'[0m
      [36m# /home/ec2-user/.rvm/gems/ruby-2.6.3/gems/rack-2.2.3/lib/rack/session/abstract/id.rb:260:in `call'[0m
      [36m# /home/ec2-user/.rvm/gems/ruby-2.6.3/gems/railties-6.1.4/lib/rails/rack/logger.rb:37:in `call_app'[0m
      [36m# /home/ec2-user/.rvm/gems/ruby-2.6.3/gems/railties-6.1.4/lib/rails/rack/logger.rb:26:in `block in call'[0m
      [36m# /home/ec2-user/.rvm/gems/ruby-2.6.3/gems/railties-6.1.4/lib/rails/rack/logger.rb:26:in `call'[0m
      [36m# /home/ec2-user/.rvm/gems/ruby-2.6.3/gems/rack-2.2.3/lib/rack/method_override.rb:24:in `call'[0m
      [36m# /home/ec2-user/.rvm/gems/ruby-2.6.3/gems/rack-2.2.3/lib/rack/runtime.rb:22:in `call'[0m
      [36m# /home/ec2-user/.rvm/gems/ruby-2.6.3/gems/rack-2.2.3/lib/rack/sendfile.rb:110:in `call'[0m
      [36m# /home/ec2-user/.rvm/gems/ruby-2.6.3/gems/railties-6.1.4/lib/rails/engine.rb:539:in `call'[0m
      [36m# /home/ec2-user/.rvm/gems/ruby-2.6.3/gems/rack-2.2.3/lib/rack/urlmap.rb:74:in `block in call'[0m
      [36m# /home/ec2-user/.rvm/gems/ruby-2.6.3/gems/rack-2.2.3/lib/rack/urlmap.rb:58:in `each'[0m
      [36m# /home/ec2-user/.rvm/gems/ruby-2.6.3/gems/rack-2.2.3/lib/rack/urlmap.rb:58:in `call'[0m
      [36m# /home/ec2-user/.rvm/gems/ruby-2.6.3/gems/rack-2.2.3/lib/rack/builder.rb:244:in `call'[0m
      [36m# /home/ec2-user/.rvm/gems/ruby-2.6.3/gems/rack-test-1.1.0/lib/rack/mock_session.rb:29:in `request'[0m
      [36m# /home/ec2-user/.rvm/gems/ruby-2.6.3/gems/rack-test-1.1.0/lib/rack/test.rb:266:in `process_request'[0m
      [36m# /home/ec2-user/.rvm/gems/ruby-2.6.3/gems/rack-test-1.1.0/lib/rack/test.rb:129:in `custom_request'[0m
      [36m# /home/ec2-user/.rvm/gems/ruby-2.6.3/gems/rack-test-1.1.0/lib/rack/test.rb:58:in `get'[0m
      [36m# /home/ec2-user/.rvm/gems/ruby-2.6.3/gems/capybara-3.35.3/lib/capybara/rack_test/browser.rb:72:in `process'[0m
      [36m# /home/ec2-user/.rvm/gems/ruby-2.6.3/gems/capybara-3.35.3/lib/capybara/rack_test/browser.rb:47:in `process_and_follow_redirects'[0m
      [36m# /home/ec2-user/.rvm/gems/ruby-2.6.3/gems/capybara-3.35.3/lib/capybara/rack_test/browser.rb:24:in `visit'[0m
      [36m# /home/ec2-user/.rvm/gems/ruby-2.6.3/gems/capybara-3.35.3/lib/capybara/rack_test/driver.rb:46:in `visit'[0m
      [36m# /home/ec2-user/.rvm/gems/ruby-2.6.3/gems/capybara-3.35.3/lib/capybara/session.rb:278:in `visit'[0m
      [36m# /home/ec2-user/.rvm/gems/ruby-2.6.3/gems/capybara-3.35.3/lib/capybara/dsl.rb:58:in `block (2 levels) in <module:DSL>'[0m
      [36m# ./spec/system/01_before_login_spec.rb:46:in `block (3 levels) in <main>'[0m
      [36m# ------------------[0m
      [36m# --- Caused by: ---[0m
      [36m# SyntaxError:[0m
      [36m#   /home/ec2-user/environment/bookers2-debug/app/views/homes/top.html.erb:13: syntax error, unexpected tSTRING_BEG, expecting do or '{' or '('[0m
      [36m#   ...p', new_user_registration_path', class: "btn btn-success btn...[0m
      [36m#   ...                              ^[0m
      [36m#   /home/ec2-user/environment/bookers2-debug/app/views/homes/top.html.erb:14: syntax error, unexpected '<', expecting ')'[0m
      [36m#           </div>[0m
      [36m#           ^[0m
      [36m#   /home/ec2-user/environment/bookers2-debug/app/views/homes/top.html.erb:15: unknown regexp options - dv[0m
      [36m#   /home/ec2-user/environment/bookers2-debug/app/views/homes/top.html.erb:16: syntax error, unexpected '<'[0m
      [36m#       </div>[0m
      [36m#       ^[0m
      [36m#   /home/ec2-user/environment/bookers2-debug/app/views/homes/top.html.erb:17: unknown regexp options - dv[0m
      [36m#   /home/ec2-user/environment/bookers2-debug/app/views/homes/top.html.erb:18: syntax error, unexpected '<'[0m
      [36m#   </div>[0m
      [36m#   ^[0m
      [36m#   /home/ec2-user/environment/bookers2-debug/app/views/homes/top.html.erb:22: unterminated regexp meets end of file[0m
      [36m#             end[0m
      [36m#                 ^[0m
      [36m#   /home/ec2-user/environment/bookers2-debug/app/views/homes/top.html.erb:22: syntax error, unexpected end-of-input, expecting ')'[0m
      [36m#   ./app/views/homes/top.html.erb:13: syntax error, unexpected tSTRING_BEG, expecting do or '{' or '('[0m

  14) [STEP1] ユーザログイン前のテスト ヘッダーのテスト: ログインしていない場合 リンクの内容を確認 loginを押すと、ログイン画面に遷移する
      [31mFailure/Error: <%= link_to 'Sign Up', new_user_registration_path', class: "btn btn-success btn-sm btn-block sign_up" %>[0m
      [31m[0m
      [31mActionView::SyntaxErrorInTemplate:[0m
      [31m  Encountered a syntax error while rendering template: check <div class="container">[0m
      [31m    <div class="row">[0m
      [31m      <div class='mx-auto col-11 col-sm-10 col-lg-8 col-xl-6'>[0m
      [31m        <h1>welcome to <i class="fas fa-book"></i><strong>Bookers</strong>  !!</h1>[0m
      [31m        <p>In  <i class="fas fa-book"></i><strong>Bookers</strong>, </p>[0m
      [31m        <p>you can share and exchange  your opinions , inpressions , and emotions</p>[0m
      [31m        <p> about various books!</p>[0m
      [31m        <div class="btn-wrapper col-10 mx-auto">[0m
      [31m          <div class="row">[0m
      [31m            <%= link_to 'Log in', new_user_session_path, class: "btn btn-info btn-sm btn-block mb-3 sign_in" %>[0m
      [31m          </div>[0m
      [31m          <div class="row">[0m
      [31m            <%= link_to 'Sign Up', new_user_registration_path', class: "btn btn-success btn-sm btn-block sign_up" %>[0m
      [31m          </div>[0m
      [31m        </div>[0m
      [31m      </div>[0m
      [31m    </div>[0m
      [31m  </div>[0m
      [36m# ./app/views/homes/top.html.erb:13: syntax error, unexpected tSTRING_BEG, expecting do or '{' or '('[0m
      [36m# ...p', new_user_registration_path', class: "btn btn-success btn...[0m
      [36m# ...                              ^[0m
      [36m# ./app/views/homes/top.html.erb:14: syntax error, unexpected '<', expecting ')'[0m
      [36m#         </div>[0m
      [36m#         ^[0m
      [36m# ./app/views/homes/top.html.erb:15: unknown regexp options - dv[0m
      [36m# ./app/views/homes/top.html.erb:16: syntax error, unexpected '<'[0m
      [36m#     </div>[0m
      [36m#     ^[0m
      [36m# ./app/views/homes/top.html.erb:17: unknown regexp options - dv[0m
      [36m# ./app/views/homes/top.html.erb:18: syntax error, unexpected '<'[0m
      [36m# </div>[0m
      [36m# ^[0m
      [36m# ./app/views/homes/top.html.erb:22: unterminated regexp meets end of file[0m
      [36m#           end[0m
      [36m#               ^[0m
      [36m# ./app/views/homes/top.html.erb:22: syntax error, unexpected end-of-input, expecting ')'[0m
      [36m# ./app/views/homes/top.html.erb:13: syntax error, unexpected tSTRING_BEG, expecting do or '{' or '('[0m
      [36m# ...p', new_user_registration_path', class: "btn btn-success btn...[0m
      [36m# ...                              ^[0m
      [36m# ./app/views/homes/top.html.erb:14: syntax error, unexpected '<', expecting ')'[0m
      [36m#         </div>[0m
      [36m#         ^[0m
      [36m# ./app/views/homes/top.html.erb:15: unknown regexp options - dv[0m
      [36m# ./app/views/homes/top.html.erb:16: syntax error, unexpected '<'[0m
      [36m#     </div>[0m
      [36m#     ^[0m
      [36m# ./app/views/homes/top.html.erb:17: unknown regexp options - dv[0m
      [36m# ./app/views/homes/top.html.erb:18: syntax error, unexpected '<'[0m
      [36m# </div>[0m
      [36m# ^[0m
      [36m# ./app/views/homes/top.html.erb:22: unterminated regexp meets end of file[0m
      [36m#           end[0m
      [36m#               ^[0m
      [36m# ./app/views/homes/top.html.erb:22: syntax error, unexpected end-of-input, expecting ')'[0m
      [36m# /home/ec2-user/.rvm/gems/ruby-2.6.3/gems/actiontext-6.1.4/lib/action_text/rendering.rb:20:in `with_renderer'[0m
      [36m# /home/ec2-user/.rvm/gems/ruby-2.6.3/gems/actiontext-6.1.4/lib/action_text/engine.rb:59:in `block (4 levels) in <class:Engine>'[0m
      [36m# /home/ec2-user/.rvm/gems/ruby-2.6.3/gems/warden-1.2.9/lib/warden/manager.rb:36:in `block in call'[0m
      [36m# /home/ec2-user/.rvm/gems/ruby-2.6.3/gems/warden-1.2.9/lib/warden/manager.rb:34:in `catch'[0m
      [36m# /home/ec2-user/.rvm/gems/ruby-2.6.3/gems/warden-1.2.9/lib/warden/manager.rb:34:in `call'[0m
      [36m# /home/ec2-user/.rvm/gems/ruby-2.6.3/gems/rack-2.2.3/lib/rack/tempfile_reaper.rb:15:in `call'[0m
      [36m# /home/ec2-user/.rvm/gems/ruby-2.6.3/gems/rack-2.2.3/lib/rack/etag.rb:27:in `call'[0m
      [36m# /home/ec2-user/.rvm/gems/ruby-2.6.3/gems/rack-2.2.3/lib/rack/conditional_get.rb:27:in `call'[0m
      [36m# /home/ec2-user/.rvm/gems/ruby-2.6.3/gems/rack-2.2.3/lib/rack/head.rb:12:in `call'[0m
      [36m# /home/ec2-user/.rvm/gems/ruby-2.6.3/gems/rack-2.2.3/lib/rack/session/abstract/id.rb:266:in `context'[0m
      [36m# /home/ec2-user/.rvm/gems/ruby-2.6.3/gems/rack-2.2.3/lib/rack/session/abstract/id.rb:260:in `call'[0m
      [36m# /home/ec2-user/.rvm/gems/ruby-2.6.3/gems/railties-6.1.4/lib/rails/rack/logger.rb:37:in `call_app'[0m
      [36m# /home/ec2-user/.rvm/gems/ruby-2.6.3/gems/railties-6.1.4/lib/rails/rack/logger.rb:26:in `block in call'[0m
      [36m# /home/ec2-user/.rvm/gems/ruby-2.6.3/gems/railties-6.1.4/lib/rails/rack/logger.rb:26:in `call'[0m
      [36m# /home/ec2-user/.rvm/gems/ruby-2.6.3/gems/rack-2.2.3/lib/rack/method_override.rb:24:in `call'[0m
      [36m# /home/ec2-user/.rvm/gems/ruby-2.6.3/gems/rack-2.2.3/lib/rack/runtime.rb:22:in `call'[0m
      [36m# /home/ec2-user/.rvm/gems/ruby-2.6.3/gems/rack-2.2.3/lib/rack/sendfile.rb:110:in `call'[0m
      [36m# /home/ec2-user/.rvm/gems/ruby-2.6.3/gems/railties-6.1.4/lib/rails/engine.rb:539:in `call'[0m
      [36m# /home/ec2-user/.rvm/gems/ruby-2.6.3/gems/rack-2.2.3/lib/rack/urlmap.rb:74:in `block in call'[0m
      [36m# /home/ec2-user/.rvm/gems/ruby-2.6.3/gems/rack-2.2.3/lib/rack/urlmap.rb:58:in `each'[0m
      [36m# /home/ec2-user/.rvm/gems/ruby-2.6.3/gems/rack-2.2.3/lib/rack/urlmap.rb:58:in `call'[0m
      [36m# /home/ec2-user/.rvm/gems/ruby-2.6.3/gems/rack-2.2.3/lib/rack/builder.rb:244:in `call'[0m
      [36m# /home/ec2-user/.rvm/gems/ruby-2.6.3/gems/rack-test-1.1.0/lib/rack/mock_session.rb:29:in `request'[0m
      [36m# /home/ec2-user/.rvm/gems/ruby-2.6.3/gems/rack-test-1.1.0/lib/rack/test.rb:266:in `process_request'[0m
      [36m# /home/ec2-user/.rvm/gems/ruby-2.6.3/gems/rack-test-1.1.0/lib/rack/test.rb:129:in `custom_request'[0m
      [36m# /home/ec2-user/.rvm/gems/ruby-2.6.3/gems/rack-test-1.1.0/lib/rack/test.rb:58:in `get'[0m
      [36m# /home/ec2-user/.rvm/gems/ruby-2.6.3/gems/capybara-3.35.3/lib/capybara/rack_test/browser.rb:72:in `process'[0m
      [36m# /home/ec2-user/.rvm/gems/ruby-2.6.3/gems/capybara-3.35.3/lib/capybara/rack_test/browser.rb:47:in `process_and_follow_redirects'[0m
      [36m# /home/ec2-user/.rvm/gems/ruby-2.6.3/gems/capybara-3.35.3/lib/capybara/rack_test/browser.rb:24:in `visit'[0m
      [36m# /home/ec2-user/.rvm/gems/ruby-2.6.3/gems/capybara-3.35.3/lib/capybara/rack_test/driver.rb:46:in `visit'[0m
      [36m# /home/ec2-user/.rvm/gems/ruby-2.6.3/gems/capybara-3.35.3/lib/capybara/session.rb:278:in `visit'[0m
      [36m# /home/ec2-user/.rvm/gems/ruby-2.6.3/gems/capybara-3.35.3/lib/capybara/dsl.rb:58:in `block (2 levels) in <module:DSL>'[0m
      [36m# ./spec/system/01_before_login_spec.rb:46:in `block (3 levels) in <main>'[0m
      [36m# ------------------[0m
      [36m# --- Caused by: ---[0m
      [36m# SyntaxError:[0m
      [36m#   /home/ec2-user/environment/bookers2-debug/app/views/homes/top.html.erb:13: syntax error, unexpected tSTRING_BEG, expecting do or '{' or '('[0m
      [36m#   ...p', new_user_registration_path', class: "btn btn-success btn...[0m
      [36m#   ...                              ^[0m
      [36m#   /home/ec2-user/environment/bookers2-debug/app/views/homes/top.html.erb:14: syntax error, unexpected '<', expecting ')'[0m
      [36m#           </div>[0m
      [36m#           ^[0m
      [36m#   /home/ec2-user/environment/bookers2-debug/app/views/homes/top.html.erb:15: unknown regexp options - dv[0m
      [36m#   /home/ec2-user/environment/bookers2-debug/app/views/homes/top.html.erb:16: syntax error, unexpected '<'[0m
      [36m#       </div>[0m
      [36m#       ^[0m
      [36m#   /home/ec2-user/environment/bookers2-debug/app/views/homes/top.html.erb:17: unknown regexp options - dv[0m
      [36m#   /home/ec2-user/environment/bookers2-debug/app/views/homes/top.html.erb:18: syntax error, unexpected '<'[0m
      [36m#   </div>[0m
      [36m#   ^[0m
      [36m#   /home/ec2-user/environment/bookers2-debug/app/views/homes/top.html.erb:22: unterminated regexp meets end of file[0m
      [36m#             end[0m
      [36m#                 ^[0m
      [36m#   /home/ec2-user/environment/bookers2-debug/app/views/homes/top.html.erb:22: syntax error, unexpected end-of-input, expecting ')'[0m
      [36m#   ./app/views/homes/top.html.erb:13: syntax error, unexpected tSTRING_BEG, expecting do or '{' or '('[0m

  15) [STEP1] ユーザログイン前のテスト ユーザログアウトのテスト ログアウト機能のテスト 正しくログアウトできている: ログアウト後のリダイレクト先においてAbout画面へのリンクが存在する
      [31mFailure/Error: <%= link_to 'Sign Up', new_user_registration_path', class: "btn btn-success btn-sm btn-block sign_up" %>[0m
      [31m[0m
      [31mActionView::SyntaxErrorInTemplate:[0m
      [31m  Encountered a syntax error while rendering template: check <div class="container">[0m
      [31m    <div class="row">[0m
      [31m      <div class='mx-auto col-11 col-sm-10 col-lg-8 col-xl-6'>[0m
      [31m        <h1>welcome to <i class="fas fa-book"></i><strong>Bookers</strong>  !!</h1>[0m
      [31m        <p>In  <i class="fas fa-book"></i><strong>Bookers</strong>, </p>[0m
      [31m        <p>you can share and exchange  your opinions , inpressions , and emotions</p>[0m
      [31m        <p> about various books!</p>[0m
      [31m        <div class="btn-wrapper col-10 mx-auto">[0m
      [31m          <div class="row">[0m
      [31m            <%= link_to 'Log in', new_user_session_path, class: "btn btn-info btn-sm btn-block mb-3 sign_in" %>[0m
      [31m          </div>[0m
      [31m          <div class="row">[0m
      [31m            <%= link_to 'Sign Up', new_user_registration_path', class: "btn btn-success btn-sm btn-block sign_up" %>[0m
      [31m          </div>[0m
      [31m        </div>[0m
      [31m      </div>[0m
      [31m    </div>[0m
      [31m  </div>[0m
      [36m# ./app/views/homes/top.html.erb:13: syntax error, unexpected tSTRING_BEG, expecting do or '{' or '('[0m
      [36m# ...p', new_user_registration_path', class: "btn btn-success btn...[0m
      [36m# ...                              ^[0m
      [36m# ./app/views/homes/top.html.erb:14: syntax error, unexpected '<', expecting ')'[0m
      [36m#         </div>[0m
      [36m#         ^[0m
      [36m# ./app/views/homes/top.html.erb:15: unknown regexp options - dv[0m
      [36m# ./app/views/homes/top.html.erb:16: syntax error, unexpected '<'[0m
      [36m#     </div>[0m
      [36m#     ^[0m
      [36m# ./app/views/homes/top.html.erb:17: unknown regexp options - dv[0m
      [36m# ./app/views/homes/top.html.erb:18: syntax error, unexpected '<'[0m
      [36m# </div>[0m
      [36m# ^[0m
      [36m# ./app/views/homes/top.html.erb:22: unterminated regexp meets end of file[0m
      [36m#           end[0m
      [36m#               ^[0m
      [36m# ./app/views/homes/top.html.erb:22: syntax error, unexpected end-of-input, expecting ')'[0m
      [36m# ./app/views/homes/top.html.erb:13: syntax error, unexpected tSTRING_BEG, expecting do or '{' or '('[0m
      [36m# ...p', new_user_registration_path', class: "btn btn-success btn...[0m
      [36m# ...                              ^[0m
      [36m# ./app/views/homes/top.html.erb:14: syntax error, unexpected '<', expecting ')'[0m
      [36m#         </div>[0m
      [36m#         ^[0m
      [36m# ./app/views/homes/top.html.erb:15: unknown regexp options - dv[0m
      [36m# ./app/views/homes/top.html.erb:16: syntax error, unexpected '<'[0m
      [36m#     </div>[0m
      [36m#     ^[0m
      [36m# ./app/views/homes/top.html.erb:17: unknown regexp options - dv[0m
      [36m# ./app/views/homes/top.html.erb:18: syntax error, unexpected '<'[0m
      [36m# </div>[0m
      [36m# ^[0m
      [36m# ./app/views/homes/top.html.erb:22: unterminated regexp meets end of file[0m
      [36m#           end[0m
      [36m#               ^[0m
      [36m# ./app/views/homes/top.html.erb:22: syntax error, unexpected end-of-input, expecting ')'[0m
      [36m# /home/ec2-user/.rvm/gems/ruby-2.6.3/gems/actiontext-6.1.4/lib/action_text/rendering.rb:20:in `with_renderer'[0m
      [36m# /home/ec2-user/.rvm/gems/ruby-2.6.3/gems/actiontext-6.1.4/lib/action_text/engine.rb:59:in `block (4 levels) in <class:Engine>'[0m
      [36m# /home/ec2-user/.rvm/gems/ruby-2.6.3/gems/warden-1.2.9/lib/warden/manager.rb:36:in `block in call'[0m
      [36m# /home/ec2-user/.rvm/gems/ruby-2.6.3/gems/warden-1.2.9/lib/warden/manager.rb:34:in `catch'[0m
      [36m# /home/ec2-user/.rvm/gems/ruby-2.6.3/gems/warden-1.2.9/lib/warden/manager.rb:34:in `call'[0m
      [36m# /home/ec2-user/.rvm/gems/ruby-2.6.3/gems/rack-2.2.3/lib/rack/tempfile_reaper.rb:15:in `call'[0m
      [36m# /home/ec2-user/.rvm/gems/ruby-2.6.3/gems/rack-2.2.3/lib/rack/etag.rb:27:in `call'[0m
      [36m# /home/ec2-user/.rvm/gems/ruby-2.6.3/gems/rack-2.2.3/lib/rack/conditional_get.rb:27:in `call'[0m
      [36m# /home/ec2-user/.rvm/gems/ruby-2.6.3/gems/rack-2.2.3/lib/rack/head.rb:12:in `call'[0m
      [36m# /home/ec2-user/.rvm/gems/ruby-2.6.3/gems/rack-2.2.3/lib/rack/session/abstract/id.rb:266:in `context'[0m
      [36m# /home/ec2-user/.rvm/gems/ruby-2.6.3/gems/rack-2.2.3/lib/rack/session/abstract/id.rb:260:in `call'[0m
      [36m# /home/ec2-user/.rvm/gems/ruby-2.6.3/gems/railties-6.1.4/lib/rails/rack/logger.rb:37:in `call_app'[0m
      [36m# /home/ec2-user/.rvm/gems/ruby-2.6.3/gems/railties-6.1.4/lib/rails/rack/logger.rb:26:in `block in call'[0m
      [36m# /home/ec2-user/.rvm/gems/ruby-2.6.3/gems/railties-6.1.4/lib/rails/rack/logger.rb:26:in `call'[0m
      [36m# /home/ec2-user/.rvm/gems/ruby-2.6.3/gems/rack-2.2.3/lib/rack/method_override.rb:24:in `call'[0m
      [36m# /home/ec2-user/.rvm/gems/ruby-2.6.3/gems/rack-2.2.3/lib/rack/runtime.rb:22:in `call'[0m
      [36m# /home/ec2-user/.rvm/gems/ruby-2.6.3/gems/rack-2.2.3/lib/rack/sendfile.rb:110:in `call'[0m
      [36m# /home/ec2-user/.rvm/gems/ruby-2.6.3/gems/railties-6.1.4/lib/rails/engine.rb:539:in `call'[0m
      [36m# /home/ec2-user/.rvm/gems/ruby-2.6.3/gems/rack-2.2.3/lib/rack/urlmap.rb:74:in `block in call'[0m
      [36m# /home/ec2-user/.rvm/gems/ruby-2.6.3/gems/rack-2.2.3/lib/rack/urlmap.rb:58:in `each'[0m
      [36m# /home/ec2-user/.rvm/gems/ruby-2.6.3/gems/rack-2.2.3/lib/rack/urlmap.rb:58:in `call'[0m
      [36m# /home/ec2-user/.rvm/gems/ruby-2.6.3/gems/rack-2.2.3/lib/rack/builder.rb:244:in `call'[0m
      [36m# /home/ec2-user/.rvm/gems/ruby-2.6.3/gems/rack-test-1.1.0/lib/rack/mock_session.rb:29:in `request'[0m
      [36m# /home/ec2-user/.rvm/gems/ruby-2.6.3/gems/rack-test-1.1.0/lib/rack/test.rb:266:in `process_request'[0m
      [36m# /home/ec2-user/.rvm/gems/ruby-2.6.3/gems/rack-test-1.1.0/lib/rack/test.rb:129:in `custom_request'[0m
      [36m# /home/ec2-user/.rvm/gems/ruby-2.6.3/gems/rack-test-1.1.0/lib/rack/test.rb:58:in `get'[0m
      [36m# /home/ec2-user/.rvm/gems/ruby-2.6.3/gems/capybara-3.35.3/lib/capybara/rack_test/browser.rb:72:in `process'[0m
      [36m# /home/ec2-user/.rvm/gems/ruby-2.6.3/gems/capybara-3.35.3/lib/capybara/rack_test/browser.rb:56:in `block in process_and_follow_redirects'[0m
      [36m# /home/ec2-user/.rvm/gems/ruby-2.6.3/gems/capybara-3.35.3/lib/capybara/rack_test/browser.rb:51:in `times'[0m
      [36m# /home/ec2-user/.rvm/gems/ruby-2.6.3/gems/capybara-3.35.3/lib/capybara/rack_test/browser.rb:51:in `process_and_follow_redirects'[0m
      [36m# /home/ec2-user/.rvm/gems/ruby-2.6.3/gems/capybara-3.35.3/lib/capybara/rack_test/browser.rb:42:in `follow'[0m
      [36m# /home/ec2-user/.rvm/gems/ruby-2.6.3/gems/capybara-3.35.3/lib/capybara/rack_test/node.rb:246:in `follow_link'[0m
      [36m# /home/ec2-user/.rvm/gems/ruby-2.6.3/gems/capybara-3.35.3/lib/capybara/rack_test/node.rb:72:in `click'[0m
      [36m# /home/ec2-user/.rvm/gems/ruby-2.6.3/gems/capybara-3.35.3/lib/capybara/rack_test/node.rb:137:in `block (2 levels) in <class:Node>'[0m
      [36m# /home/ec2-user/.rvm/gems/ruby-2.6.3/gems/capybara-3.35.3/lib/capybara/node/element.rb:172:in `block in click'[0m
      [36m# /home/ec2-user/.rvm/gems/ruby-2.6.3/gems/capybara-3.35.3/lib/capybara/node/element.rb:597:in `block in perform_click_action'[0m
      [36m# /home/ec2-user/.rvm/gems/ruby-2.6.3/gems/capybara-3.35.3/lib/capybara/node/base.rb:83:in `synchronize'[0m
      [36m# /home/ec2-user/.rvm/gems/ruby-2.6.3/gems/capybara-3.35.3/lib/capybara/node/element.rb:597:in `perform_click_action'[0m
      [36m# /home/ec2-user/.rvm/gems/ruby-2.6.3/gems/capybara-3.35.3/lib/capybara/node/element.rb:171:in `click'[0m
      [36m# /home/ec2-user/.rvm/gems/ruby-2.6.3/gems/capybara-3.35.3/lib/capybara/node/actions.rb:42:in `click_link'[0m
      [36m# /home/ec2-user/.rvm/gems/ruby-2.6.3/gems/capybara-3.35.3/lib/capybara/session.rb:768:in `block (2 levels) in <class:Session>'[0m
      [36m# /home/ec2-user/.rvm/gems/ruby-2.6.3/gems/capybara-3.35.3/lib/capybara/dsl.rb:58:in `block (2 levels) in <module:DSL>'[0m
      [36m# ./spec/system/01_before_login_spec.rb:245:in `block (3 levels) in <main>'[0m
      [36m# ------------------[0m
      [36m# --- Caused by: ---[0m
      [36m# SyntaxError:[0m
      [36m#   /home/ec2-user/environment/bookers2-debug/app/views/homes/top.html.erb:13: syntax error, unexpected tSTRING_BEG, expecting do or '{' or '('[0m
      [36m#   ...p', new_user_registration_path', class: "btn btn-success btn...[0m
      [36m#   ...                              ^[0m
      [36m#   /home/ec2-user/environment/bookers2-debug/app/views/homes/top.html.erb:14: syntax error, unexpected '<', expecting ')'[0m
      [36m#           </div>[0m
      [36m#           ^[0m
      [36m#   /home/ec2-user/environment/bookers2-debug/app/views/homes/top.html.erb:15: unknown regexp options - dv[0m
      [36m#   /home/ec2-user/environment/bookers2-debug/app/views/homes/top.html.erb:16: syntax error, unexpected '<'[0m
      [36m#       </div>[0m
      [36m#       ^[0m
      [36m#   /home/ec2-user/environment/bookers2-debug/app/views/homes/top.html.erb:17: unknown regexp options - dv[0m
      [36m#   /home/ec2-user/environment/bookers2-debug/app/views/homes/top.html.erb:18: syntax error, unexpected '<'[0m
      [36m#   </div>[0m
      [36m#   ^[0m
      [36m#   /home/ec2-user/environment/bookers2-debug/app/views/homes/top.html.erb:22: unterminated regexp meets end of file[0m
      [36m#             end[0m
      [36m#                 ^[0m
      [36m#   /home/ec2-user/environment/bookers2-debug/app/views/homes/top.html.erb:22: syntax error, unexpected end-of-input, expecting ')'[0m
      [36m#   ./app/views/homes/top.html.erb:13: syntax error, unexpected tSTRING_BEG, expecting do or '{' or '('[0m

  16) [STEP1] ユーザログイン前のテスト ユーザログアウトのテスト ログアウト機能のテスト ログアウト後のリダイレクト先が、トップになっている
      [31mFailure/Error: <%= link_to 'Sign Up', new_user_registration_path', class: "btn btn-success btn-sm btn-block sign_up" %>[0m
      [31m[0m
      [31mActionView::SyntaxErrorInTemplate:[0m
      [31m  Encountered a syntax error while rendering template: check <div class="container">[0m
      [31m    <div class="row">[0m
      [31m      <div class='mx-auto col-11 col-sm-10 col-lg-8 col-xl-6'>[0m
      [31m        <h1>welcome to <i class="fas fa-book"></i><strong>Bookers</strong>  !!</h1>[0m
      [31m        <p>In  <i class="fas fa-book"></i><strong>Bookers</strong>, </p>[0m
      [31m        <p>you can share and exchange  your opinions , inpressions , and emotions</p>[0m
      [31m        <p> about various books!</p>[0m
      [31m        <div class="btn-wrapper col-10 mx-auto">[0m
      [31m          <div class="row">[0m
      [31m            <%= link_to 'Log in', new_user_session_path, class: "btn btn-info btn-sm btn-block mb-3 sign_in" %>[0m
      [31m          </div>[0m
      [31m          <div class="row">[0m
      [31m            <%= link_to 'Sign Up', new_user_registration_path', class: "btn btn-success btn-sm btn-block sign_up" %>[0m
      [31m          </div>[0m
      [31m        </div>[0m
      [31m      </div>[0m
      [31m    </div>[0m
      [31m  </div>[0m
      [36m# ./app/views/homes/top.html.erb:13: syntax error, unexpected tSTRING_BEG, expecting do or '{' or '('[0m
      [36m# ...p', new_user_registration_path', class: "btn btn-success btn...[0m
      [36m# ...                              ^[0m
      [36m# ./app/views/homes/top.html.erb:14: syntax error, unexpected '<', expecting ')'[0m
      [36m#         </div>[0m
      [36m#         ^[0m
      [36m# ./app/views/homes/top.html.erb:15: unknown regexp options - dv[0m
      [36m# ./app/views/homes/top.html.erb:16: syntax error, unexpected '<'[0m
      [36m#     </div>[0m
      [36m#     ^[0m
      [36m# ./app/views/homes/top.html.erb:17: unknown regexp options - dv[0m
      [36m# ./app/views/homes/top.html.erb:18: syntax error, unexpected '<'[0m
      [36m# </div>[0m
      [36m# ^[0m
      [36m# ./app/views/homes/top.html.erb:22: unterminated regexp meets end of file[0m
      [36m#           end[0m
      [36m#               ^[0m
      [36m# ./app/views/homes/top.html.erb:22: syntax error, unexpected end-of-input, expecting ')'[0m
      [36m# ./app/views/homes/top.html.erb:13: syntax error, unexpected tSTRING_BEG, expecting do or '{' or '('[0m
      [36m# ...p', new_user_registration_path', class: "btn btn-success btn...[0m
      [36m# ...                              ^[0m
      [36m# ./app/views/homes/top.html.erb:14: syntax error, unexpected '<', expecting ')'[0m
      [36m#         </div>[0m
      [36m#         ^[0m
      [36m# ./app/views/homes/top.html.erb:15: unknown regexp options - dv[0m
      [36m# ./app/views/homes/top.html.erb:16: syntax error, unexpected '<'[0m
      [36m#     </div>[0m
      [36m#     ^[0m
      [36m# ./app/views/homes/top.html.erb:17: unknown regexp options - dv[0m
      [36m# ./app/views/homes/top.html.erb:18: syntax error, unexpected '<'[0m
      [36m# </div>[0m
      [36m# ^[0m
      [36m# ./app/views/homes/top.html.erb:22: unterminated regexp meets end of file[0m
      [36m#           end[0m
      [36m#               ^[0m
      [36m# ./app/views/homes/top.html.erb:22: syntax error, unexpected end-of-input, expecting ')'[0m
      [36m# /home/ec2-user/.rvm/gems/ruby-2.6.3/gems/actiontext-6.1.4/lib/action_text/rendering.rb:20:in `with_renderer'[0m
      [36m# /home/ec2-user/.rvm/gems/ruby-2.6.3/gems/actiontext-6.1.4/lib/action_text/engine.rb:59:in `block (4 levels) in <class:Engine>'[0m
      [36m# /home/ec2-user/.rvm/gems/ruby-2.6.3/gems/warden-1.2.9/lib/warden/manager.rb:36:in `block in call'[0m
      [36m# /home/ec2-user/.rvm/gems/ruby-2.6.3/gems/warden-1.2.9/lib/warden/manager.rb:34:in `catch'[0m
      [36m# /home/ec2-user/.rvm/gems/ruby-2.6.3/gems/warden-1.2.9/lib/warden/manager.rb:34:in `call'[0m
      [36m# /home/ec2-user/.rvm/gems/ruby-2.6.3/gems/rack-2.2.3/lib/rack/tempfile_reaper.rb:15:in `call'[0m
      [36m# /home/ec2-user/.rvm/gems/ruby-2.6.3/gems/rack-2.2.3/lib/rack/etag.rb:27:in `call'[0m
      [36m# /home/ec2-user/.rvm/gems/ruby-2.6.3/gems/rack-2.2.3/lib/rack/conditional_get.rb:27:in `call'[0m
      [36m# /home/ec2-user/.rvm/gems/ruby-2.6.3/gems/rack-2.2.3/lib/rack/head.rb:12:in `call'[0m
      [36m# /home/ec2-user/.rvm/gems/ruby-2.6.3/gems/rack-2.2.3/lib/rack/session/abstract/id.rb:266:in `context'[0m
      [36m# /home/ec2-user/.rvm/gems/ruby-2.6.3/gems/rack-2.2.3/lib/rack/session/abstract/id.rb:260:in `call'[0m
      [36m# /home/ec2-user/.rvm/gems/ruby-2.6.3/gems/railties-6.1.4/lib/rails/rack/logger.rb:37:in `call_app'[0m
      [36m# /home/ec2-user/.rvm/gems/ruby-2.6.3/gems/railties-6.1.4/lib/rails/rack/logger.rb:26:in `block in call'[0m
      [36m# /home/ec2-user/.rvm/gems/ruby-2.6.3/gems/railties-6.1.4/lib/rails/rack/logger.rb:26:in `call'[0m
      [36m# /home/ec2-user/.rvm/gems/ruby-2.6.3/gems/rack-2.2.3/lib/rack/method_override.rb:24:in `call'[0m
      [36m# /home/ec2-user/.rvm/gems/ruby-2.6.3/gems/rack-2.2.3/lib/rack/runtime.rb:22:in `call'[0m
      [36m# /home/ec2-user/.rvm/gems/ruby-2.6.3/gems/rack-2.2.3/lib/rack/sendfile.rb:110:in `call'[0m
      [36m# /home/ec2-user/.rvm/gems/ruby-2.6.3/gems/railties-6.1.4/lib/rails/engine.rb:539:in `call'[0m
      [36m# /home/ec2-user/.rvm/gems/ruby-2.6.3/gems/rack-2.2.3/lib/rack/urlmap.rb:74:in `block in call'[0m
      [36m# /home/ec2-user/.rvm/gems/ruby-2.6.3/gems/rack-2.2.3/lib/rack/urlmap.rb:58:in `each'[0m
      [36m# /home/ec2-user/.rvm/gems/ruby-2.6.3/gems/rack-2.2.3/lib/rack/urlmap.rb:58:in `call'[0m
      [36m# /home/ec2-user/.rvm/gems/ruby-2.6.3/gems/rack-2.2.3/lib/rack/builder.rb:244:in `call'[0m
      [36m# /home/ec2-user/.rvm/gems/ruby-2.6.3/gems/rack-test-1.1.0/lib/rack/mock_session.rb:29:in `request'[0m
      [36m# /home/ec2-user/.rvm/gems/ruby-2.6.3/gems/rack-test-1.1.0/lib/rack/test.rb:266:in `process_request'[0m
      [36m# /home/ec2-user/.rvm/gems/ruby-2.6.3/gems/rack-test-1.1.0/lib/rack/test.rb:129:in `custom_request'[0m
      [36m# /home/ec2-user/.rvm/gems/ruby-2.6.3/gems/rack-test-1.1.0/lib/rack/test.rb:58:in `get'[0m
      [36m# /home/ec2-user/.rvm/gems/ruby-2.6.3/gems/capybara-3.35.3/lib/capybara/rack_test/browser.rb:72:in `process'[0m
      [36m# /home/ec2-user/.rvm/gems/ruby-2.6.3/gems/capybara-3.35.3/lib/capybara/rack_test/browser.rb:56:in `block in process_and_follow_redirects'[0m
      [36m# /home/ec2-user/.rvm/gems/ruby-2.6.3/gems/capybara-3.35.3/lib/capybara/rack_test/browser.rb:51:in `times'[0m
      [36m# /home/ec2-user/.rvm/gems/ruby-2.6.3/gems/capybara-3.35.3/lib/capybara/rack_test/browser.rb:51:in `process_and_follow_redirects'[0m
      [36m# /home/ec2-user/.rvm/gems/ruby-2.6.3/gems/capybara-3.35.3/lib/capybara/rack_test/browser.rb:42:in `follow'[0m
      [36m# /home/ec2-user/.rvm/gems/ruby-2.6.3/gems/capybara-3.35.3/lib/capybara/rack_test/node.rb:246:in `follow_link'[0m
      [36m# /home/ec2-user/.rvm/gems/ruby-2.6.3/gems/capybara-3.35.3/lib/capybara/rack_test/node.rb:72:in `click'[0m
      [36m# /home/ec2-user/.rvm/gems/ruby-2.6.3/gems/capybara-3.35.3/lib/capybara/rack_test/node.rb:137:in `block (2 levels) in <class:Node>'[0m
      [36m# /home/ec2-user/.rvm/gems/ruby-2.6.3/gems/capybara-3.35.3/lib/capybara/node/element.rb:172:in `block in click'[0m
      [36m# /home/ec2-user/.rvm/gems/ruby-2.6.3/gems/capybara-3.35.3/lib/capybara/node/element.rb:597:in `block in perform_click_action'[0m
      [36m# /home/ec2-user/.rvm/gems/ruby-2.6.3/gems/capybara-3.35.3/lib/capybara/node/base.rb:83:in `synchronize'[0m
      [36m# /home/ec2-user/.rvm/gems/ruby-2.6.3/gems/capybara-3.35.3/lib/capybara/node/element.rb:597:in `perform_click_action'[0m
      [36m# /home/ec2-user/.rvm/gems/ruby-2.6.3/gems/capybara-3.35.3/lib/capybara/node/element.rb:171:in `click'[0m
      [36m# /home/ec2-user/.rvm/gems/ruby-2.6.3/gems/capybara-3.35.3/lib/capybara/node/actions.rb:42:in `click_link'[0m
      [36m# /home/ec2-user/.rvm/gems/ruby-2.6.3/gems/capybara-3.35.3/lib/capybara/session.rb:768:in `block (2 levels) in <class:Session>'[0m
      [36m# /home/ec2-user/.rvm/gems/ruby-2.6.3/gems/capybara-3.35.3/lib/capybara/dsl.rb:58:in `block (2 levels) in <module:DSL>'[0m
      [36m# ./spec/system/01_before_login_spec.rb:245:in `block (3 levels) in <main>'[0m
      [36m# ------------------[0m
      [36m# --- Caused by: ---[0m
      [36m# SyntaxError:[0m
      [36m#   /home/ec2-user/environment/bookers2-debug/app/views/homes/top.html.erb:13: syntax error, unexpected tSTRING_BEG, expecting do or '{' or '('[0m
      [36m#   ...p', new_user_registration_path', class: "btn btn-success btn...[0m
      [36m#   ...                              ^[0m
      [36m#   /home/ec2-user/environment/bookers2-debug/app/views/homes/top.html.erb:14: syntax error, unexpected '<', expecting ')'[0m
      [36m#           </div>[0m
      [36m#           ^[0m
      [36m#   /home/ec2-user/environment/bookers2-debug/app/views/homes/top.html.erb:15: unknown regexp options - dv[0m
      [36m#   /home/ec2-user/environment/bookers2-debug/app/views/homes/top.html.erb:16: syntax error, unexpected '<'[0m
      [36m#       </div>[0m
      [36m#       ^[0m
      [36m#   /home/ec2-user/environment/bookers2-debug/app/views/homes/top.html.erb:17: unknown regexp options - dv[0m
      [36m#   /home/ec2-user/environment/bookers2-debug/app/views/homes/top.html.erb:18: syntax error, unexpected '<'[0m
      [36m#   </div>[0m
      [36m#   ^[0m
      [36m#   /home/ec2-user/environment/bookers2-debug/app/views/homes/top.html.erb:22: unterminated regexp meets end of file[0m
      [36m#             end[0m
      [36m#                 ^[0m
      [36m#   /home/ec2-user/environment/bookers2-debug/app/views/homes/top.html.erb:22: syntax error, unexpected end-of-input, expecting ')'[0m
      [36m#   ./app/views/homes/top.html.erb:13: syntax error, unexpected tSTRING_BEG, expecting do or '{' or '('[0m

  17) [STEP3] 仕上げのテスト サクセスメッセージのテスト ユーザログアウト成功時
      [31mFailure/Error: <%= link_to 'Sign Up', new_user_registration_path', class: "btn btn-success btn-sm btn-block sign_up" %>[0m
      [31m[0m
      [31mActionView::SyntaxErrorInTemplate:[0m
      [31m  Encountered a syntax error while rendering template: check <div class="container">[0m
      [31m    <div class="row">[0m
      [31m      <div class='mx-auto col-11 col-sm-10 col-lg-8 col-xl-6'>[0m
      [31m        <h1>welcome to <i class="fas fa-book"></i><strong>Bookers</strong>  !!</h1>[0m
      [31m        <p>In  <i class="fas fa-book"></i><strong>Bookers</strong>, </p>[0m
      [31m        <p>you can share and exchange  your opinions , inpressions , and emotions</p>[0m
      [31m        <p> about various books!</p>[0m
      [31m        <div class="btn-wrapper col-10 mx-auto">[0m
      [31m          <div class="row">[0m
      [31m            <%= link_to 'Log in', new_user_session_path, class: "btn btn-info btn-sm btn-block mb-3 sign_in" %>[0m
      [31m          </div>[0m
      [31m          <div class="row">[0m
      [31m            <%= link_to 'Sign Up', new_user_registration_path', class: "btn btn-success btn-sm btn-block sign_up" %>[0m
      [31m          </div>[0m
      [31m        </div>[0m
      [31m      </div>[0m
      [31m    </div>[0m
      [31m  </div>[0m
      [36m# ./app/views/homes/top.html.erb:13: syntax error, unexpected tSTRING_BEG, expecting do or '{' or '('[0m
      [36m# ...p', new_user_registration_path', class: "btn btn-success btn...[0m
      [36m# ...                              ^[0m
      [36m# ./app/views/homes/top.html.erb:14: syntax error, unexpected '<', expecting ')'[0m
      [36m#         </div>[0m
      [36m#         ^[0m
      [36m# ./app/views/homes/top.html.erb:15: unknown regexp options - dv[0m
      [36m# ./app/views/homes/top.html.erb:16: syntax error, unexpected '<'[0m
      [36m#     </div>[0m
      [36m#     ^[0m
      [36m# ./app/views/homes/top.html.erb:17: unknown regexp options - dv[0m
      [36m# ./app/views/homes/top.html.erb:18: syntax error, unexpected '<'[0m
      [36m# </div>[0m
      [36m# ^[0m
      [36m# ./app/views/homes/top.html.erb:22: unterminated regexp meets end of file[0m
      [36m#           end[0m
      [36m#               ^[0m
      [36m# ./app/views/homes/top.html.erb:22: syntax error, unexpected end-of-input, expecting ')'[0m
      [36m# ./app/views/homes/top.html.erb:13: syntax error, unexpected tSTRING_BEG, expecting do or '{' or '('[0m
      [36m# ...p', new_user_registration_path', class: "btn btn-success btn...[0m
      [36m# ...                              ^[0m
      [36m# ./app/views/homes/top.html.erb:14: syntax error, unexpected '<', expecting ')'[0m
      [36m#         </div>[0m
      [36m#         ^[0m
      [36m# ./app/views/homes/top.html.erb:15: unknown regexp options - dv[0m
      [36m# ./app/views/homes/top.html.erb:16: syntax error, unexpected '<'[0m
      [36m#     </div>[0m
      [36m#     ^[0m
      [36m# ./app/views/homes/top.html.erb:17: unknown regexp options - dv[0m
      [36m# ./app/views/homes/top.html.erb:18: syntax error, unexpected '<'[0m
      [36m# </div>[0m
      [36m# ^[0m
      [36m# ./app/views/homes/top.html.erb:22: unterminated regexp meets end of file[0m
      [36m#           end[0m
      [36m#               ^[0m
      [36m# ./app/views/homes/top.html.erb:22: syntax error, unexpected end-of-input, expecting ')'[0m
      [36m# /home/ec2-user/.rvm/gems/ruby-2.6.3/gems/actiontext-6.1.4/lib/action_text/rendering.rb:20:in `with_renderer'[0m
      [36m# /home/ec2-user/.rvm/gems/ruby-2.6.3/gems/actiontext-6.1.4/lib/action_text/engine.rb:59:in `block (4 levels) in <class:Engine>'[0m
      [36m# /home/ec2-user/.rvm/gems/ruby-2.6.3/gems/warden-1.2.9/lib/warden/manager.rb:36:in `block in call'[0m
      [36m# /home/ec2-user/.rvm/gems/ruby-2.6.3/gems/warden-1.2.9/lib/warden/manager.rb:34:in `catch'[0m
      [36m# /home/ec2-user/.rvm/gems/ruby-2.6.3/gems/warden-1.2.9/lib/warden/manager.rb:34:in `call'[0m
      [36m# /home/ec2-user/.rvm/gems/ruby-2.6.3/gems/rack-2.2.3/lib/rack/tempfile_reaper.rb:15:in `call'[0m
      [36m# /home/ec2-user/.rvm/gems/ruby-2.6.3/gems/rack-2.2.3/lib/rack/etag.rb:27:in `call'[0m
      [36m# /home/ec2-user/.rvm/gems/ruby-2.6.3/gems/rack-2.2.3/lib/rack/conditional_get.rb:27:in `call'[0m
      [36m# /home/ec2-user/.rvm/gems/ruby-2.6.3/gems/rack-2.2.3/lib/rack/head.rb:12:in `call'[0m
      [36m# /home/ec2-user/.rvm/gems/ruby-2.6.3/gems/rack-2.2.3/lib/rack/session/abstract/id.rb:266:in `context'[0m
      [36m# /home/ec2-user/.rvm/gems/ruby-2.6.3/gems/rack-2.2.3/lib/rack/session/abstract/id.rb:260:in `call'[0m
      [36m# /home/ec2-user/.rvm/gems/ruby-2.6.3/gems/railties-6.1.4/lib/rails/rack/logger.rb:37:in `call_app'[0m
      [36m# /home/ec2-user/.rvm/gems/ruby-2.6.3/gems/railties-6.1.4/lib/rails/rack/logger.rb:26:in `block in call'[0m
      [36m# /home/ec2-user/.rvm/gems/ruby-2.6.3/gems/railties-6.1.4/lib/rails/rack/logger.rb:26:in `call'[0m
      [36m# /home/ec2-user/.rvm/gems/ruby-2.6.3/gems/rack-2.2.3/lib/rack/method_override.rb:24:in `call'[0m
      [36m# /home/ec2-user/.rvm/gems/ruby-2.6.3/gems/rack-2.2.3/lib/rack/runtime.rb:22:in `call'[0m
      [36m# /home/ec2-user/.rvm/gems/ruby-2.6.3/gems/rack-2.2.3/lib/rack/sendfile.rb:110:in `call'[0m
      [36m# /home/ec2-user/.rvm/gems/ruby-2.6.3/gems/railties-6.1.4/lib/rails/engine.rb:539:in `call'[0m
      [36m# /home/ec2-user/.rvm/gems/ruby-2.6.3/gems/rack-2.2.3/lib/rack/urlmap.rb:74:in `block in call'[0m
      [36m# /home/ec2-user/.rvm/gems/ruby-2.6.3/gems/rack-2.2.3/lib/rack/urlmap.rb:58:in `each'[0m
      [36m# /home/ec2-user/.rvm/gems/ruby-2.6.3/gems/rack-2.2.3/lib/rack/urlmap.rb:58:in `call'[0m
      [36m# /home/ec2-user/.rvm/gems/ruby-2.6.3/gems/rack-2.2.3/lib/rack/builder.rb:244:in `call'[0m
      [36m# /home/ec2-user/.rvm/gems/ruby-2.6.3/gems/rack-test-1.1.0/lib/rack/mock_session.rb:29:in `request'[0m
      [36m# /home/ec2-user/.rvm/gems/ruby-2.6.3/gems/rack-test-1.1.0/lib/rack/test.rb:266:in `process_request'[0m
      [36m# /home/ec2-user/.rvm/gems/ruby-2.6.3/gems/rack-test-1.1.0/lib/rack/test.rb:129:in `custom_request'[0m
      [36m# /home/ec2-user/.rvm/gems/ruby-2.6.3/gems/rack-test-1.1.0/lib/rack/test.rb:58:in `get'[0m
      [36m# /home/ec2-user/.rvm/gems/ruby-2.6.3/gems/capybara-3.35.3/lib/capybara/rack_test/browser.rb:72:in `process'[0m
      [36m# /home/ec2-user/.rvm/gems/ruby-2.6.3/gems/capybara-3.35.3/lib/capybara/rack_test/browser.rb:56:in `block in process_and_follow_redirects'[0m
      [36m# /home/ec2-user/.rvm/gems/ruby-2.6.3/gems/capybara-3.35.3/lib/capybara/rack_test/browser.rb:51:in `times'[0m
      [36m# /home/ec2-user/.rvm/gems/ruby-2.6.3/gems/capybara-3.35.3/lib/capybara/rack_test/browser.rb:51:in `process_and_follow_redirects'[0m
      [36m# /home/ec2-user/.rvm/gems/ruby-2.6.3/gems/capybara-3.35.3/lib/capybara/rack_test/browser.rb:42:in `follow'[0m
      [36m# /home/ec2-user/.rvm/gems/ruby-2.6.3/gems/capybara-3.35.3/lib/capybara/rack_test/node.rb:246:in `follow_link'[0m
      [36m# /home/ec2-user/.rvm/gems/ruby-2.6.3/gems/capybara-3.35.3/lib/capybara/rack_test/node.rb:72:in `click'[0m
      [36m# /home/ec2-user/.rvm/gems/ruby-2.6.3/gems/capybara-3.35.3/lib/capybara/rack_test/node.rb:137:in `block (2 levels) in <class:Node>'[0m
      [36m# /home/ec2-user/.rvm/gems/ruby-2.6.3/gems/capybara-3.35.3/lib/capybara/node/element.rb:172:in `block in click'[0m
      [36m# /home/ec2-user/.rvm/gems/ruby-2.6.3/gems/capybara-3.35.3/lib/capybara/node/element.rb:597:in `block in perform_click_action'[0m
      [36m# /home/ec2-user/.rvm/gems/ruby-2.6.3/gems/capybara-3.35.3/lib/capybara/node/base.rb:83:in `synchronize'[0m
      [36m# /home/ec2-user/.rvm/gems/ruby-2.6.3/gems/capybara-3.35.3/lib/capybara/node/element.rb:597:in `perform_click_action'[0m
      [36m# /home/ec2-user/.rvm/gems/ruby-2.6.3/gems/capybara-3.35.3/lib/capybara/node/element.rb:171:in `click'[0m
      [36m# /home/ec2-user/.rvm/gems/ruby-2.6.3/gems/capybara-3.35.3/lib/capybara/node/actions.rb:42:in `click_link'[0m
      [36m# /home/ec2-user/.rvm/gems/ruby-2.6.3/gems/capybara-3.35.3/lib/capybara/session.rb:768:in `block (2 levels) in <class:Session>'[0m
      [36m# /home/ec2-user/.rvm/gems/ruby-2.6.3/gems/capybara-3.35.3/lib/capybara/dsl.rb:58:in `block (2 levels) in <module:DSL>'[0m
      [36m# ./spec/system/03_finishing_touches_spec.rb:35:in `block (3 levels) in <main>'[0m
      [36m# ------------------[0m
      [36m# --- Caused by: ---[0m
      [36m# SyntaxError:[0m
      [36m#   /home/ec2-user/environment/bookers2-debug/app/views/homes/top.html.erb:13: syntax error, unexpected tSTRING_BEG, expecting do or '{' or '('[0m
      [36m#   ...p', new_user_registration_path', class: "btn btn-success btn...[0m
      [36m#   ...                              ^[0m
      [36m#   /home/ec2-user/environment/bookers2-debug/app/views/homes/top.html.erb:14: syntax error, unexpected '<', expecting ')'[0m
      [36m#           </div>[0m
      [36m#           ^[0m
      [36m#   /home/ec2-user/environment/bookers2-debug/app/views/homes/top.html.erb:15: unknown regexp options - dv[0m
      [36m#   /home/ec2-user/environment/bookers2-debug/app/views/homes/top.html.erb:16: syntax error, unexpected '<'[0m
      [36m#       </div>[0m
      [36m#       ^[0m
      [36m#   /home/ec2-user/environment/bookers2-debug/app/views/homes/top.html.erb:17: unknown regexp options - dv[0m
      [36m#   /home/ec2-user/environment/bookers2-debug/app/views/homes/top.html.erb:18: syntax error, unexpected '<'[0m
      [36m#   </div>[0m
      [36m#   ^[0m
      [36m#   /home/ec2-user/environment/bookers2-debug/app/views/homes/top.html.erb:22: unterminated regexp meets end of file[0m
      [36m#             end[0m
      [36m#                 ^[0m
      [36m#   /home/ec2-user/environment/bookers2-debug/app/views/homes/top.html.erb:22: syntax error, unexpected end-of-input, expecting ')'[0m
      [36m#   ./app/views/homes/top.html.erb:13: syntax error, unexpected tSTRING_BEG, expecting do or '{' or '('[0m

  18) [STEP3] 仕上げのテスト アイコンのテスト トップ画面 本のアイコンが表示される
      [31mFailure/Error: <%= link_to 'Sign Up', new_user_registration_path', class: "btn btn-success btn-sm btn-block sign_up" %>[0m
      [31m[0m
      [31mActionView::SyntaxErrorInTemplate:[0m
      [31m  Encountered a syntax error while rendering template: check <div class="container">[0m
      [31m    <div class="row">[0m
      [31m      <div class='mx-auto col-11 col-sm-10 col-lg-8 col-xl-6'>[0m
      [31m        <h1>welcome to <i class="fas fa-book"></i><strong>Bookers</strong>  !!</h1>[0m
      [31m        <p>In  <i class="fas fa-book"></i><strong>Bookers</strong>, </p>[0m
      [31m        <p>you can share and exchange  your opinions , inpressions , and emotions</p>[0m
      [31m        <p> about various books!</p>[0m
      [31m        <div class="btn-wrapper col-10 mx-auto">[0m
      [31m          <div class="row">[0m
      [31m            <%= link_to 'Log in', new_user_session_path, class: "btn btn-info btn-sm btn-block mb-3 sign_in" %>[0m
      [31m          </div>[0m
      [31m          <div class="row">[0m
      [31m            <%= link_to 'Sign Up', new_user_registration_path', class: "btn btn-success btn-sm btn-block sign_up" %>[0m
      [31m          </div>[0m
      [31m        </div>[0m
      [31m      </div>[0m
      [31m    </div>[0m
      [31m  </div>[0m
      [36m# ./app/views/homes/top.html.erb:13: syntax error, unexpected tSTRING_BEG, expecting do or '{' or '('[0m
      [36m# ...p', new_user_registration_path', class: "btn btn-success btn...[0m
      [36m# ...                              ^[0m
      [36m# ./app/views/homes/top.html.erb:14: syntax error, unexpected '<', expecting ')'[0m
      [36m#         </div>[0m
      [36m#         ^[0m
      [36m# ./app/views/homes/top.html.erb:15: unknown regexp options - dv[0m
      [36m# ./app/views/homes/top.html.erb:16: syntax error, unexpected '<'[0m
      [36m#     </div>[0m
      [36m#     ^[0m
      [36m# ./app/views/homes/top.html.erb:17: unknown regexp options - dv[0m
      [36m# ./app/views/homes/top.html.erb:18: syntax error, unexpected '<'[0m
      [36m# </div>[0m
      [36m# ^[0m
      [36m# ./app/views/homes/top.html.erb:22: unterminated regexp meets end of file[0m
      [36m#           end[0m
      [36m#               ^[0m
      [36m# ./app/views/homes/top.html.erb:22: syntax error, unexpected end-of-input, expecting ')'[0m
      [36m# ./app/views/homes/top.html.erb:13: syntax error, unexpected tSTRING_BEG, expecting do or '{' or '('[0m
      [36m# ...p', new_user_registration_path', class: "btn btn-success btn...[0m
      [36m# ...                              ^[0m
      [36m# ./app/views/homes/top.html.erb:14: syntax error, unexpected '<', expecting ')'[0m
      [36m#         </div>[0m
      [36m#         ^[0m
      [36m# ./app/views/homes/top.html.erb:15: unknown regexp options - dv[0m
      [36m# ./app/views/homes/top.html.erb:16: syntax error, unexpected '<'[0m
      [36m#     </div>[0m
      [36m#     ^[0m
      [36m# ./app/views/homes/top.html.erb:17: unknown regexp options - dv[0m
      [36m# ./app/views/homes/top.html.erb:18: syntax error, unexpected '<'[0m
      [36m# </div>[0m
      [36m# ^[0m
      [36m# ./app/views/homes/top.html.erb:22: unterminated regexp meets end of file[0m
      [36m#           end[0m
      [36m#               ^[0m
      [36m# ./app/views/homes/top.html.erb:22: syntax error, unexpected end-of-input, expecting ')'[0m
      [36m# /home/ec2-user/.rvm/gems/ruby-2.6.3/gems/actiontext-6.1.4/lib/action_text/rendering.rb:20:in `with_renderer'[0m
      [36m# /home/ec2-user/.rvm/gems/ruby-2.6.3/gems/actiontext-6.1.4/lib/action_text/engine.rb:59:in `block (4 levels) in <class:Engine>'[0m
      [36m# /home/ec2-user/.rvm/gems/ruby-2.6.3/gems/warden-1.2.9/lib/warden/manager.rb:36:in `block in call'[0m
      [36m# /home/ec2-user/.rvm/gems/ruby-2.6.3/gems/warden-1.2.9/lib/warden/manager.rb:34:in `catch'[0m
      [36m# /home/ec2-user/.rvm/gems/ruby-2.6.3/gems/warden-1.2.9/lib/warden/manager.rb:34:in `call'[0m
      [36m# /home/ec2-user/.rvm/gems/ruby-2.6.3/gems/rack-2.2.3/lib/rack/tempfile_reaper.rb:15:in `call'[0m
      [36m# /home/ec2-user/.rvm/gems/ruby-2.6.3/gems/rack-2.2.3/lib/rack/etag.rb:27:in `call'[0m
      [36m# /home/ec2-user/.rvm/gems/ruby-2.6.3/gems/rack-2.2.3/lib/rack/conditional_get.rb:27:in `call'[0m
      [36m# /home/ec2-user/.rvm/gems/ruby-2.6.3/gems/rack-2.2.3/lib/rack/head.rb:12:in `call'[0m
      [36m# /home/ec2-user/.rvm/gems/ruby-2.6.3/gems/rack-2.2.3/lib/rack/session/abstract/id.rb:266:in `context'[0m
      [36m# /home/ec2-user/.rvm/gems/ruby-2.6.3/gems/rack-2.2.3/lib/rack/session/abstract/id.rb:260:in `call'[0m
      [36m# /home/ec2-user/.rvm/gems/ruby-2.6.3/gems/railties-6.1.4/lib/rails/rack/logger.rb:37:in `call_app'[0m
      [36m# /home/ec2-user/.rvm/gems/ruby-2.6.3/gems/railties-6.1.4/lib/rails/rack/logger.rb:26:in `block in call'[0m
      [36m# /home/ec2-user/.rvm/gems/ruby-2.6.3/gems/railties-6.1.4/lib/rails/rack/logger.rb:26:in `call'[0m
      [36m# /home/ec2-user/.rvm/gems/ruby-2.6.3/gems/rack-2.2.3/lib/rack/method_override.rb:24:in `call'[0m
      [36m# /home/ec2-user/.rvm/gems/ruby-2.6.3/gems/rack-2.2.3/lib/rack/runtime.rb:22:in `call'[0m
      [36m# /home/ec2-user/.rvm/gems/ruby-2.6.3/gems/rack-2.2.3/lib/rack/sendfile.rb:110:in `call'[0m
      [36m# /home/ec2-user/.rvm/gems/ruby-2.6.3/gems/railties-6.1.4/lib/rails/engine.rb:539:in `call'[0m
      [36m# /home/ec2-user/.rvm/gems/ruby-2.6.3/gems/rack-2.2.3/lib/rack/urlmap.rb:74:in `block in call'[0m
      [36m# /home/ec2-user/.rvm/gems/ruby-2.6.3/gems/rack-2.2.3/lib/rack/urlmap.rb:58:in `each'[0m
      [36m# /home/ec2-user/.rvm/gems/ruby-2.6.3/gems/rack-2.2.3/lib/rack/urlmap.rb:58:in `call'[0m
      [36m# /home/ec2-user/.rvm/gems/ruby-2.6.3/gems/rack-2.2.3/lib/rack/builder.rb:244:in `call'[0m
      [36m# /home/ec2-user/.rvm/gems/ruby-2.6.3/gems/rack-test-1.1.0/lib/rack/mock_session.rb:29:in `request'[0m
      [36m# /home/ec2-user/.rvm/gems/ruby-2.6.3/gems/rack-test-1.1.0/lib/rack/test.rb:266:in `process_request'[0m
      [36m# /home/ec2-user/.rvm/gems/ruby-2.6.3/gems/rack-test-1.1.0/lib/rack/test.rb:129:in `custom_request'[0m
      [36m# /home/ec2-user/.rvm/gems/ruby-2.6.3/gems/rack-test-1.1.0/lib/rack/test.rb:58:in `get'[0m
      [36m# /home/ec2-user/.rvm/gems/ruby-2.6.3/gems/capybara-3.35.3/lib/capybara/rack_test/browser.rb:72:in `process'[0m
      [36m# /home/ec2-user/.rvm/gems/ruby-2.6.3/gems/capybara-3.35.3/lib/capybara/rack_test/browser.rb:47:in `process_and_follow_redirects'[0m
      [36m# /home/ec2-user/.rvm/gems/ruby-2.6.3/gems/capybara-3.35.3/lib/capybara/rack_test/browser.rb:24:in `visit'[0m
      [36m# /home/ec2-user/.rvm/gems/ruby-2.6.3/gems/capybara-3.35.3/lib/capybara/rack_test/driver.rb:46:in `visit'[0m
      [36m# /home/ec2-user/.rvm/gems/ruby-2.6.3/gems/capybara-3.35.3/lib/capybara/session.rb:278:in `visit'[0m
      [36m# /home/ec2-user/.rvm/gems/ruby-2.6.3/gems/capybara-3.35.3/lib/capybara/dsl.rb:58:in `block (2 levels) in <module:DSL>'[0m
      [36m# ./spec/system/03_finishing_touches_spec.rb:354:in `block (4 levels) in <main>'[0m
      [36m# ------------------[0m
      [36m# --- Caused by: ---[0m
      [36m# SyntaxError:[0m
      [36m#   /home/ec2-user/environment/bookers2-debug/app/views/homes/top.html.erb:13: syntax error, unexpected tSTRING_BEG, expecting do or '{' or '('[0m
      [36m#   ...p', new_user_registration_path', class: "btn btn-success btn...[0m
      [36m#   ...                              ^[0m
      [36m#   /home/ec2-user/environment/bookers2-debug/app/views/homes/top.html.erb:14: syntax error, unexpected '<', expecting ')'[0m
      [36m#           </div>[0m
      [36m#           ^[0m
      [36m#   /home/ec2-user/environment/bookers2-debug/app/views/homes/top.html.erb:15: unknown regexp options - dv[0m
      [36m#   /home/ec2-user/environment/bookers2-debug/app/views/homes/top.html.erb:16: syntax error, unexpected '<'[0m
      [36m#       </div>[0m
      [36m#       ^[0m
      [36m#   /home/ec2-user/environment/bookers2-debug/app/views/homes/top.html.erb:17: unknown regexp options - dv[0m
      [36m#   /home/ec2-user/environment/bookers2-debug/app/views/homes/top.html.erb:18: syntax error, unexpected '<'[0m
      [36m#   </div>[0m
      [36m#   ^[0m
      [36m#   /home/ec2-user/environment/bookers2-debug/app/views/homes/top.html.erb:22: unterminated regexp meets end of file[0m
      [36m#             end[0m
      [36m#                 ^[0m
      [36m#   /home/ec2-user/environment/bookers2-debug/app/views/homes/top.html.erb:22: syntax error, unexpected end-of-input, expecting ')'[0m
      [36m#   ./app/views/homes/top.html.erb:13: syntax error, unexpected tSTRING_BEG, expecting do or '{' or '('[0m

  19) [STEP3] 仕上げのテスト アイコンのテスト ヘッダー: ログインしていない場合 Homeリンクのアイコンが表示される
      [31mFailure/Error: <%= link_to 'Sign Up', new_user_registration_path', class: "btn btn-success btn-sm btn-block sign_up" %>[0m
      [31m[0m
      [31mActionView::SyntaxErrorInTemplate:[0m
      [31m  Encountered a syntax error while rendering template: check <div class="container">[0m
      [31m    <div class="row">[0m
      [31m      <div class='mx-auto col-11 col-sm-10 col-lg-8 col-xl-6'>[0m
      [31m        <h1>welcome to <i class="fas fa-book"></i><strong>Bookers</strong>  !!</h1>[0m
      [31m        <p>In  <i class="fas fa-book"></i><strong>Bookers</strong>, </p>[0m
      [31m        <p>you can share and exchange  your opinions , inpressions , and emotions</p>[0m
      [31m        <p> about various books!</p>[0m
      [31m        <div class="btn-wrapper col-10 mx-auto">[0m
      [31m          <div class="row">[0m
      [31m            <%= link_to 'Log in', new_user_session_path, class: "btn btn-info btn-sm btn-block mb-3 sign_in" %>[0m
      [31m          </div>[0m
      [31m          <div class="row">[0m
      [31m            <%= link_to 'Sign Up', new_user_registration_path', class: "btn btn-success btn-sm btn-block sign_up" %>[0m
      [31m          </div>[0m
      [31m        </div>[0m
      [31m      </div>[0m
      [31m    </div>[0m
      [31m  </div>[0m
      [36m# ./app/views/homes/top.html.erb:13: syntax error, unexpected tSTRING_BEG, expecting do or '{' or '('[0m
      [36m# ...p', new_user_registration_path', class: "btn btn-success btn...[0m
      [36m# ...                              ^[0m
      [36m# ./app/views/homes/top.html.erb:14: syntax error, unexpected '<', expecting ')'[0m
      [36m#         </div>[0m
      [36m#         ^[0m
      [36m# ./app/views/homes/top.html.erb:15: unknown regexp options - dv[0m
      [36m# ./app/views/homes/top.html.erb:16: syntax error, unexpected '<'[0m
      [36m#     </div>[0m
      [36m#     ^[0m
      [36m# ./app/views/homes/top.html.erb:17: unknown regexp options - dv[0m
      [36m# ./app/views/homes/top.html.erb:18: syntax error, unexpected '<'[0m
      [36m# </div>[0m
      [36m# ^[0m
      [36m# ./app/views/homes/top.html.erb:22: unterminated regexp meets end of file[0m
      [36m#           end[0m
      [36m#               ^[0m
      [36m# ./app/views/homes/top.html.erb:22: syntax error, unexpected end-of-input, expecting ')'[0m
      [36m# ./app/views/homes/top.html.erb:13: syntax error, unexpected tSTRING_BEG, expecting do or '{' or '('[0m
      [36m# ...p', new_user_registration_path', class: "btn btn-success btn...[0m
      [36m# ...                              ^[0m
      [36m# ./app/views/homes/top.html.erb:14: syntax error, unexpected '<', expecting ')'[0m
      [36m#         </div>[0m
      [36m#         ^[0m
      [36m# ./app/views/homes/top.html.erb:15: unknown regexp options - dv[0m
      [36m# ./app/views/homes/top.html.erb:16: syntax error, unexpected '<'[0m
      [36m#     </div>[0m
      [36m#     ^[0m
      [36m# ./app/views/homes/top.html.erb:17: unknown regexp options - dv[0m
      [36m# ./app/views/homes/top.html.erb:18: syntax error, unexpected '<'[0m
      [36m# </div>[0m
      [36m# ^[0m
      [36m# ./app/views/homes/top.html.erb:22: unterminated regexp meets end of file[0m
      [36m#           end[0m
      [36m#               ^[0m
      [36m# ./app/views/homes/top.html.erb:22: syntax error, unexpected end-of-input, expecting ')'[0m
      [36m# /home/ec2-user/.rvm/gems/ruby-2.6.3/gems/actiontext-6.1.4/lib/action_text/rendering.rb:20:in `with_renderer'[0m
      [36m# /home/ec2-user/.rvm/gems/ruby-2.6.3/gems/actiontext-6.1.4/lib/action_text/engine.rb:59:in `block (4 levels) in <class:Engine>'[0m
      [36m# /home/ec2-user/.rvm/gems/ruby-2.6.3/gems/warden-1.2.9/lib/warden/manager.rb:36:in `block in call'[0m
      [36m# /home/ec2-user/.rvm/gems/ruby-2.6.3/gems/warden-1.2.9/lib/warden/manager.rb:34:in `catch'[0m
      [36m# /home/ec2-user/.rvm/gems/ruby-2.6.3/gems/warden-1.2.9/lib/warden/manager.rb:34:in `call'[0m
      [36m# /home/ec2-user/.rvm/gems/ruby-2.6.3/gems/rack-2.2.3/lib/rack/tempfile_reaper.rb:15:in `call'[0m
      [36m# /home/ec2-user/.rvm/gems/ruby-2.6.3/gems/rack-2.2.3/lib/rack/etag.rb:27:in `call'[0m
      [36m# /home/ec2-user/.rvm/gems/ruby-2.6.3/gems/rack-2.2.3/lib/rack/conditional_get.rb:27:in `call'[0m
      [36m# /home/ec2-user/.rvm/gems/ruby-2.6.3/gems/rack-2.2.3/lib/rack/head.rb:12:in `call'[0m
      [36m# /home/ec2-user/.rvm/gems/ruby-2.6.3/gems/rack-2.2.3/lib/rack/session/abstract/id.rb:266:in `context'[0m
      [36m# /home/ec2-user/.rvm/gems/ruby-2.6.3/gems/rack-2.2.3/lib/rack/session/abstract/id.rb:260:in `call'[0m
      [36m# /home/ec2-user/.rvm/gems/ruby-2.6.3/gems/railties-6.1.4/lib/rails/rack/logger.rb:37:in `call_app'[0m
      [36m# /home/ec2-user/.rvm/gems/ruby-2.6.3/gems/railties-6.1.4/lib/rails/rack/logger.rb:26:in `block in call'[0m
      [36m# /home/ec2-user/.rvm/gems/ruby-2.6.3/gems/railties-6.1.4/lib/rails/rack/logger.rb:26:in `call'[0m
      [36m# /home/ec2-user/.rvm/gems/ruby-2.6.3/gems/rack-2.2.3/lib/rack/method_override.rb:24:in `call'[0m
      [36m# /home/ec2-user/.rvm/gems/ruby-2.6.3/gems/rack-2.2.3/lib/rack/runtime.rb:22:in `call'[0m
      [36m# /home/ec2-user/.rvm/gems/ruby-2.6.3/gems/rack-2.2.3/lib/rack/sendfile.rb:110:in `call'[0m
      [36m# /home/ec2-user/.rvm/gems/ruby-2.6.3/gems/railties-6.1.4/lib/rails/engine.rb:539:in `call'[0m
      [36m# /home/ec2-user/.rvm/gems/ruby-2.6.3/gems/rack-2.2.3/lib/rack/urlmap.rb:74:in `block in call'[0m
      [36m# /home/ec2-user/.rvm/gems/ruby-2.6.3/gems/rack-2.2.3/lib/rack/urlmap.rb:58:in `each'[0m
      [36m# /home/ec2-user/.rvm/gems/ruby-2.6.3/gems/rack-2.2.3/lib/rack/urlmap.rb:58:in `call'[0m
      [36m# /home/ec2-user/.rvm/gems/ruby-2.6.3/gems/rack-2.2.3/lib/rack/builder.rb:244:in `call'[0m
      [36m# /home/ec2-user/.rvm/gems/ruby-2.6.3/gems/rack-test-1.1.0/lib/rack/mock_session.rb:29:in `request'[0m
      [36m# /home/ec2-user/.rvm/gems/ruby-2.6.3/gems/rack-test-1.1.0/lib/rack/test.rb:266:in `process_request'[0m
      [36m# /home/ec2-user/.rvm/gems/ruby-2.6.3/gems/rack-test-1.1.0/lib/rack/test.rb:129:in `custom_request'[0m
      [36m# /home/ec2-user/.rvm/gems/ruby-2.6.3/gems/rack-test-1.1.0/lib/rack/test.rb:58:in `get'[0m
      [36m# /home/ec2-user/.rvm/gems/ruby-2.6.3/gems/capybara-3.35.3/lib/capybara/rack_test/browser.rb:72:in `process'[0m
      [36m# /home/ec2-user/.rvm/gems/ruby-2.6.3/gems/capybara-3.35.3/lib/capybara/rack_test/browser.rb:47:in `process_and_follow_redirects'[0m
      [36m# /home/ec2-user/.rvm/gems/ruby-2.6.3/gems/capybara-3.35.3/lib/capybara/rack_test/browser.rb:24:in `visit'[0m
      [36m# /home/ec2-user/.rvm/gems/ruby-2.6.3/gems/capybara-3.35.3/lib/capybara/rack_test/driver.rb:46:in `visit'[0m
      [36m# /home/ec2-user/.rvm/gems/ruby-2.6.3/gems/capybara-3.35.3/lib/capybara/session.rb:278:in `visit'[0m
      [36m# /home/ec2-user/.rvm/gems/ruby-2.6.3/gems/capybara-3.35.3/lib/capybara/dsl.rb:58:in `block (2 levels) in <module:DSL>'[0m
      [36m# ./spec/system/03_finishing_touches_spec.rb:378:in `block (4 levels) in <main>'[0m
      [36m# ------------------[0m
      [36m# --- Caused by: ---[0m
      [36m# SyntaxError:[0m
      [36m#   /home/ec2-user/environment/bookers2-debug/app/views/homes/top.html.erb:13: syntax error, unexpected tSTRING_BEG, expecting do or '{' or '('[0m
      [36m#   ...p', new_user_registration_path', class: "btn btn-success btn...[0m
      [36m#   ...                              ^[0m
      [36m#   /home/ec2-user/environment/bookers2-debug/app/views/homes/top.html.erb:14: syntax error, unexpected '<', expecting ')'[0m
      [36m#           </div>[0m
      [36m#           ^[0m
      [36m#   /home/ec2-user/environment/bookers2-debug/app/views/homes/top.html.erb:15: unknown regexp options - dv[0m
      [36m#   /home/ec2-user/environment/bookers2-debug/app/views/homes/top.html.erb:16: syntax error, unexpected '<'[0m
      [36m#       </div>[0m
      [36m#       ^[0m
      [36m#   /home/ec2-user/environment/bookers2-debug/app/views/homes/top.html.erb:17: unknown regexp options - dv[0m
      [36m#   /home/ec2-user/environment/bookers2-debug/app/views/homes/top.html.erb:18: syntax error, unexpected '<'[0m
      [36m#   </div>[0m
      [36m#   ^[0m
      [36m#   /home/ec2-user/environment/bookers2-debug/app/views/homes/top.html.erb:22: unterminated regexp meets end of file[0m
      [36m#             end[0m
      [36m#                 ^[0m
      [36m#   /home/ec2-user/environment/bookers2-debug/app/views/homes/top.html.erb:22: syntax error, unexpected end-of-input, expecting ')'[0m
      [36m#   ./app/views/homes/top.html.erb:13: syntax error, unexpected tSTRING_BEG, expecting do or '{' or '('[0m

  20) [STEP3] 仕上げのテスト アイコンのテスト ヘッダー: ログインしていない場合 Aboutリンクのアイコンが表示される
      [31mFailure/Error: <%= link_to 'Sign Up', new_user_registration_path', class: "btn btn-success btn-sm btn-block sign_up" %>[0m
      [31m[0m
      [31mActionView::SyntaxErrorInTemplate:[0m
      [31m  Encountered a syntax error while rendering template: check <div class="container">[0m
      [31m    <div class="row">[0m
      [31m      <div class='mx-auto col-11 col-sm-10 col-lg-8 col-xl-6'>[0m
      [31m        <h1>welcome to <i class="fas fa-book"></i><strong>Bookers</strong>  !!</h1>[0m
      [31m        <p>In  <i class="fas fa-book"></i><strong>Bookers</strong>, </p>[0m
      [31m        <p>you can share and exchange  your opinions , inpressions , and emotions</p>[0m
      [31m        <p> about various books!</p>[0m
      [31m        <div class="btn-wrapper col-10 mx-auto">[0m
      [31m          <div class="row">[0m
      [31m            <%= link_to 'Log in', new_user_session_path, class: "btn btn-info btn-sm btn-block mb-3 sign_in" %>[0m
      [31m          </div>[0m
      [31m          <div class="row">[0m
      [31m            <%= link_to 'Sign Up', new_user_registration_path', class: "btn btn-success btn-sm btn-block sign_up" %>[0m
      [31m          </div>[0m
      [31m        </div>[0m
      [31m      </div>[0m
      [31m    </div>[0m
      [31m  </div>[0m
      [36m# ./app/views/homes/top.html.erb:13: syntax error, unexpected tSTRING_BEG, expecting do or '{' or '('[0m
      [36m# ...p', new_user_registration_path', class: "btn btn-success btn...[0m
      [36m# ...                              ^[0m
      [36m# ./app/views/homes/top.html.erb:14: syntax error, unexpected '<', expecting ')'[0m
      [36m#         </div>[0m
      [36m#         ^[0m
      [36m# ./app/views/homes/top.html.erb:15: unknown regexp options - dv[0m
      [36m# ./app/views/homes/top.html.erb:16: syntax error, unexpected '<'[0m
      [36m#     </div>[0m
      [36m#     ^[0m
      [36m# ./app/views/homes/top.html.erb:17: unknown regexp options - dv[0m
      [36m# ./app/views/homes/top.html.erb:18: syntax error, unexpected '<'[0m
      [36m# </div>[0m
      [36m# ^[0m
      [36m# ./app/views/homes/top.html.erb:22: unterminated regexp meets end of file[0m
      [36m#           end[0m
      [36m#               ^[0m
      [36m# ./app/views/homes/top.html.erb:22: syntax error, unexpected end-of-input, expecting ')'[0m
      [36m# ./app/views/homes/top.html.erb:13: syntax error, unexpected tSTRING_BEG, expecting do or '{' or '('[0m
      [36m# ...p', new_user_registration_path', class: "btn btn-success btn...[0m
      [36m# ...                              ^[0m
      [36m# ./app/views/homes/top.html.erb:14: syntax error, unexpected '<', expecting ')'[0m
      [36m#         </div>[0m
      [36m#         ^[0m
      [36m# ./app/views/homes/top.html.erb:15: unknown regexp options - dv[0m
      [36m# ./app/views/homes/top.html.erb:16: syntax error, unexpected '<'[0m
      [36m#     </div>[0m
      [36m#     ^[0m
      [36m# ./app/views/homes/top.html.erb:17: unknown regexp options - dv[0m
      [36m# ./app/views/homes/top.html.erb:18: syntax error, unexpected '<'[0m
      [36m# </div>[0m
      [36m# ^[0m
      [36m# ./app/views/homes/top.html.erb:22: unterminated regexp meets end of file[0m
      [36m#           end[0m
      [36m#               ^[0m
      [36m# ./app/views/homes/top.html.erb:22: syntax error, unexpected end-of-input, expecting ')'[0m
      [36m# /home/ec2-user/.rvm/gems/ruby-2.6.3/gems/actiontext-6.1.4/lib/action_text/rendering.rb:20:in `with_renderer'[0m
      [36m# /home/ec2-user/.rvm/gems/ruby-2.6.3/gems/actiontext-6.1.4/lib/action_text/engine.rb:59:in `block (4 levels) in <class:Engine>'[0m
      [36m# /home/ec2-user/.rvm/gems/ruby-2.6.3/gems/warden-1.2.9/lib/warden/manager.rb:36:in `block in call'[0m
      [36m# /home/ec2-user/.rvm/gems/ruby-2.6.3/gems/warden-1.2.9/lib/warden/manager.rb:34:in `catch'[0m
      [36m# /home/ec2-user/.rvm/gems/ruby-2.6.3/gems/warden-1.2.9/lib/warden/manager.rb:34:in `call'[0m
      [36m# /home/ec2-user/.rvm/gems/ruby-2.6.3/gems/rack-2.2.3/lib/rack/tempfile_reaper.rb:15:in `call'[0m
      [36m# /home/ec2-user/.rvm/gems/ruby-2.6.3/gems/rack-2.2.3/lib/rack/etag.rb:27:in `call'[0m
      [36m# /home/ec2-user/.rvm/gems/ruby-2.6.3/gems/rack-2.2.3/lib/rack/conditional_get.rb:27:in `call'[0m
      [36m# /home/ec2-user/.rvm/gems/ruby-2.6.3/gems/rack-2.2.3/lib/rack/head.rb:12:in `call'[0m
      [36m# /home/ec2-user/.rvm/gems/ruby-2.6.3/gems/rack-2.2.3/lib/rack/session/abstract/id.rb:266:in `context'[0m
      [36m# /home/ec2-user/.rvm/gems/ruby-2.6.3/gems/rack-2.2.3/lib/rack/session/abstract/id.rb:260:in `call'[0m
      [36m# /home/ec2-user/.rvm/gems/ruby-2.6.3/gems/railties-6.1.4/lib/rails/rack/logger.rb:37:in `call_app'[0m
      [36m# /home/ec2-user/.rvm/gems/ruby-2.6.3/gems/railties-6.1.4/lib/rails/rack/logger.rb:26:in `block in call'[0m
      [36m# /home/ec2-user/.rvm/gems/ruby-2.6.3/gems/railties-6.1.4/lib/rails/rack/logger.rb:26:in `call'[0m
      [36m# /home/ec2-user/.rvm/gems/ruby-2.6.3/gems/rack-2.2.3/lib/rack/method_override.rb:24:in `call'[0m
      [36m# /home/ec2-user/.rvm/gems/ruby-2.6.3/gems/rack-2.2.3/lib/rack/runtime.rb:22:in `call'[0m
      [36m# /home/ec2-user/.rvm/gems/ruby-2.6.3/gems/rack-2.2.3/lib/rack/sendfile.rb:110:in `call'[0m
      [36m# /home/ec2-user/.rvm/gems/ruby-2.6.3/gems/railties-6.1.4/lib/rails/engine.rb:539:in `call'[0m
      [36m# /home/ec2-user/.rvm/gems/ruby-2.6.3/gems/rack-2.2.3/lib/rack/urlmap.rb:74:in `block in call'[0m
      [36m# /home/ec2-user/.rvm/gems/ruby-2.6.3/gems/rack-2.2.3/lib/rack/urlmap.rb:58:in `each'[0m
      [36m# /home/ec2-user/.rvm/gems/ruby-2.6.3/gems/rack-2.2.3/lib/rack/urlmap.rb:58:in `call'[0m
      [36m# /home/ec2-user/.rvm/gems/ruby-2.6.3/gems/rack-2.2.3/lib/rack/builder.rb:244:in `call'[0m
      [36m# /home/ec2-user/.rvm/gems/ruby-2.6.3/gems/rack-test-1.1.0/lib/rack/mock_session.rb:29:in `request'[0m
      [36m# /home/ec2-user/.rvm/gems/ruby-2.6.3/gems/rack-test-1.1.0/lib/rack/test.rb:266:in `process_request'[0m
      [36m# /home/ec2-user/.rvm/gems/ruby-2.6.3/gems/rack-test-1.1.0/lib/rack/test.rb:129:in `custom_request'[0m
      [36m# /home/ec2-user/.rvm/gems/ruby-2.6.3/gems/rack-test-1.1.0/lib/rack/test.rb:58:in `get'[0m
      [36m# /home/ec2-user/.rvm/gems/ruby-2.6.3/gems/capybara-3.35.3/lib/capybara/rack_test/browser.rb:72:in `process'[0m
      [36m# /home/ec2-user/.rvm/gems/ruby-2.6.3/gems/capybara-3.35.3/lib/capybara/rack_test/browser.rb:47:in `process_and_follow_redirects'[0m
      [36m# /home/ec2-user/.rvm/gems/ruby-2.6.3/gems/capybara-3.35.3/lib/capybara/rack_test/browser.rb:24:in `visit'[0m
      [36m# /home/ec2-user/.rvm/gems/ruby-2.6.3/gems/capybara-3.35.3/lib/capybara/rack_test/driver.rb:46:in `visit'[0m
      [36m# /home/ec2-user/.rvm/gems/ruby-2.6.3/gems/capybara-3.35.3/lib/capybara/session.rb:278:in `visit'[0m
      [36m# /home/ec2-user/.rvm/gems/ruby-2.6.3/gems/capybara-3.35.3/lib/capybara/dsl.rb:58:in `block (2 levels) in <module:DSL>'[0m
      [36m# ./spec/system/03_finishing_touches_spec.rb:378:in `block (4 levels) in <main>'[0m
      [36m# ------------------[0m
      [36m# --- Caused by: ---[0m
      [36m# SyntaxError:[0m
      [36m#   /home/ec2-user/environment/bookers2-debug/app/views/homes/top.html.erb:13: syntax error, unexpected tSTRING_BEG, expecting do or '{' or '('[0m
      [36m#   ...p', new_user_registration_path', class: "btn btn-success btn...[0m
      [36m#   ...                              ^[0m
      [36m#   /home/ec2-user/environment/bookers2-debug/app/views/homes/top.html.erb:14: syntax error, unexpected '<', expecting ')'[0m
      [36m#           </div>[0m
      [36m#           ^[0m
      [36m#   /home/ec2-user/environment/bookers2-debug/app/views/homes/top.html.erb:15: unknown regexp options - dv[0m
      [36m#   /home/ec2-user/environment/bookers2-debug/app/views/homes/top.html.erb:16: syntax error, unexpected '<'[0m
      [36m#       </div>[0m
      [36m#       ^[0m
      [36m#   /home/ec2-user/environment/bookers2-debug/app/views/homes/top.html.erb:17: unknown regexp options - dv[0m
      [36m#   /home/ec2-user/environment/bookers2-debug/app/views/homes/top.html.erb:18: syntax error, unexpected '<'[0m
      [36m#   </div>[0m
      [36m#   ^[0m
      [36m#   /home/ec2-user/environment/bookers2-debug/app/views/homes/top.html.erb:22: unterminated regexp meets end of file[0m
      [36m#             end[0m
      [36m#                 ^[0m
      [36m#   /home/ec2-user/environment/bookers2-debug/app/views/homes/top.html.erb:22: syntax error, unexpected end-of-input, expecting ')'[0m
      [36m#   ./app/views/homes/top.html.erb:13: syntax error, unexpected tSTRING_BEG, expecting do or '{' or '('[0m

  21) [STEP3] 仕上げのテスト アイコンのテスト ヘッダー: ログインしていない場合 sign upリンクのアイコンが表示される
      [31mFailure/Error: <%= link_to 'Sign Up', new_user_registration_path', class: "btn btn-success btn-sm btn-block sign_up" %>[0m
      [31m[0m
      [31mActionView::SyntaxErrorInTemplate:[0m
      [31m  Encountered a syntax error while rendering template: check <div class="container">[0m
      [31m    <div class="row">[0m
      [31m      <div class='mx-auto col-11 col-sm-10 col-lg-8 col-xl-6'>[0m
      [31m        <h1>welcome to <i class="fas fa-book"></i><strong>Bookers</strong>  !!</h1>[0m
      [31m        <p>In  <i class="fas fa-book"></i><strong>Bookers</strong>, </p>[0m
      [31m        <p>you can share and exchange  your opinions , inpressions , and emotions</p>[0m
      [31m        <p> about various books!</p>[0m
      [31m        <div class="btn-wrapper col-10 mx-auto">[0m
      [31m          <div class="row">[0m
      [31m            <%= link_to 'Log in', new_user_session_path, class: "btn btn-info btn-sm btn-block mb-3 sign_in" %>[0m
      [31m          </div>[0m
      [31m          <div class="row">[0m
      [31m            <%= link_to 'Sign Up', new_user_registration_path', class: "btn btn-success btn-sm btn-block sign_up" %>[0m
      [31m          </div>[0m
      [31m        </div>[0m
      [31m      </div>[0m
      [31m    </div>[0m
      [31m  </div>[0m
      [36m# ./app/views/homes/top.html.erb:13: syntax error, unexpected tSTRING_BEG, expecting do or '{' or '('[0m
      [36m# ...p', new_user_registration_path', class: "btn btn-success btn...[0m
      [36m# ...                              ^[0m
      [36m# ./app/views/homes/top.html.erb:14: syntax error, unexpected '<', expecting ')'[0m
      [36m#         </div>[0m
      [36m#         ^[0m
      [36m# ./app/views/homes/top.html.erb:15: unknown regexp options - dv[0m
      [36m# ./app/views/homes/top.html.erb:16: syntax error, unexpected '<'[0m
      [36m#     </div>[0m
      [36m#     ^[0m
      [36m# ./app/views/homes/top.html.erb:17: unknown regexp options - dv[0m
      [36m# ./app/views/homes/top.html.erb:18: syntax error, unexpected '<'[0m
      [36m# </div>[0m
      [36m# ^[0m
      [36m# ./app/views/homes/top.html.erb:22: unterminated regexp meets end of file[0m
      [36m#           end[0m
      [36m#               ^[0m
      [36m# ./app/views/homes/top.html.erb:22: syntax error, unexpected end-of-input, expecting ')'[0m
      [36m# ./app/views/homes/top.html.erb:13: syntax error, unexpected tSTRING_BEG, expecting do or '{' or '('[0m
      [36m# ...p', new_user_registration_path', class: "btn btn-success btn...[0m
      [36m# ...                              ^[0m
      [36m# ./app/views/homes/top.html.erb:14: syntax error, unexpected '<', expecting ')'[0m
      [36m#         </div>[0m
      [36m#         ^[0m
      [36m# ./app/views/homes/top.html.erb:15: unknown regexp options - dv[0m
      [36m# ./app/views/homes/top.html.erb:16: syntax error, unexpected '<'[0m
      [36m#     </div>[0m
      [36m#     ^[0m
      [36m# ./app/views/homes/top.html.erb:17: unknown regexp options - dv[0m
      [36m# ./app/views/homes/top.html.erb:18: syntax error, unexpected '<'[0m
      [36m# </div>[0m
      [36m# ^[0m
      [36m# ./app/views/homes/top.html.erb:22: unterminated regexp meets end of file[0m
      [36m#           end[0m
      [36m#               ^[0m
      [36m# ./app/views/homes/top.html.erb:22: syntax error, unexpected end-of-input, expecting ')'[0m
      [36m# /home/ec2-user/.rvm/gems/ruby-2.6.3/gems/actiontext-6.1.4/lib/action_text/rendering.rb:20:in `with_renderer'[0m
      [36m# /home/ec2-user/.rvm/gems/ruby-2.6.3/gems/actiontext-6.1.4/lib/action_text/engine.rb:59:in `block (4 levels) in <class:Engine>'[0m
      [36m# /home/ec2-user/.rvm/gems/ruby-2.6.3/gems/warden-1.2.9/lib/warden/manager.rb:36:in `block in call'[0m
      [36m# /home/ec2-user/.rvm/gems/ruby-2.6.3/gems/warden-1.2.9/lib/warden/manager.rb:34:in `catch'[0m
      [36m# /home/ec2-user/.rvm/gems/ruby-2.6.3/gems/warden-1.2.9/lib/warden/manager.rb:34:in `call'[0m
      [36m# /home/ec2-user/.rvm/gems/ruby-2.6.3/gems/rack-2.2.3/lib/rack/tempfile_reaper.rb:15:in `call'[0m
      [36m# /home/ec2-user/.rvm/gems/ruby-2.6.3/gems/rack-2.2.3/lib/rack/etag.rb:27:in `call'[0m
      [36m# /home/ec2-user/.rvm/gems/ruby-2.6.3/gems/rack-2.2.3/lib/rack/conditional_get.rb:27:in `call'[0m
      [36m# /home/ec2-user/.rvm/gems/ruby-2.6.3/gems/rack-2.2.3/lib/rack/head.rb:12:in `call'[0m
      [36m# /home/ec2-user/.rvm/gems/ruby-2.6.3/gems/rack-2.2.3/lib/rack/session/abstract/id.rb:266:in `context'[0m
      [36m# /home/ec2-user/.rvm/gems/ruby-2.6.3/gems/rack-2.2.3/lib/rack/session/abstract/id.rb:260:in `call'[0m
      [36m# /home/ec2-user/.rvm/gems/ruby-2.6.3/gems/railties-6.1.4/lib/rails/rack/logger.rb:37:in `call_app'[0m
      [36m# /home/ec2-user/.rvm/gems/ruby-2.6.3/gems/railties-6.1.4/lib/rails/rack/logger.rb:26:in `block in call'[0m
      [36m# /home/ec2-user/.rvm/gems/ruby-2.6.3/gems/railties-6.1.4/lib/rails/rack/logger.rb:26:in `call'[0m
      [36m# /home/ec2-user/.rvm/gems/ruby-2.6.3/gems/rack-2.2.3/lib/rack/method_override.rb:24:in `call'[0m
      [36m# /home/ec2-user/.rvm/gems/ruby-2.6.3/gems/rack-2.2.3/lib/rack/runtime.rb:22:in `call'[0m
      [36m# /home/ec2-user/.rvm/gems/ruby-2.6.3/gems/rack-2.2.3/lib/rack/sendfile.rb:110:in `call'[0m
      [36m# /home/ec2-user/.rvm/gems/ruby-2.6.3/gems/railties-6.1.4/lib/rails/engine.rb:539:in `call'[0m
      [36m# /home/ec2-user/.rvm/gems/ruby-2.6.3/gems/rack-2.2.3/lib/rack/urlmap.rb:74:in `block in call'[0m
      [36m# /home/ec2-user/.rvm/gems/ruby-2.6.3/gems/rack-2.2.3/lib/rack/urlmap.rb:58:in `each'[0m
      [36m# /home/ec2-user/.rvm/gems/ruby-2.6.3/gems/rack-2.2.3/lib/rack/urlmap.rb:58:in `call'[0m
      [36m# /home/ec2-user/.rvm/gems/ruby-2.6.3/gems/rack-2.2.3/lib/rack/builder.rb:244:in `call'[0m
      [36m# /home/ec2-user/.rvm/gems/ruby-2.6.3/gems/rack-test-1.1.0/lib/rack/mock_session.rb:29:in `request'[0m
      [36m# /home/ec2-user/.rvm/gems/ruby-2.6.3/gems/rack-test-1.1.0/lib/rack/test.rb:266:in `process_request'[0m
      [36m# /home/ec2-user/.rvm/gems/ruby-2.6.3/gems/rack-test-1.1.0/lib/rack/test.rb:129:in `custom_request'[0m
      [36m# /home/ec2-user/.rvm/gems/ruby-2.6.3/gems/rack-test-1.1.0/lib/rack/test.rb:58:in `get'[0m
      [36m# /home/ec2-user/.rvm/gems/ruby-2.6.3/gems/capybara-3.35.3/lib/capybara/rack_test/browser.rb:72:in `process'[0m
      [36m# /home/ec2-user/.rvm/gems/ruby-2.6.3/gems/capybara-3.35.3/lib/capybara/rack_test/browser.rb:47:in `process_and_follow_redirects'[0m
      [36m# /home/ec2-user/.rvm/gems/ruby-2.6.3/gems/capybara-3.35.3/lib/capybara/rack_test/browser.rb:24:in `visit'[0m
      [36m# /home/ec2-user/.rvm/gems/ruby-2.6.3/gems/capybara-3.35.3/lib/capybara/rack_test/driver.rb:46:in `visit'[0m
      [36m# /home/ec2-user/.rvm/gems/ruby-2.6.3/gems/capybara-3.35.3/lib/capybara/session.rb:278:in `visit'[0m
      [36m# /home/ec2-user/.rvm/gems/ruby-2.6.3/gems/capybara-3.35.3/lib/capybara/dsl.rb:58:in `block (2 levels) in <module:DSL>'[0m
      [36m# ./spec/system/03_finishing_touches_spec.rb:378:in `block (4 levels) in <main>'[0m
      [36m# ------------------[0m
      [36m# --- Caused by: ---[0m
      [36m# SyntaxError:[0m
      [36m#   /home/ec2-user/environment/bookers2-debug/app/views/homes/top.html.erb:13: syntax error, unexpected tSTRING_BEG, expecting do or '{' or '('[0m
      [36m#   ...p', new_user_registration_path', class: "btn btn-success btn...[0m
      [36m#   ...                              ^[0m
      [36m#   /home/ec2-user/environment/bookers2-debug/app/views/homes/top.html.erb:14: syntax error, unexpected '<', expecting ')'[0m
      [36m#           </div>[0m
      [36m#           ^[0m
      [36m#   /home/ec2-user/environment/bookers2-debug/app/views/homes/top.html.erb:15: unknown regexp options - dv[0m
      [36m#   /home/ec2-user/environment/bookers2-debug/app/views/homes/top.html.erb:16: syntax error, unexpected '<'[0m
      [36m#       </div>[0m
      [36m#       ^[0m
      [36m#   /home/ec2-user/environment/bookers2-debug/app/views/homes/top.html.erb:17: unknown regexp options - dv[0m
      [36m#   /home/ec2-user/environment/bookers2-debug/app/views/homes/top.html.erb:18: syntax error, unexpected '<'[0m
      [36m#   </div>[0m
      [36m#   ^[0m
      [36m#   /home/ec2-user/environment/bookers2-debug/app/views/homes/top.html.erb:22: unterminated regexp meets end of file[0m
      [36m#             end[0m
      [36m#                 ^[0m
      [36m#   /home/ec2-user/environment/bookers2-debug/app/views/homes/top.html.erb:22: syntax error, unexpected end-of-input, expecting ')'[0m
      [36m#   ./app/views/homes/top.html.erb:13: syntax error, unexpected tSTRING_BEG, expecting do or '{' or '('[0m

  22) [STEP3] 仕上げのテスト アイコンのテスト ヘッダー: ログインしていない場合 loginリンクのアイコンが表示される
      [31mFailure/Error: <%= link_to 'Sign Up', new_user_registration_path', class: "btn btn-success btn-sm btn-block sign_up" %>[0m
      [31m[0m
      [31mActionView::SyntaxErrorInTemplate:[0m
      [31m  Encountered a syntax error while rendering template: check <div class="container">[0m
      [31m    <div class="row">[0m
      [31m      <div class='mx-auto col-11 col-sm-10 col-lg-8 col-xl-6'>[0m
      [31m        <h1>welcome to <i class="fas fa-book"></i><strong>Bookers</strong>  !!</h1>[0m
      [31m        <p>In  <i class="fas fa-book"></i><strong>Bookers</strong>, </p>[0m
      [31m        <p>you can share and exchange  your opinions , inpressions , and emotions</p>[0m
      [31m        <p> about various books!</p>[0m
      [31m        <div class="btn-wrapper col-10 mx-auto">[0m
      [31m          <div class="row">[0m
      [31m            <%= link_to 'Log in', new_user_session_path, class: "btn btn-info btn-sm btn-block mb-3 sign_in" %>[0m
      [31m          </div>[0m
      [31m          <div class="row">[0m
      [31m            <%= link_to 'Sign Up', new_user_registration_path', class: "btn btn-success btn-sm btn-block sign_up" %>[0m
      [31m          </div>[0m
      [31m        </div>[0m
      [31m      </div>[0m
      [31m    </div>[0m
      [31m  </div>[0m
      [36m# ./app/views/homes/top.html.erb:13: syntax error, unexpected tSTRING_BEG, expecting do or '{' or '('[0m
      [36m# ...p', new_user_registration_path', class: "btn btn-success btn...[0m
      [36m# ...                              ^[0m
      [36m# ./app/views/homes/top.html.erb:14: syntax error, unexpected '<', expecting ')'[0m
      [36m#         </div>[0m
      [36m#         ^[0m
      [36m# ./app/views/homes/top.html.erb:15: unknown regexp options - dv[0m
      [36m# ./app/views/homes/top.html.erb:16: syntax error, unexpected '<'[0m
      [36m#     </div>[0m
      [36m#     ^[0m
      [36m# ./app/views/homes/top.html.erb:17: unknown regexp options - dv[0m
      [36m# ./app/views/homes/top.html.erb:18: syntax error, unexpected '<'[0m
      [36m# </div>[0m
      [36m# ^[0m
      [36m# ./app/views/homes/top.html.erb:22: unterminated regexp meets end of file[0m
      [36m#           end[0m
      [36m#               ^[0m
      [36m# ./app/views/homes/top.html.erb:22: syntax error, unexpected end-of-input, expecting ')'[0m
      [36m# ./app/views/homes/top.html.erb:13: syntax error, unexpected tSTRING_BEG, expecting do or '{' or '('[0m
      [36m# ...p', new_user_registration_path', class: "btn btn-success btn...[0m
      [36m# ...                              ^[0m
      [36m# ./app/views/homes/top.html.erb:14: syntax error, unexpected '<', expecting ')'[0m
      [36m#         </div>[0m
      [36m#         ^[0m
      [36m# ./app/views/homes/top.html.erb:15: unknown regexp options - dv[0m
      [36m# ./app/views/homes/top.html.erb:16: syntax error, unexpected '<'[0m
      [36m#     </div>[0m
      [36m#     ^[0m
      [36m# ./app/views/homes/top.html.erb:17: unknown regexp options - dv[0m
      [36m# ./app/views/homes/top.html.erb:18: syntax error, unexpected '<'[0m
      [36m# </div>[0m
      [36m# ^[0m
      [36m# ./app/views/homes/top.html.erb:22: unterminated regexp meets end of file[0m
      [36m#           end[0m
      [36m#               ^[0m
      [36m# ./app/views/homes/top.html.erb:22: syntax error, unexpected end-of-input, expecting ')'[0m
      [36m# /home/ec2-user/.rvm/gems/ruby-2.6.3/gems/actiontext-6.1.4/lib/action_text/rendering.rb:20:in `with_renderer'[0m
      [36m# /home/ec2-user/.rvm/gems/ruby-2.6.3/gems/actiontext-6.1.4/lib/action_text/engine.rb:59:in `block (4 levels) in <class:Engine>'[0m
      [36m# /home/ec2-user/.rvm/gems/ruby-2.6.3/gems/warden-1.2.9/lib/warden/manager.rb:36:in `block in call'[0m
      [36m# /home/ec2-user/.rvm/gems/ruby-2.6.3/gems/warden-1.2.9/lib/warden/manager.rb:34:in `catch'[0m
      [36m# /home/ec2-user/.rvm/gems/ruby-2.6.3/gems/warden-1.2.9/lib/warden/manager.rb:34:in `call'[0m
      [36m# /home/ec2-user/.rvm/gems/ruby-2.6.3/gems/rack-2.2.3/lib/rack/tempfile_reaper.rb:15:in `call'[0m
      [36m# /home/ec2-user/.rvm/gems/ruby-2.6.3/gems/rack-2.2.3/lib/rack/etag.rb:27:in `call'[0m
      [36m# /home/ec2-user/.rvm/gems/ruby-2.6.3/gems/rack-2.2.3/lib/rack/conditional_get.rb:27:in `call'[0m
      [36m# /home/ec2-user/.rvm/gems/ruby-2.6.3/gems/rack-2.2.3/lib/rack/head.rb:12:in `call'[0m
      [36m# /home/ec2-user/.rvm/gems/ruby-2.6.3/gems/rack-2.2.3/lib/rack/session/abstract/id.rb:266:in `context'[0m
      [36m# /home/ec2-user/.rvm/gems/ruby-2.6.3/gems/rack-2.2.3/lib/rack/session/abstract/id.rb:260:in `call'[0m
      [36m# /home/ec2-user/.rvm/gems/ruby-2.6.3/gems/railties-6.1.4/lib/rails/rack/logger.rb:37:in `call_app'[0m
      [36m# /home/ec2-user/.rvm/gems/ruby-2.6.3/gems/railties-6.1.4/lib/rails/rack/logger.rb:26:in `block in call'[0m
      [36m# /home/ec2-user/.rvm/gems/ruby-2.6.3/gems/railties-6.1.4/lib/rails/rack/logger.rb:26:in `call'[0m
      [36m# /home/ec2-user/.rvm/gems/ruby-2.6.3/gems/rack-2.2.3/lib/rack/method_override.rb:24:in `call'[0m
      [36m# /home/ec2-user/.rvm/gems/ruby-2.6.3/gems/rack-2.2.3/lib/rack/runtime.rb:22:in `call'[0m
      [36m# /home/ec2-user/.rvm/gems/ruby-2.6.3/gems/rack-2.2.3/lib/rack/sendfile.rb:110:in `call'[0m
      [36m# /home/ec2-user/.rvm/gems/ruby-2.6.3/gems/railties-6.1.4/lib/rails/engine.rb:539:in `call'[0m
      [36m# /home/ec2-user/.rvm/gems/ruby-2.6.3/gems/rack-2.2.3/lib/rack/urlmap.rb:74:in `block in call'[0m
      [36m# /home/ec2-user/.rvm/gems/ruby-2.6.3/gems/rack-2.2.3/lib/rack/urlmap.rb:58:in `each'[0m
      [36m# /home/ec2-user/.rvm/gems/ruby-2.6.3/gems/rack-2.2.3/lib/rack/urlmap.rb:58:in `call'[0m
      [36m# /home/ec2-user/.rvm/gems/ruby-2.6.3/gems/rack-2.2.3/lib/rack/builder.rb:244:in `call'[0m
      [36m# /home/ec2-user/.rvm/gems/ruby-2.6.3/gems/rack-test-1.1.0/lib/rack/mock_session.rb:29:in `request'[0m
      [36m# /home/ec2-user/.rvm/gems/ruby-2.6.3/gems/rack-test-1.1.0/lib/rack/test.rb:266:in `process_request'[0m
      [36m# /home/ec2-user/.rvm/gems/ruby-2.6.3/gems/rack-test-1.1.0/lib/rack/test.rb:129:in `custom_request'[0m
      [36m# /home/ec2-user/.rvm/gems/ruby-2.6.3/gems/rack-test-1.1.0/lib/rack/test.rb:58:in `get'[0m
      [36m# /home/ec2-user/.rvm/gems/ruby-2.6.3/gems/capybara-3.35.3/lib/capybara/rack_test/browser.rb:72:in `process'[0m
      [36m# /home/ec2-user/.rvm/gems/ruby-2.6.3/gems/capybara-3.35.3/lib/capybara/rack_test/browser.rb:47:in `process_and_follow_redirects'[0m
      [36m# /home/ec2-user/.rvm/gems/ruby-2.6.3/gems/capybara-3.35.3/lib/capybara/rack_test/browser.rb:24:in `visit'[0m
      [36m# /home/ec2-user/.rvm/gems/ruby-2.6.3/gems/capybara-3.35.3/lib/capybara/rack_test/driver.rb:46:in `visit'[0m
      [36m# /home/ec2-user/.rvm/gems/ruby-2.6.3/gems/capybara-3.35.3/lib/capybara/session.rb:278:in `visit'[0m
      [36m# /home/ec2-user/.rvm/gems/ruby-2.6.3/gems/capybara-3.35.3/lib/capybara/dsl.rb:58:in `block (2 levels) in <module:DSL>'[0m
      [36m# ./spec/system/03_finishing_touches_spec.rb:378:in `block (4 levels) in <main>'[0m
      [36m# ------------------[0m
      [36m# --- Caused by: ---[0m
      [36m# SyntaxError:[0m
      [36m#   /home/ec2-user/environment/bookers2-debug/app/views/homes/top.html.erb:13: syntax error, unexpected tSTRING_BEG, expecting do or '{' or '('[0m
      [36m#   ...p', new_user_registration_path', class: "btn btn-success btn...[0m
      [36m#   ...                              ^[0m
      [36m#   /home/ec2-user/environment/bookers2-debug/app/views/homes/top.html.erb:14: syntax error, unexpected '<', expecting ')'[0m
      [36m#           </div>[0m
      [36m#           ^[0m
      [36m#   /home/ec2-user/environment/bookers2-debug/app/views/homes/top.html.erb:15: unknown regexp options - dv[0m
      [36m#   /home/ec2-user/environment/bookers2-debug/app/views/homes/top.html.erb:16: syntax error, unexpected '<'[0m
      [36m#       </div>[0m
      [36m#       ^[0m
      [36m#   /home/ec2-user/environment/bookers2-debug/app/views/homes/top.html.erb:17: unknown regexp options - dv[0m
      [36m#   /home/ec2-user/environment/bookers2-debug/app/views/homes/top.html.erb:18: syntax error, unexpected '<'[0m
      [36m#   </div>[0m
      [36m#   ^[0m
      [36m#   /home/ec2-user/environment/bookers2-debug/app/views/homes/top.html.erb:22: unterminated regexp meets end of file[0m
      [36m#             end[0m
      [36m#                 ^[0m
      [36m#   /home/ec2-user/environment/bookers2-debug/app/views/homes/top.html.erb:22: syntax error, unexpected end-of-input, expecting ')'[0m
      [36m#   ./app/views/homes/top.html.erb:13: syntax error, unexpected tSTRING_BEG, expecting do or '{' or '('[0m

Finished in 11.79 seconds (files took 0.99125 seconds to load)
[31m197 examples, 22 failures[0m

Failed examples:

[31mrspec ./spec/system/01_before_login_spec.rb:10[0m [36m# [STEP1] ユーザログイン前のテスト トップ画面のテスト 表示内容の確認 URLが正しい[0m
[31mrspec ./spec/system/01_before_login_spec.rb:13[0m [36m# [STEP1] ユーザログイン前のテスト トップ画面のテスト 表示内容の確認 Log inリンクが表示される: 左上から5番目のリンクが「Log in」である[0m
[31mrspec ./spec/system/01_before_login_spec.rb:17[0m [36m# [STEP1] ユーザログイン前のテスト トップ画面のテスト 表示内容の確認 Log inリンクの内容が正しい[0m
[31mrspec ./spec/system/01_before_login_spec.rb:21[0m [36m# [STEP1] ユーザログイン前のテスト トップ画面のテスト 表示内容の確認 Sign Upリンクが表示される: 左上から6番目のリンクが「Sign Up」である[0m
[31mrspec ./spec/system/01_before_login_spec.rb:25[0m [36m# [STEP1] ユーザログイン前のテスト トップ画面のテスト 表示内容の確認 Sign Upリンクの内容が正しい[0m
[31mrspec ./spec/system/01_before_login_spec.rb:50[0m [36m# [STEP1] ユーザログイン前のテスト ヘッダーのテスト: ログインしていない場合 表示内容の確認 タイトルが表示される[0m
[31mrspec ./spec/system/01_before_login_spec.rb:53[0m [36m# [STEP1] ユーザログイン前のテスト ヘッダーのテスト: ログインしていない場合 表示内容の確認 Homeリンクが表示される: 左上から1番目のリンクが「Home」である[0m
[31mrspec ./spec/system/01_before_login_spec.rb:57[0m [36m# [STEP1] ユーザログイン前のテスト ヘッダーのテスト: ログインしていない場合 表示内容の確認 Aboutリンクが表示される: 左上から2番目のリンクが「About」である[0m
[31mrspec ./spec/system/01_before_login_spec.rb:61[0m [36m# [STEP1] ユーザログイン前のテスト ヘッダーのテスト: ログインしていない場合 表示内容の確認 sign upリンクが表示される: 左上から3番目のリンクが「sign up」である[0m
[31mrspec ./spec/system/01_before_login_spec.rb:65[0m [36m# [STEP1] ユーザログイン前のテスト ヘッダーのテスト: ログインしていない場合 表示内容の確認 loginリンクが表示される: 左上から4番目のリンクが「login」である[0m
[31mrspec ./spec/system/01_before_login_spec.rb:74[0m [36m# [STEP1] ユーザログイン前のテスト ヘッダーのテスト: ログインしていない場合 リンクの内容を確認 Homeを押すと、トップ画面に遷移する[0m
[31mrspec ./spec/system/01_before_login_spec.rb:81[0m [36m# [STEP1] ユーザログイン前のテスト ヘッダーのテスト: ログインしていない場合 リンクの内容を確認 Aboutを押すと、アバウト画面に遷移する[0m
[31mrspec ./spec/system/01_before_login_spec.rb:87[0m [36m# [STEP1] ユーザログイン前のテスト ヘッダーのテスト: ログインしていない場合 リンクの内容を確認 sign upを押すと、新規登録画面に遷移する[0m
[31mrspec ./spec/system/01_before_login_spec.rb:93[0m [36m# [STEP1] ユーザログイン前のテスト ヘッダーのテスト: ログインしていない場合 リンクの内容を確認 loginを押すと、ログイン画面に遷移する[0m
[31mrspec ./spec/system/01_before_login_spec.rb:249[0m [36m# [STEP1] ユーザログイン前のテスト ユーザログアウトのテスト ログアウト機能のテスト 正しくログアウトできている: ログアウト後のリダイレクト先においてAbout画面へのリンクが存在する[0m
[31mrspec ./spec/system/01_before_login_spec.rb:252[0m [36m# [STEP1] ユーザログイン前のテスト ユーザログアウトのテスト ログアウト機能のテスト ログアウト後のリダイレクト先が、トップになっている[0m
[31mrspec ./spec/system/03_finishing_touches_spec.rb:28[0m [36m# [STEP3] 仕上げのテスト サクセスメッセージのテスト ユーザログアウト成功時[0m
[31mrspec ./spec/system/03_finishing_touches_spec.rb:357[0m [36m# [STEP3] 仕上げのテスト アイコンのテスト トップ画面 本のアイコンが表示される[0m
[31mrspec ./spec/system/03_finishing_touches_spec.rb:381[0m [36m# [STEP3] 仕上げのテスト アイコンのテスト ヘッダー: ログインしていない場合 Homeリンクのアイコンが表示される[0m
[31mrspec ./spec/system/03_finishing_touches_spec.rb:384[0m [36m# [STEP3] 仕上げのテスト アイコンのテスト ヘッダー: ログインしていない場合 Aboutリンクのアイコンが表示される[0m
[31mrspec ./spec/system/03_finishing_touches_spec.rb:387[0m [36m# [STEP3] 仕上げのテスト アイコンのテスト ヘッダー: ログインしていない場合 sign upリンクのアイコンが表示される[0m
[31mrspec ./spec/system/03_finishing_touches_spec.rb:390[0m [36m# [STEP3] 仕上げのテスト アイコンのテスト ヘッダー: ログインしていない場合 loginリンクのアイコンが表示される[0m

